Change Net Name : Old Net Name=DIN0_19 New Net Name=DIN0
Change Net Name : Old Net Name=DIN1_19 New Net Name=DIN1
Change Net Name : Old Net Name=DIN2_19 New Net Name=DIN2
Change Net Name : Old Net Name=DIN3_19 New Net Name=DIN3
Change Net Name : Old Net Name=DIN4_19 New Net Name=DIN4
Change Net Name : Old Net Name=DIN5_19 New Net Name=DIN5
Change Net Name : Old Net Name=DIN6_19 New Net Name=DIN6
Change Net Name : Old Net Name=DIN7_19 New Net Name=DIN7
Change Net Name : Old Net Name=IRLIN0_15 New Net Name=IRLIN0
Change Net Name : Old Net Name=IRLIN1_15 New Net Name=IRLIN1
Change Net Name : Old Net Name=IRLIN2_15 New Net Name=IRLIN2
Change Net Name : Old Net Name=IRLIN3_15 New Net Name=IRLIN3
Change Net Name : Old Net Name=IRLIN4_15 New Net Name=IRLIN4
Change Net Name : Old Net Name=IRLIN5_15 New Net Name=IRLIN5
Change Net Name : Old Net Name=IRLIN6_15 New Net Name=IRLIN6
Change Net Name : Old Net Name=IRLIN7_15 New Net Name=IRLIN7
Change Net Name : Old Net Name=NRST_14 New Net Name=NRST
Change Net Name : Old Net Name=OUTA New Net Name=IROUTA
Change Net Name : Old Net Name=OUTB New Net Name=IROUTB
Change Net Name : Old Net Name=OUTC New Net Name=IROUTC
Change Net Name : Old Net Name=OUTD New Net Name=IROUTD
Change Net Name : Old Net Name=OUTE New Net Name=IROUTE
Change Net Name : Old Net Name=OUTF New Net Name=IROUTF
Change Net Name : Old Net Name=OUTG New Net Name=IROUTG
Change Net Name : Old Net Name=OUTH New Net Name=IROUTH
Change Net Name : Old Net Name=PB0_13 New Net Name=PB0
Change Net Name : Old Net Name=PB1_13 New Net Name=PB1
Change Net Name : Old Net Name=PB2_13 New Net Name=PB2
Change Net Name : Old Net Name=PB3_13 New Net Name=PB3
Change Net Name : Old Net Name=PB4_13 New Net Name=PB4
Change Net Name : Old Net Name=PUB0_14 New Net Name=PUB0
Change Net Name : Old Net Name=PUB1_14 New Net Name=PUB1
Change Net Name : Old Net Name=PUB2_14 New Net Name=PUB2
Change Net Name : Old Net Name=PUB3_14 New Net Name=PUB3
Change Net Name : Old Net Name=PUB4_14 New Net Name=PUB4
Change Net Name : Old Net Name=SWCLK_14 New Net Name=SWCLK
Change Net Name : Old Net Name=SWDIO_14 New Net Name=SWDIO
