Added Component: Designator=C5A(14-1210)
Added Component: Designator=C5B(14-1210)
Added Component: Designator=C7(14-1210)
Added Component: Designator=C8(2412C+_TANTAL-33u25V)
Added Component: Designator=C9(14-1210)
Added Component: Designator=C15(14-1210)
Added Component: Designator=C16(14-1210)
Added Component: Designator=C17(14-1210)
Added Component: Designator=C18(14-1210)
Added Component: Designator=C20(2412C+_TANTAL-33u25V)
Added Component: Designator=C21(14-1210)
Added Component: Designator=C22(14-1210)
Added Component: Designator=C23A(14-1210)
Added Component: Designator=C23B(14-1210)
Added Component: Designator=C25(14-1210)
Added Component: Designator=C26(14-1210)
Added Component: Designator=C37(14-1210)
Added Component: Designator=C39A(14-1210)
Added Component: Designator=C39B(14-1210)
Added Component: Designator=D1(0606LED BiCOLOR)
Added Component: Designator=D2A(0805LED)
Added Component: Designator=D2B(0805LED)
Added Component: Designator=D2C(0805LED)
Added Component: Designator=D2D(0805LED)
Added Component: Designator=D2E(0805LED)
Added Component: Designator=D2F(0805LED)
Added Component: Designator=D2G(0805LED)
Added Component: Designator=D2H(0805LED)
Added Component: Designator=D2I(0805LED)
Added Component: Designator=D7(0805LED)
Added Component: Designator=D8(0805LED)
Added Component: Designator=D9(0805LED)
Added Component: Designator=K15(Header_Male_2.54 5x2)
Added Component: Designator=K17(Header_Male_2.54 8x2)
Added Component: Designator=Q1A(SOT23-GDS)
Added Component: Designator=Q1B(SOT23-GDS)
Added Component: Designator=Q2A(SOT23-GDS)
Added Component: Designator=Q2B(SOT23-GDS)
Added Component: Designator=R1(0603R-1k)
Added Component: Designator=R2(0603R-1k)
Added Component: Designator=R3A(0603R-1k5)
Added Component: Designator=R3B(0603R-1k5)
Added Component: Designator=R3C(0603R-1k5)
Added Component: Designator=R3D(0603R-1k5)
Added Component: Designator=R3E(0603R-1k5)
Added Component: Designator=R3F(0603R-1k5)
Added Component: Designator=R3G(0603R-1k5)
Added Component: Designator=R3H(0603R-1k5)
Added Component: Designator=R3I(0603R-1k5)
Added Component: Designator=R4(0603R-330K)
Added Component: Designator=R5A(0603R-GENERIC)
Added Component: Designator=R5B(0603R-GENERIC)
Added Component: Designator=R6A(0603R-1k)
Added Component: Designator=R6B(0603R-1k)
Added Component: Designator=R7A(0603R-1k)
Added Component: Designator=R7B(0603R-1k)
Added Component: Designator=R8(0603R-1k5)
Added Component: Designator=R9(0603R-1k5)
Added Component: Designator=R10(0603R-1k5)
Added Component: Designator=R11(0603R-10K)
Added Component: Designator=R12(0603R-10K)
Added Component: Designator=R13(0603R-10K)
Added Component: Designator=R14(0603R-10K)
Added Component: Designator=R15(0603R-10K)
Added Component: Designator=U2A(SO8_N)
Added Component: Designator=U2B(SO8_N)
Added Component: Designator=U3A(SOT-353)
Added Component: Designator=U3B(SOT-353)
Added Component: Designator=U4(QFN-28)
Added Component: Designator=U6(SOT-353)
Added Component: Designator=U7A(SO14)
Added Component: Designator=U7B(SO14)
Added Component: Designator=VR1(SOT223)
Added Component: Designator=VR2(SOT23-5)
Added Component: Designator=Y2(XTAL 6035)
