Added Component: Designator=R1(0603R-1k)
Added Component: Designator=R2(0603R-1k)
Added Component: Designator=R3A(0603R-1k5)
Added Component: Designator=R3B(0603R-1k5)
Added Component: Designator=R3C(0603R-1k5)
Added Component: Designator=R3D(0603R-1k5)
Added Component: Designator=R3E(0603R-1k5)
Added Component: Designator=R3F(0603R-1k5)
Added Component: Designator=R3G(0603R-1k5)
Added Component: Designator=R3H(0603R-1k5)
Added Component: Designator=R3I(0603R-1k5)
Added Component: Designator=R8(0603R-1k5)
Added Component: Designator=R9(0603R-1k5)
Added Component: Designator=R10(0603R-1k5)
Added Pin To Net: NetName=NetD1_K2 Pin=R1-1
Added Pin To Net: NetName=GND Pin=R1-2
Added Pin To Net: NetName=NetD1_K1 Pin=R2-1
Added Pin To Net: NetName=GND Pin=R2-2
Added Pin To Net: NetName=NetD2A_A Pin=R3A-1
Added Pin To Net: NetName=AA Pin=R3A-2
Added Pin To Net: NetName=NetD2B_A Pin=R3B-1
Added Pin To Net: NetName=AB Pin=R3B-2
Added Pin To Net: NetName=NetD2C_A Pin=R3C-1
Added Pin To Net: NetName=AC Pin=R3C-2
Added Pin To Net: NetName=NetD2D_A Pin=R3D-1
Added Pin To Net: NetName=AD Pin=R3D-2
Added Pin To Net: NetName=NetD2E_A Pin=R3E-1
Added Pin To Net: NetName=AE Pin=R3E-2
Added Pin To Net: NetName=NetD2F_A Pin=R3F-1
Added Pin To Net: NetName=AE Pin=R3F-2
Added Pin To Net: NetName=NetD2G_A Pin=R3G-1
Added Pin To Net: NetName=AE Pin=R3G-2
Added Pin To Net: NetName=NetD2H_A Pin=R3H-1
Added Pin To Net: NetName=AE Pin=R3H-2
Added Pin To Net: NetName=NetD2I_A Pin=R3I-1
Added Pin To Net: NetName=AI Pin=R3I-2
Added Pin To Net: NetName=3V3_2 Pin=R8-1
Added Pin To Net: NetName=NetD7_A Pin=R8-2
Added Pin To Net: NetName=3V3_2 Pin=R9-1
Added Pin To Net: NetName=NetD8_A Pin=R9-2
Added Pin To Net: NetName=3V3_2 Pin=R10-1
Added Pin To Net: NetName=NetD9_A Pin=R10-2
Added Member To Class: ClassName=General Overview Member=Component R1 1K
Added Member To Class: ClassName=General Overview Member=Component R2 1K
Added Member To Class: ClassName=RTC Member=Component R3A (R3) 0603R-1K5
Added Member To Class: ClassName=LDA Member=Component R3B (R3) 0603R-1K5
Added Member To Class: ClassName=LDB Member=Component R3C (R3) 0603R-1K5
Added Member To Class: ClassName=LDC Member=Component R3D (R3) 0603R-1K5
Added Member To Class: ClassName=CHRGA Member=Component R3E (R3) 0603R-1K5
Added Member To Class: ClassName=STBYA Member=Component R3F (R3) 0603R-1K5
Added Member To Class: ClassName=CHRGB Member=Component R3G (R3) 0603R-1K5
Added Member To Class: ClassName=STBYB Member=Component R3H (R3) 0603R-1K5
Added Member To Class: ClassName=LDD Member=Component R3I (R3) 0603R-1K5
Added Member To Class: ClassName=UA Member=Component R8 0603R-1K5
Added Member To Class: ClassName=UA Member=Component R9 0603R-1K5
Added Member To Class: ClassName=UA Member=Component R10 0603R-1K5
