Added Component: Designator=C1(0603C-GENERIC)
Added Component: Designator=C2(0603C-GENERIC)
Added Component: Designator=C3(0603C-GENERIC)
Added Component: Designator=C4(0603C-GENERIC)
Added Component: Designator=C5A(14-1210)
Added Component: Designator=C5B(14-1210)
Added Component: Designator=C6(0402C-TBD)
Added Component: Designator=C7(14-1210)
Added Component: Designator=C8(2412C+_TANTAL-33u25V)
Added Component: Designator=C16(14-1210)
Added Component: Designator=C17(14-1210)
Added Component: Designator=C18(14-1210)
Added Component: Designator=C19(0603C-GENERIC)
Added Component: Designator=C20(2412C+_TANTAL-33u25V)
Added Component: Designator=C21(14-1210)
Added Component: Designator=C22(14-1210)
Added Component: Designator=C23A(14-1210)
Added Component: Designator=C23B(14-1210)
Added Component: Designator=C24A(0603C-TBD)
Added Component: Designator=C24B(0603C-TBD)
Added Component: Designator=C25(14-1210)
Added Component: Designator=C26(14-1210)
Added Component: Designator=C32(0603C-TBD)
Added Component: Designator=C33(0402C-TBD)
Added Component: Designator=C34(0402C-TBD)
Added Component: Designator=C35(0402C-TBD)
Added Component: Designator=C36(0402C-TBD)
Added Component: Designator=C37(14-1210)
Added Component: Designator=C38(0603C-TBD)
Added Component: Designator=C39A(14-1210)
Added Component: Designator=C39B(14-1210)
Added Component: Designator=D1(0606LED BiCOLOR)
Added Component: Designator=D2A(0805LED)
Added Component: Designator=D2B(0805LED)
Added Component: Designator=D2C(0805LED)
Added Component: Designator=D2D(0805LED)
Added Component: Designator=D2E(0805LED)
Added Component: Designator=D2F(0805LED)
Added Component: Designator=D2G(0805LED)
Added Component: Designator=D2H(0805LED)
Added Component: Designator=D2I(0805LED)
Added Component: Designator=D3(SMB)
Added Component: Designator=D4(SMB)
Added Component: Designator=D5(SMB)
Added Component: Designator=D6(SMB)
Added Component: Designator=D7(0805LED)
Added Component: Designator=D8(0805LED)
Added Component: Designator=D9(0805LED)
Added Component: Designator=ESD1(ESDSILK)
Added Component: Designator=K1A(HEADER-1X2)
Added Component: Designator=K1B(HEADER-1X2)
Added Component: Designator=K1C(HEADER-1X2)
Added Component: Designator=K1D(HEADER-1X2)
Added Component: Designator=K1E(HEADER-1X2)
Added Component: Designator=K1F(HEADER-1X2)
Added Component: Designator=K1G(HEADER-1X2)
Added Component: Designator=K1H(HEADER-1X2)
Added Component: Designator=K1I(HEADER-1X2)
Added Component: Designator=K2(nRF24L01+_SMD)
Added Component: Designator=K4(ADC-028)
Added Component: Designator=K5(PRKR2-DET)
Added Component: Designator=K6(PRKR2-DET)
Added Component: Designator=K7(ADC-028)
Added Component: Designator=K9(KF235-5.0-6p)
Added Component: Designator=K10A(HEADER-1X2)
Added Component: Designator=K10B(HEADER-1X2)
Added Component: Designator=K11A(PRKR2-DET)
Added Component: Designator=K11B(PRKR2-DET)
Added Component: Designator=K12(USB_F_MINI)
Added Component: Designator=K13(HEADER-1X5)
Added Component: Designator=K14(KF235-5.0-6p)
Added Component: Designator=K15(Header_Male_2.54 5x2)
Added Component: Designator=K16(KF235-5.0-2p)
Added Component: Designator=K17(Header_Male_2.54 8x2)
Added Component: Designator=Q1A(SOT23-GDS)
Added Component: Designator=Q1B(SOT23-GDS)
Added Component: Designator=Q2A(SOT23-GDS)
Added Component: Designator=Q2B(SOT23-GDS)
Added Component: Designator=QF1A(SOT23-GDS)
Added Component: Designator=QF1B(SOT23-GDS)
Added Component: Designator=QF1C(SOT23-GDS)
Added Component: Designator=QF1D(SOT23-GDS)
Added Component: Designator=QF1E(SOT23-GDS)
Added Component: Designator=QF1F(SOT23-GDS)
Added Component: Designator=QF1G(SOT23-GDS)
Added Component: Designator=QF1H(SOT23-GDS)
Added Component: Designator=QT1A(SOT23-BCE)
Added Component: Designator=QT1B(SOT23-BCE)
Added Component: Designator=QT1C(SOT23-BCE)
Added Component: Designator=QT1D(SOT23-BCE)
Added Component: Designator=QT1E(SOT23-BCE)
Added Component: Designator=QT1F(SOT23-BCE)
Added Component: Designator=QT1G(SOT23-BCE)
Added Component: Designator=QT1H(SOT23-BCE)
Added Component: Designator=QT2A(SOT23-BCE)
Added Component: Designator=QT2B(SOT23-BCE)
Added Component: Designator=QT2C(SOT23-BCE)
Added Component: Designator=QT2D(SOT23-BCE)
Added Component: Designator=QT2E(SOT23-BCE)
Added Component: Designator=QT2F(SOT23-BCE)
Added Component: Designator=QT2G(SOT23-BCE)
Added Component: Designator=QT2H(SOT23-BCE)
Added Component: Designator=R1(0603R-1k)
Added Component: Designator=R2(0603R-1k)
Added Component: Designator=R3A(0603R-1k5)
Added Component: Designator=R3B(0603R-1k5)
Added Component: Designator=R3C(0603R-1k5)
Added Component: Designator=R3D(0603R-1k5)
Added Component: Designator=R3E(0603R-1k5)
Added Component: Designator=R3F(0603R-1k5)
Added Component: Designator=R3G(0603R-1k5)
Added Component: Designator=R3H(0603R-1k5)
Added Component: Designator=R3I(0603R-1k5)
Added Component: Designator=R5A(0603R-GENERIC)
Added Component: Designator=R5B(0603R-GENERIC)
Added Component: Designator=R6A(0603R-1k)
Added Component: Designator=R6B(0603R-1k)
Added Component: Designator=R7A(0603R-1k)
Added Component: Designator=R7B(0603R-1k)
Added Component: Designator=R8(0603R-1k5)
Added Component: Designator=R9(0603R-1k5)
Added Component: Designator=R10(0603R-1k5)
Added Component: Designator=R16A(0805R-330)
Added Component: Designator=R16B(0805R-330)
Added Component: Designator=R16C(0805R-330)
Added Component: Designator=R16D(0805R-330)
Added Component: Designator=R16E(0805R-330)
Added Component: Designator=R16F(0805R-330)
Added Component: Designator=R16G(0805R-330)
Added Component: Designator=R16H(0805R-330)
Added Component: Designator=R17A(0805R-220)
Added Component: Designator=R17B(0805R-220)
Added Component: Designator=R17C(0805R-220)
Added Component: Designator=R17D(0805R-220)
Added Component: Designator=R17E(0805R-220)
Added Component: Designator=R17F(0805R-220)
Added Component: Designator=R17G(0805R-220)
Added Component: Designator=R17H(0805R-220)
Added Component: Designator=R18A(0805R-220)
Added Component: Designator=R18B(0805R-220)
Added Component: Designator=R18C(0805R-220)
Added Component: Designator=R18D(0805R-220)
Added Component: Designator=R18E(0805R-220)
Added Component: Designator=R18F(0805R-220)
Added Component: Designator=R18G(0805R-220)
Added Component: Designator=R18H(0805R-220)
Added Component: Designator=R19A(0805R-330)
Added Component: Designator=R19B(0805R-330)
Added Component: Designator=R19C(0805R-330)
Added Component: Designator=R19D(0805R-330)
Added Component: Designator=R19E(0805R-330)
Added Component: Designator=R19F(0805R-330)
Added Component: Designator=R19G(0805R-330)
Added Component: Designator=R19H(0805R-330)
Added Component: Designator=R20A(0805R-1K)
Added Component: Designator=R20B(0805R-1K)
Added Component: Designator=R20C(0805R-1K)
Added Component: Designator=R20D(0805R-1K)
Added Component: Designator=R20E(0805R-1K)
Added Component: Designator=R20F(0805R-1K)
Added Component: Designator=R20G(0805R-1K)
Added Component: Designator=R20H(0805R-1K)
Added Component: Designator=SW6(SW-PB-SMD)
Added Component: Designator=TP1A(TESTPOINT)
Added Component: Designator=TP1B(TESTPOINT)
Added Component: Designator=TP2(TESTPOINT)
Added Component: Designator=TP3(TESTPOINT)
Added Component: Designator=U1A(SO16)
Added Component: Designator=U1B(SO16)
Added Component: Designator=U2A(SO8_N)
Added Component: Designator=U2B(SO8_N)
Added Component: Designator=U3A(SOT-353)
Added Component: Designator=U3B(SOT-353)
Added Component: Designator=U4(QFN-28)
Added Component: Designator=U5(LQFP48_N)
Added Component: Designator=U6(SOT-353)
Added Component: Designator=U7A(SO14)
Added Component: Designator=U7B(SO14)
Added Component: Designator=VR1(SOT223)
Added Component: Designator=VR2(SOT23-5)
Added Component: Designator=VR3(SOT223)
Added Component: Designator=Y1(R38)
Added Component: Designator=Y2(XTAL 6035)
Added Pin To Net: NetName=GND Pin=C1-1
Added Pin To Net: NetName=RTC_IN Pin=C1-2
Added Pin To Net: NetName=GND Pin=C2-1
Added Pin To Net: NetName=RTC_IN_MCU Pin=C2-2
Added Pin To Net: NetName=GND Pin=C3-1
Added Pin To Net: NetName=NetC3_2 Pin=C3-2
Added Pin To Net: NetName=NetC4_1 Pin=C4-1
Added Pin To Net: NetName=GND Pin=C4-2
Added Pin To Net: NetName=GND Pin=C6-1
Added Pin To Net: NetName=3V3 Pin=C6-2
Added Pin To Net: NetName=NetC19_1 Pin=C19-1
Added Pin To Net: NetName=GND Pin=C19-2
Added Pin To Net: NetName=3V3 Pin=C24A-1
Added Pin To Net: NetName=GND Pin=C24A-2
Added Pin To Net: NetName=3V3 Pin=C24B-1
Added Pin To Net: NetName=GND Pin=C24B-2
Added Pin To Net: NetName=NRST_14 Pin=C32-1
Added Pin To Net: NetName=GND Pin=C32-2
Added Pin To Net: NetName=3V3 Pin=C33-1
Added Pin To Net: NetName=GND Pin=C33-2
Added Pin To Net: NetName=3V3 Pin=C34-1
Added Pin To Net: NetName=GND Pin=C34-2
Added Pin To Net: NetName=3V3 Pin=C35-1
Added Pin To Net: NetName=GND Pin=C35-2
Added Pin To Net: NetName=3V3 Pin=C36-1
Added Pin To Net: NetName=GND Pin=C36-2
Added Pin To Net: NetName=3V3 Pin=C38-1
Added Pin To Net: NetName=GND Pin=C38-2
Added Pin To Net: NetName=GND Pin=D3-1
Added Pin To Net: NetName=NetD3_2 Pin=D3-2
Added Pin To Net: NetName=VRAW Pin=D4-1
Added Pin To Net: NetName=NetD4_2 Pin=D4-2
Added Pin To Net: NetName=VBATOUTA Pin=D5-1
Added Pin To Net: NetName=NetD4_2 Pin=D5-2
Added Pin To Net: NetName=VBATOUTB Pin=D6-1
Added Pin To Net: NetName=NetD4_2 Pin=D6-2
Added Pin To Net: NetName=NetQF1A_D Pin=QF1A-D
Added Pin To Net: NetName=NetQF1A_G Pin=QF1A-G
Added Pin To Net: NetName=GND Pin=QF1A-S
Added Pin To Net: NetName=NetQF1B_D Pin=QF1B-D
Added Pin To Net: NetName=NetQF1B_G Pin=QF1B-G
Added Pin To Net: NetName=GND Pin=QF1B-S
Added Pin To Net: NetName=NetQF1C_D Pin=QF1C-D
Added Pin To Net: NetName=NetQF1C_G Pin=QF1C-G
Added Pin To Net: NetName=GND Pin=QF1C-S
Added Pin To Net: NetName=NetQF1D_D Pin=QF1D-D
Added Pin To Net: NetName=NetQF1D_G Pin=QF1D-G
Added Pin To Net: NetName=GND Pin=QF1D-S
Added Pin To Net: NetName=NetQF1E_D Pin=QF1E-D
Added Pin To Net: NetName=NetQF1E_G Pin=QF1E-G
Added Pin To Net: NetName=GND Pin=QF1E-S
Added Pin To Net: NetName=NetQF1F_D Pin=QF1F-D
Added Pin To Net: NetName=NetQF1F_G Pin=QF1F-G
Added Pin To Net: NetName=GND Pin=QF1F-S
Added Pin To Net: NetName=NetQF1G_D Pin=QF1G-D
Added Pin To Net: NetName=NetQF1G_G Pin=QF1G-G
Added Pin To Net: NetName=GND Pin=QF1G-S
Added Pin To Net: NetName=NetQF1H_D Pin=QF1H-D
Added Pin To Net: NetName=NetQF1H_G Pin=QF1H-G
Added Pin To Net: NetName=GND Pin=QF1H-S
Added Pin To Net: NetName=NetQT1A_B Pin=QT1A-B
Added Pin To Net: NetName=NetQF1A_G Pin=QT1A-C
Added Pin To Net: NetName=GND Pin=QT1A-E
Added Pin To Net: NetName=NetQT1B_B Pin=QT1B-B
Added Pin To Net: NetName=NetQF1B_G Pin=QT1B-C
Added Pin To Net: NetName=GND Pin=QT1B-E
Added Pin To Net: NetName=NetQT1C_B Pin=QT1C-B
Added Pin To Net: NetName=NetQF1C_G Pin=QT1C-C
Added Pin To Net: NetName=GND Pin=QT1C-E
Added Pin To Net: NetName=NetQT1D_B Pin=QT1D-B
Added Pin To Net: NetName=NetQF1D_G Pin=QT1D-C
Added Pin To Net: NetName=GND Pin=QT1D-E
Added Pin To Net: NetName=NetQT1E_B Pin=QT1E-B
Added Pin To Net: NetName=NetQF1E_G Pin=QT1E-C
Added Pin To Net: NetName=GND Pin=QT1E-E
Added Pin To Net: NetName=NetQT1F_B Pin=QT1F-B
Added Pin To Net: NetName=NetQF1F_G Pin=QT1F-C
Added Pin To Net: NetName=GND Pin=QT1F-E
Added Pin To Net: NetName=NetQT1G_B Pin=QT1G-B
Added Pin To Net: NetName=NetQF1G_G Pin=QT1G-C
Added Pin To Net: NetName=GND Pin=QT1G-E
Added Pin To Net: NetName=NetQT1H_B Pin=QT1H-B
Added Pin To Net: NetName=NetQF1H_G Pin=QT1H-C
Added Pin To Net: NetName=GND Pin=QT1H-E
Added Pin To Net: NetName=NetQT2A_B Pin=QT2A-B
Added Pin To Net: NetName=SSROUTA Pin=QT2A-C
Added Pin To Net: NetName=GND Pin=QT2A-E
Added Pin To Net: NetName=NetQT2B_B Pin=QT2B-B
Added Pin To Net: NetName=SSROUTB Pin=QT2B-C
Added Pin To Net: NetName=GND Pin=QT2B-E
Added Pin To Net: NetName=NetQT2C_B Pin=QT2C-B
Added Pin To Net: NetName=SSROUTC Pin=QT2C-C
Added Pin To Net: NetName=GND Pin=QT2C-E
Added Pin To Net: NetName=NetQT2D_B Pin=QT2D-B
Added Pin To Net: NetName=SSROUTD Pin=QT2D-C
Added Pin To Net: NetName=GND Pin=QT2D-E
Added Pin To Net: NetName=NetQT2E_B Pin=QT2E-B
Added Pin To Net: NetName=SSROUTE Pin=QT2E-C
Added Pin To Net: NetName=GND Pin=QT2E-E
Added Pin To Net: NetName=NetQT2F_B Pin=QT2F-B
Added Pin To Net: NetName=SSROUTF Pin=QT2F-C
Added Pin To Net: NetName=GND Pin=QT2F-E
Added Pin To Net: NetName=NetQT2G_B Pin=QT2G-B
Added Pin To Net: NetName=SSROUTG Pin=QT2G-C
Added Pin To Net: NetName=GND Pin=QT2G-E
Added Pin To Net: NetName=NetQT2H_B Pin=QT2H-B
Added Pin To Net: NetName=SSROUTH Pin=QT2H-C
Added Pin To Net: NetName=GND Pin=QT2H-E
Added Pin To Net: NetName=NetQ1A_D Pin=TP1A-1
Added Pin To Net: NetName=NetQ1B_D Pin=TP1B-1
Added Pin To Net: NetName=TX Pin=TP2-1
Added Pin To Net: NetName=RX Pin=TP3-1
Added Pin To Net: NetName=IRLIN1 Pin=U1A-1
Added Pin To Net: NetName=IRLIN2 Pin=U1A-2
Added Pin To Net: NetName=IRLIN3 Pin=U1A-3
Added Pin To Net: NetName=IRLIN4 Pin=U1A-4
Added Pin To Net: NetName=IRLIN5 Pin=U1A-5
Added Pin To Net: NetName=IRLIN6 Pin=U1A-6
Added Pin To Net: NetName=IRLIN7 Pin=U1A-7
Added Pin To Net: NetName=GND Pin=U1A-8
Added Pin To Net: NetName=HC595_DINB Pin=U1A-9
Added Pin To Net: NetName=3V3 Pin=U1A-10
Added Pin To Net: NetName=HC595_SCK Pin=U1A-11
Added Pin To Net: NetName=HC595_LATCH Pin=U1A-12
Added Pin To Net: NetName=GND Pin=U1A-13
Added Pin To Net: NetName=DATA Pin=U1A-14
Added Pin To Net: NetName=IRLIN0 Pin=U1A-15
Added Pin To Net: NetName=3V3 Pin=U1A-16
Added Pin To Net: NetName=DIN1 Pin=U1B-1
Added Pin To Net: NetName=DIN2 Pin=U1B-2
Added Pin To Net: NetName=DIN3 Pin=U1B-3
Added Pin To Net: NetName=DIN4 Pin=U1B-4
Added Pin To Net: NetName=DIN5 Pin=U1B-5
Added Pin To Net: NetName=DIN6 Pin=U1B-6
Added Pin To Net: NetName=DIN7 Pin=U1B-7
Added Pin To Net: NetName=GND Pin=U1B-8
Added Pin To Net: NetName=HC595_DOUTB Pin=U1B-9
Added Pin To Net: NetName=3V3 Pin=U1B-10
Added Pin To Net: NetName=HC595_SCK Pin=U1B-11
Added Pin To Net: NetName=HC595_LATCH Pin=U1B-12
Added Pin To Net: NetName=GND Pin=U1B-13
Added Pin To Net: NetName=HC595_DINB Pin=U1B-14
Added Pin To Net: NetName=DIN0 Pin=U1B-15
Added Pin To Net: NetName=3V3 Pin=U1B-16
Added Pin To Net: NetName=3V3 Pin=U5-1
Added Pin To Net: NetName=RTC_LED Pin=U5-2
Added Pin To Net: NetName=RTC_IN_MCU Pin=U5-3
Added Pin To Net: NetName=RTC_IN Pin=U5-4
Added Pin To Net: NetName=CRY_OUT Pin=U5-5
Added Pin To Net: NetName=CRY_IN Pin=U5-6
Added Pin To Net: NetName=NRST_14 Pin=U5-7
Added Pin To Net: NetName=GND Pin=U5-8
Added Pin To Net: NetName=3V3 Pin=U5-9
Added Pin To Net: NetName=OLED_LD Pin=U5-10
Added Pin To Net: NetName=LED Pin=U5-11
Added Pin To Net: NetName=TX Pin=U5-12
Added Pin To Net: NetName=RX Pin=U5-13
Added Pin To Net: NetName=SD_SS Pin=U5-14
Added Pin To Net: NetName=OLED_SCK/SD_SCK Pin=U5-15
Added Pin To Net: NetName=MISO Pin=U5-16
Added Pin To Net: NetName=MOSI Pin=U5-17
Added Pin To Net: NetName=OLED_RST Pin=U5-18
Added Pin To Net: NetName=DC Pin=U5-19
Added Pin To Net: NetName=NRF24L01+_IRQ Pin=U5-20
Added Pin To Net: NetName=NRF24L01+_CE Pin=U5-21
Added Pin To Net: NetName=NRF24L01+_LED Pin=U5-22
Added Pin To Net: NetName=GND Pin=U5-23
Added Pin To Net: NetName=3V3 Pin=U5-24
Added Pin To Net: NetName=NRF24L01+_CSN Pin=U5-25
Added Pin To Net: NetName=NRF24L01+_SCK Pin=U5-26
Added Pin To Net: NetName=NRF24L01+_MISO Pin=U5-27
Added Pin To Net: NetName=NRF24L01+_MOSI Pin=U5-28
Added Pin To Net: NetName=CH1_IN Pin=U5-29
Added Pin To Net: NetName=CH2_IN Pin=U5-30
Added Pin To Net: NetName=PUB4_14 Pin=U5-31
Added Pin To Net: NetName=PUB3_14 Pin=U5-32
Added Pin To Net: NetName=PUB2_14 Pin=U5-33
Added Pin To Net: NetName=SWDIO_14 Pin=U5-34
Added Pin To Net: NetName=PUB1_14 Pin=U5-35
Added Pin To Net: NetName=PUB0_14 Pin=U5-36
Added Pin To Net: NetName=SWCLK_14 Pin=U5-37
Added Pin To Net: NetName=OLED_SS Pin=U5-38
Added Pin To Net: NetName=IR_LED Pin=U5-39
Added Pin To Net: NetName=IR_OSC Pin=U5-40
Added Pin To Net: NetName=DATA Pin=U5-41
Added Pin To Net: NetName=HC595_LATCH Pin=U5-42
Added Pin To Net: NetName=HC595_SCK Pin=U5-43
Added Pin To Net: NetName=GND Pin=U5-44
Added Pin To Net: NetName=LED_GREEN Pin=U5-45
Added Pin To Net: NetName=LED_ORANGE Pin=U5-46
Added Pin To Net: NetName=GND Pin=U5-47
Added Pin To Net: NetName=3V3 Pin=U5-48
Added Pin To Net: NetName=GND Pin=VR3-1
Added Pin To Net: NetName=3V3 Pin=VR3-2
Added Pin To Net: NetName=NetD4_2 Pin=VR3-3
Added Pin To Net: NetName=3V3 Pin=VR3-4
Added Pin To Net: NetName=RTC_IN Pin=Y1-1
Added Pin To Net: NetName=RTC_IN_MCU Pin=Y1-2
Added Member To Class: ClassName=CLK Member=Component C1 6n8
Added Member To Class: ClassName=CLK Member=Component C2 6n8
Added Member To Class: ClassName=CLK Member=Component C3 22pF
Added Member To Class: ClassName=CLK Member=Component C4 22pF
Added Member To Class: ClassName=nRF Member=Component C6 0402
Added Member To Class: ClassName=PS Member=Component C19 10uF
Added Member To Class: ClassName=CH1 Member=Component C24A (C24) 4n7
Added Member To Class: ClassName=CH2 Member=Component C24B (C24) 4n7
Added Member To Class: ClassName=MCU Member=Component C32 0603-100nF
Added Member To Class: ClassName=MCU Member=Component C33 0402
Added Member To Class: ClassName=MCU Member=Component C34 0402
Added Member To Class: ClassName=MCU Member=Component C35 0402
Added Member To Class: ClassName=MCU Member=Component C36 0402
Added Member To Class: ClassName=IRL Member=Component C38 4n7
Added Member To Class: ClassName=PS Member=Component D3 Diode
Added Member To Class: ClassName=PS Member=Component D4 Diode
Added Member To Class: ClassName=PS Member=Component D5 Diode
Added Member To Class: ClassName=PS Member=Component D6 Diode
Added Member To Class: ClassName=General Overview Member=Component ESD1 ESD
Added Member To Class: ClassName=IR0 Member=Component QF1A (QF1) BSS138
Added Member To Class: ClassName=IR1 Member=Component QF1B (QF1) BSS138
Added Member To Class: ClassName=IR2 Member=Component QF1C (QF1) BSS138
Added Member To Class: ClassName=IR3 Member=Component QF1D (QF1) BSS138
Added Member To Class: ClassName=IR4 Member=Component QF1E (QF1) BSS138
Added Member To Class: ClassName=IR5 Member=Component QF1F (QF1) BSS138
Added Member To Class: ClassName=IR6 Member=Component QF1G (QF1) BSS138
Added Member To Class: ClassName=IR7 Member=Component QF1H (QF1) BSS138
Added Member To Class: ClassName=IR0 Member=Component QT1A (QT1) BC847B
Added Member To Class: ClassName=IR1 Member=Component QT1B (QT1) BC847B
Added Member To Class: ClassName=IR2 Member=Component QT1C (QT1) BC847B
Added Member To Class: ClassName=IR3 Member=Component QT1D (QT1) BC847B
Added Member To Class: ClassName=IR4 Member=Component QT1E (QT1) BC847B
Added Member To Class: ClassName=IR5 Member=Component QT1F (QT1) BC847B
Added Member To Class: ClassName=IR6 Member=Component QT1G (QT1) BC847B
Added Member To Class: ClassName=IR7 Member=Component QT1H (QT1) BC847B
Added Member To Class: ClassName=SSR1 Member=Component QT2A (QT2) BC847B
Added Member To Class: ClassName=SSR2 Member=Component QT2B (QT2) BC847B
Added Member To Class: ClassName=SSR3 Member=Component QT2C (QT2) BC847B
Added Member To Class: ClassName=SSR4 Member=Component QT2D (QT2) BC847B
Added Member To Class: ClassName=SSR5 Member=Component QT2E (QT2) BC847B
Added Member To Class: ClassName=SSR6 Member=Component QT2F (QT2) BC847B
Added Member To Class: ClassName=SSR7 Member=Component QT2G (QT2) BC847B
Added Member To Class: ClassName=SSR8 Member=Component QT2H (QT2) BC847B
Added Member To Class: ClassName=CH1 Member=Component TP1A (TP1) TESTPOINT
Added Member To Class: ClassName=CH2 Member=Component TP1B (TP1) TESTPOINT
Added Member To Class: ClassName=UA Member=Component TP2 TESTPOINT
Added Member To Class: ClassName=UA Member=Component TP3 TESTPOINT
Added Member To Class: ClassName=HC1 Member=Component U1A (U1) 74595
Added Member To Class: ClassName=HC2 Member=Component U1B (U1) 74595
Added Member To Class: ClassName=MCU Member=Component U5 STM32F051C8T6
Added Member To Class: ClassName=PS Member=Component VR3 LD1117-SOT223
Added Member To Class: ClassName=CLK Member=Component Y1 XTAL
Added Room: Name=BAT1
Added Room: Name=BAT2
Added Room: Name=CH1
Added Room: Name=CH2
Added Room: Name=CHRG1
Added Room: Name=CHRG2
Added Room: Name=CLK
Added Room: Name=HC1
Added Room: Name=HC2
Added Room: Name=IR0
Added Room: Name=IR1
Added Room: Name=IR2
Added Room: Name=IR3
Added Room: Name=IR4
Added Room: Name=IR5
Added Room: Name=IR6
Added Room: Name=IR7
Added Room: Name=IRL
Added Room: Name=LD1
Added Room: Name=LD2
Added Room: Name=LD3
Added Room: Name=LD4
Added Room: Name=MCU
Added Room: Name=NAND1
Added Room: Name=NAND2
Added Room: Name=nRF
Added Room: Name=PS
Added Room: Name=RTC
Added Room: Name=SSR1
Added Room: Name=SSR2
Added Room: Name=SSR3
Added Room: Name=SSR4
Added Room: Name=SSR5
Added Room: Name=SSR6
Added Room: Name=SSR7
Added Room: Name=SSR8
Added Room: Name=SSR
Added Room: Name=STBY1
Added Room: Name=STBY2
Added Room: Name=UA
Added Room: Name=WS
