Removed Member From Class: ClassName=SSR Member=K15
Change Net Name : Old Net Name=DIN0 New Net Name=DIN0_19
Change Net Name : Old Net Name=DIN1 New Net Name=DIN1_19
Change Net Name : Old Net Name=DIN2 New Net Name=DIN2_19
Change Net Name : Old Net Name=DIN3 New Net Name=DIN3_19
Change Net Name : Old Net Name=DIN4 New Net Name=DIN4_19
Change Net Name : Old Net Name=DIN5 New Net Name=DIN5_19
Change Net Name : Old Net Name=DIN6 New Net Name=DIN6_19
Change Net Name : Old Net Name=DIN7 New Net Name=DIN7_19
Change Net Name : Old Net Name=IRBUFFERED New Net Name=IRBUFFERED_15
Change Net Name : Old Net Name=IRLIN0 New Net Name=IRLIN0_15
Change Net Name : Old Net Name=IRLIN1 New Net Name=IRLIN1_15
Change Net Name : Old Net Name=IRLIN2 New Net Name=IRLIN2_15
Change Net Name : Old Net Name=IRLIN3 New Net Name=IRLIN3_15
Change Net Name : Old Net Name=IRLIN4 New Net Name=IRLIN4_15
Change Net Name : Old Net Name=IRLIN5 New Net Name=IRLIN5_15
Change Net Name : Old Net Name=IRLIN6 New Net Name=IRLIN6_15
Change Net Name : Old Net Name=IRLIN7 New Net Name=IRLIN7_15
Change Net Name : Old Net Name=NetC1_2 New Net Name=RTC_IN
Change Net Name : Old Net Name=NetC2_2 New Net Name=RTC_IN_MCU
Change Net Name : Old Net Name=NetC21_1 New Net Name=AE
Change Net Name : Old Net Name=NetC23A_2 New Net Name=VBATOUTA
Change Net Name : Old Net Name=NetC23B_2 New Net Name=VBATOUTB
Change Net Name : Old Net Name=NetD1_A1 New Net Name=LED_GREEN
Change Net Name : Old Net Name=NetD1_A2 New Net Name=LED_ORANGE
Change Net Name : Old Net Name=NetD2E_K New Net Name=KE
Change Net Name : Old Net Name=NetD2F_K New Net Name=KF
Change Net Name : Old Net Name=NetD2G_K New Net Name=KG
Change Net Name : Old Net Name=NetD2H_K New Net Name=KH
Change Net Name : Old Net Name=NetD7_K New Net Name=TX
Change Net Name : Old Net Name=NetD8_K New Net Name=RX
Change Net Name : Old Net Name=NetK2_3 New Net Name=NRF24L01+_CE
Change Net Name : Old Net Name=NetK2_4 New Net Name=NRF24L01+_CSN
Change Net Name : Old Net Name=NetK2_5 New Net Name=NRF24L01+_SCK
Change Net Name : Old Net Name=NetK2_6 New Net Name=NRF24L01+_MOSI
Change Net Name : Old Net Name=NetK2_7 New Net Name=NRF24L01+_MISO
Change Net Name : Old Net Name=NetK2_8 New Net Name=NRF24L01+_IRQ
Change Net Name : Old Net Name=NetK3_13 New Net Name=OLED_SS
Change Net Name : Old Net Name=NetK3_14 New Net Name=OLED_RST
Change Net Name : Old Net Name=NetK3_15 New Net Name=DC
Change Net Name : Old Net Name=NetK3_18 New Net Name=OLED_SCK/SD_SCK
Change Net Name : Old Net Name=NetK3_19 New Net Name=MOSI
Change Net Name : Old Net Name=NetK8_2 New Net Name=SD_SS
Change Net Name : Old Net Name=NetK8_7 New Net Name=MISO
Change Net Name : Old Net Name=NetK14_1 New Net Name=OUTC
Change Net Name : Old Net Name=NetK14_3 New Net Name=OUTB
Change Net Name : Old Net Name=NetK14_5 New Net Name=OUTA
Change Net Name : Old Net Name=NetK15_1 New Net Name=OUTD
Change Net Name : Old Net Name=NetK15_3 New Net Name=OUTE
Change Net Name : Old Net Name=NetK15_5 New Net Name=OUTF
Change Net Name : Old Net Name=NetK15_7 New Net Name=OUTG
Change Net Name : Old Net Name=NetK15_9 New Net Name=OUTH
Change Net Name : Old Net Name=NetK16_2 New Net Name=SSROUTA
Change Net Name : Old Net Name=NetK17_3 New Net Name=SSROUTB
Change Net Name : Old Net Name=NetK17_5 New Net Name=SSROUTC
Change Net Name : Old Net Name=NetK17_7 New Net Name=SSROUTD
Change Net Name : Old Net Name=NetK17_9 New Net Name=SSROUTE
Change Net Name : Old Net Name=NetK17_11 New Net Name=SSROUTF
Change Net Name : Old Net Name=NetK17_13 New Net Name=SSROUTG
Change Net Name : Old Net Name=NetK17_15 New Net Name=SSROUTH
Change Net Name : Old Net Name=NetR18A_1 New Net Name=AOUTA
Change Net Name : Old Net Name=NetR18B_1 New Net Name=BOUTA
Change Net Name : Old Net Name=NetR18C_1 New Net Name=COUTA
Change Net Name : Old Net Name=NetR18D_1 New Net Name=DOUTA
Change Net Name : Old Net Name=NetR18E_1 New Net Name=AOUTB
Change Net Name : Old Net Name=NetR18F_1 New Net Name=BOUTB
Change Net Name : Old Net Name=NetR18G_1 New Net Name=COUTB
Change Net Name : Old Net Name=NetR18H_1 New Net Name=DOUTB
Change Net Name : Old Net Name=NetU1A_9 New Net Name=HC595_DINB
Change Net Name : Old Net Name=NetU1A_11 New Net Name=HC595_SCK
Change Net Name : Old Net Name=NetU1A_12 New Net Name=HC595_LATCH
Change Net Name : Old Net Name=NetU1A_14 New Net Name=DATA
Change Net Name : Old Net Name=NetU1B_9 New Net Name=HC595_DOUTB
Change Net Name : Old Net Name=NetU3A_2 New Net Name=CH1_IN
Change Net Name : Old Net Name=NetU3B_2 New Net Name=CH2_IN
Change Net Name : Old Net Name=NetU5_5 New Net Name=CRY_OUT
Change Net Name : Old Net Name=NetU5_6 New Net Name=CRY_IN
Change Net Name : Old Net Name=NetU5_40 New Net Name=IR_OSC
Change Net Name : Old Net Name=NRST New Net Name=NRST_14
Change Net Name : Old Net Name=PUB0 New Net Name=PUB0_14
Change Net Name : Old Net Name=PUB1 New Net Name=PUB1_14
Change Net Name : Old Net Name=PUB2 New Net Name=PUB2_14
Change Net Name : Old Net Name=PUB3 New Net Name=PUB3_14
Change Net Name : Old Net Name=PUB4 New Net Name=PUB4_14
Change Net Name : Old Net Name=SWCLK New Net Name=SWCLK_14
Change Net Name : Old Net Name=SWDIO New Net Name=SWDIO_14
Added Pin To Net: NetName=AA Pin=U5-2
Added Net: Name=AA
Added Pin To Net: NetName=AB Pin=U5-39
Added Net: Name=AB
Added Pin To Net: NetName=AC Pin=U5-22
Added Net: Name=AC
Added Pin To Net: NetName=AD Pin=U5-10
Added Net: Name=AD
Added Pin To Net: NetName=AI Pin=U5-11
Added Net: Name=AI
Added Pin To Net: NetName=NetK3_7 Pin=K3-7
Added Net: Name=NetK3_7
Added Pin To Net: NetName=NetK3_16 Pin=K3-16
Added Net: Name=NetK3_16
Added Pin To Net: NetName=NetK3_17 Pin=K3-17
Added Net: Name=NetK3_17
Added Pin To Net: NetName=NetK3_20 Pin=K3-20
Added Net: Name=NetK3_20
Added Pin To Net: NetName=NetK3_21 Pin=K3-21
Added Net: Name=NetK3_21
Added Pin To Net: NetName=NetK3_22 Pin=K3-22
Added Net: Name=NetK3_22
Added Pin To Net: NetName=NetK3_23 Pin=K3-23
Added Net: Name=NetK3_23
Added Pin To Net: NetName=NetK3_24 Pin=K3-24
Added Net: Name=NetK3_24
Added Pin To Net: NetName=NetK3_25 Pin=K3-25
Added Net: Name=NetK3_25
Added Pin To Net: NetName=NetK8_1 Pin=K8-1
Added Net: Name=NetK8_1
Added Pin To Net: NetName=NetK8_8 Pin=K8-8
Added Net: Name=NetK8_8
Added Pin To Net: NetName=NetK12_4 Pin=K12-4
Added Net: Name=NetK12_4
Added Pin To Net: NetName=NetU2A_1 Pin=U2A-1
Added Net: Name=NetU2A_1
Added Pin To Net: NetName=NetU2B_1 Pin=U2B-1
Added Net: Name=NetU2B_1
Added Pin To Net: NetName=NetU4_1 Pin=U4-1
Added Net: Name=NetU4_1
Added Pin To Net: NetName=NetU4_2 Pin=U4-2
Added Net: Name=NetU4_2
Added Pin To Net: NetName=NetU4_9 Pin=U4-9
Added Net: Name=NetU4_9
Added Pin To Net: NetName=NetU4_11 Pin=U4-11
Added Net: Name=NetU4_11
Added Pin To Net: NetName=NetU4_12 Pin=U4-12
Added Net: Name=NetU4_12
Added Pin To Net: NetName=NetU4_23 Pin=U4-23
Added Net: Name=NetU4_23
Added Pin To Net: NetName=NetU4_24 Pin=U4-24
Added Net: Name=NetU4_24
Added Pin To Net: NetName=NetU4_27 Pin=U4-27
Added Net: Name=NetU4_27
Added Pin To Net: NetName=NetU4_28 Pin=U4-28
Added Net: Name=NetU4_28
Added Pin To Net: NetName=PB0_13 Pin=C27-1
Added Pin To Net: NetName=PB0_13 Pin=SW1-1
Added Net: Name=PB0_13
Added Pin To Net: NetName=PB1_13 Pin=C28-1
Added Pin To Net: NetName=PB1_13 Pin=SW2-1
Added Net: Name=PB1_13
Added Pin To Net: NetName=PB2_13 Pin=C29-1
Added Pin To Net: NetName=PB2_13 Pin=SW3-1
Added Net: Name=PB2_13
Added Pin To Net: NetName=PB3_13 Pin=C30-1
Added Pin To Net: NetName=PB3_13 Pin=SW4-1
Added Net: Name=PB3_13
Added Pin To Net: NetName=PB4_13 Pin=C31-1
Added Pin To Net: NetName=PB4_13 Pin=SW5-1
Added Net: Name=PB4_13
Added Pin To Net: NetName=WSOUTA Pin=K9-6
Added Pin To Net: NetName=WSOUTA Pin=K9-6
Added Pin To Net: NetName=WSOUTA Pin=Q2A-D
Added Net: Name=WSOUTA
Added Pin To Net: NetName=WSOUTB Pin=K9-3
Added Pin To Net: NetName=WSOUTB Pin=K9-3
Added Pin To Net: NetName=WSOUTB Pin=Q2B-D
Added Net: Name=WSOUTB
Added Class: Name=CHRGA
Added Class: Name=CHRGB
Added Class: Name=LDA
Added Class: Name=LDB
Added Class: Name=LDC
Added Class: Name=LDD
Added Class: Name=STBYA
Added Class: Name=STBYB
Added Member To Class: ClassName=MCU Member=Component K13 SWD-1X5
Added Member To Class: ClassName=IRL Member=Component K14 Connector_Terminal_THT_KF235-5.0-6p
Added Member To Class: ClassName=SSR Member=Component K16 Connector_Terminal_THT_KF235-5.0-2p
Change Room Name: Old Name=STBY1 New Name=STBYA
Change Room Scope: Old Scope=InComponentClass('STBY1') New Scope=InComponentClass('STBYA')
Change Room Name: Old Name=STBY2 New Name=STBYB
Change Room Scope: Old Scope=InComponentClass('STBY2') New Scope=InComponentClass('STBYB')
Added Room: Name=CHRGA
Added Room: Name=CHRGB
Added Room: Name=LDA
Added Room: Name=LDB
Added Room: Name=LDC
Added Room: Name=LDD
