Removed Pin From Net: NetName=GND Pin=K?-2
Removed Member From Class: ClassName=General Overview Member=C1
Removed Member From Class: ClassName=General Overview Member=D1
Removed Member From Class: ClassName=General Overview Member=K1
Removed Member From Class: ClassName=General Overview Member=K?
Removed Member From Class: ClassName=General Overview Member=VR1
Added Component: Designator=C8(2412C+_TANTAL-33u25V)
Added Component: Designator=C9(2412C+_TANTAL-33u25V)
Added Component: Designator=C10(0603C-GENERIC)
Added Component: Designator=D2_BAT1(0805LED)
Added Component: Designator=D2_BAT2(0805LED)
Added Component: Designator=D3_BAT1(0805LED)
Added Component: Designator=D3_BAT2(0805LED)
Added Component: Designator=D4(SMB)
Added Component: Designator=D5(SMB)
Added Component: Designator=D6(SMB)
Added Component: Designator=K3(PRKR2-DET)
Added Component: Designator=K4_BAT1(HEADER-1X2)
Added Component: Designator=K4_BAT2(HEADER-1X2)
Added Component: Designator=K5_BAT1(HEADER-1X2)
Added Component: Designator=K5_BAT2(HEADER-1X2)
Added Component: Designator=K6_BAT1(HEADER-1X2)
Added Component: Designator=K6_BAT2(HEADER-1X2)
Added Component: Designator=K7_BAT1(HEADER-1X2)
Added Component: Designator=K7_BAT2(HEADER-1X2)
Added Component: Designator=K8(ADC-028)
Added Component: Designator=R1_BAT1(0805R-1K2)
Added Component: Designator=R1_BAT2(0805R-1K2)
Added Component: Designator=U2_BAT1(SO8_N)
Added Component: Designator=U2_BAT2(SO8_N)
Added Component: Designator=VR2(SOT23-5)
Added Pin To Net: NetName=GND Pin=C8-2
Added Pin To Net: NetName=GND Pin=C10-2
Added Pin To Net: NetName=GND Pin=K3-2
Added Pin To Net: NetName=GND Pin=K4_BAT1-1
Added Pin To Net: NetName=GND Pin=K4_BAT2-1
Added Pin To Net: NetName=GND Pin=K8-GND
Added Pin To Net: NetName=GND Pin=K8-GND
Added Pin To Net: NetName=GND Pin=R1_BAT1-2
Added Pin To Net: NetName=GND Pin=R1_BAT2-2
Added Pin To Net: NetName=GND Pin=U2_BAT1-3
Added Pin To Net: NetName=GND Pin=U2_BAT2-3
Added Pin To Net: NetName=GND Pin=VR2-2
Added Pin To Net: NetName=3V3 Pin=VR2-5
Added Pin To Net: NetName=5V0 Pin=D1-2
Added Pin To Net: NetName=5V0 Pin=D4-1
Added Pin To Net: NetName=5V0 Pin=K1-VCC
Added Pin To Net: NetName=5V0 Pin=K1-VCC
Added Pin To Net: NetName=5V0 Pin=K3-1
Added Net: Name=5V0
Added Pin To Net: NetName=NetC8_1 Pin=C8-1
Added Pin To Net: NetName=NetC8_1 Pin=K8-VCC
Added Pin To Net: NetName=NetC8_1 Pin=K8-VCC
Added Pin To Net: NetName=NetC8_1 Pin=U2_BAT1-4
Added Pin To Net: NetName=NetC8_1 Pin=U2_BAT1-8
Added Pin To Net: NetName=NetC8_1 Pin=U2_BAT2-4
Added Pin To Net: NetName=NetC8_1 Pin=U2_BAT2-8
Added Net: Name=NetC8_1
Added Pin To Net: NetName=NetC10_1 Pin=C10-1
Added Pin To Net: NetName=NetC10_1 Pin=VR2-4
Added Net: Name=NetC10_1
Added Pin To Net: NetName=NetD2_BAT1_A Pin=D2_BAT1-A
Added Pin To Net: NetName=NetD2_BAT1_A Pin=K5_BAT1-1
Added Net: Name=NetD2_BAT1_A
Added Pin To Net: NetName=NetD2_BAT1_K Pin=D2_BAT1-K
Added Pin To Net: NetName=NetD2_BAT1_K Pin=K5_BAT1-2
Added Pin To Net: NetName=NetD2_BAT1_K Pin=U2_BAT1-6
Added Net: Name=NetD2_BAT1_K
Added Pin To Net: NetName=NetD2_BAT2_A Pin=D2_BAT2-A
Added Pin To Net: NetName=NetD2_BAT2_A Pin=K5_BAT2-1
Added Net: Name=NetD2_BAT2_A
Added Pin To Net: NetName=NetD2_BAT2_K Pin=D2_BAT2-K
Added Pin To Net: NetName=NetD2_BAT2_K Pin=K5_BAT2-2
Added Pin To Net: NetName=NetD2_BAT2_K Pin=U2_BAT2-6
Added Net: Name=NetD2_BAT2_K
Added Pin To Net: NetName=NetD3_BAT1_A Pin=D3_BAT1-A
Added Pin To Net: NetName=NetD3_BAT1_A Pin=K6_BAT1-2
Added Net: Name=NetD3_BAT1_A
Added Pin To Net: NetName=NetD3_BAT1_K Pin=D3_BAT1-K
Added Pin To Net: NetName=NetD3_BAT1_K Pin=K6_BAT1-1
Added Pin To Net: NetName=NetD3_BAT1_K Pin=U2_BAT1-7
Added Net: Name=NetD3_BAT1_K
Added Pin To Net: NetName=NetD3_BAT2_A Pin=D3_BAT2-A
Added Pin To Net: NetName=NetD3_BAT2_A Pin=K6_BAT2-2
Added Net: Name=NetD3_BAT2_A
Added Pin To Net: NetName=NetD3_BAT2_K Pin=D3_BAT2-K
Added Pin To Net: NetName=NetD3_BAT2_K Pin=K6_BAT2-1
Added Pin To Net: NetName=NetD3_BAT2_K Pin=U2_BAT2-7
Added Net: Name=NetD3_BAT2_K
Added Pin To Net: NetName=NetD4_2 Pin=D4-2
Added Pin To Net: NetName=NetD4_2 Pin=D5-2
Added Pin To Net: NetName=NetD4_2 Pin=D6-2
Added Pin To Net: NetName=NetD4_2 Pin=VR1-3
Added Pin To Net: NetName=NetD4_2 Pin=VR2-1
Added Pin To Net: NetName=NetD4_2 Pin=VR2-3
Added Net: Name=NetD4_2
Added Pin To Net: NetName=NetD5_1 Pin=D5-1
Added Pin To Net: NetName=NetD5_1 Pin=K7_BAT1-1
Added Pin To Net: NetName=NetD5_1 Pin=U2_BAT1-5
Added Net: Name=NetD5_1
Added Pin To Net: NetName=NetD6_1 Pin=D6-1
Added Pin To Net: NetName=NetD6_1 Pin=K7_BAT2-1
Added Pin To Net: NetName=NetD6_1 Pin=U2_BAT2-5
Added Net: Name=NetD6_1
Added Pin To Net: NetName=NetK2_4 Pin=K2-4
Added Pin To Net: NetName=NetK2_4 Pin=U1-7
Added Net: Name=NetK2_4
Added Pin To Net: NetName=NetK4_BAT1_2 Pin=K4_BAT1-2
Added Pin To Net: NetName=NetK4_BAT1_2 Pin=K7_BAT1-2
Added Net: Name=NetK4_BAT1_2
Added Pin To Net: NetName=NetK4_BAT2_2 Pin=K4_BAT2-2
Added Pin To Net: NetName=NetK4_BAT2_2 Pin=K7_BAT2-2
Added Net: Name=NetK4_BAT2_2
Added Pin To Net: NetName=NetR1_BAT1_1 Pin=R1_BAT1-1
Added Pin To Net: NetName=NetR1_BAT1_1 Pin=U2_BAT1-2
Added Net: Name=NetR1_BAT1_1
Added Pin To Net: NetName=NetR1_BAT2_1 Pin=R1_BAT2-1
Added Pin To Net: NetName=NetR1_BAT2_1 Pin=U2_BAT2-2
Added Net: Name=NetR1_BAT2_1
Added Pin To Net: NetName=SWD-NRST Pin=C7-1
Added Pin To Net: NetName=SWD-NRST Pin=SW1-1
Added Net: Name=SWD-NRST
Added Class: Name=BAT1
Added Class: Name=BAT2
Added Class: Name=U_Power supply
Added Class: Name=Batterycharger
Added Member To Class: ClassName=General Overview Member=Component C9 2412 33u25V TANT
Added Member To Class: ClassName=General Overview Member=Component K2 SWD-1X5
Added Member To Class: ClassName=General Overview Member=Component U1 STM32F051C8T6
Added Room: Name=BAT1
Added Room: Name=BAT2
Added Room: Name=U_Power supply
