Change Component Designator: OldDesignator=C18 NewDesignator=C19
Change Component Designator: OldDesignator=C19 NewDesignator=C20
Change Component Designator: OldDesignator=C20 NewDesignator=C21
Change Component Designator: OldDesignator=C21 NewDesignator=C22
Change Component Designator: OldDesignator=C22 NewDesignator=C23
Change Component Designator: OldDesignator=C23A NewDesignator=C24A
Change Component Designator: OldDesignator=C23B NewDesignator=C24B
Change Component Designator: OldDesignator=C24A NewDesignator=C25A
Change Component Designator: OldDesignator=C24B NewDesignator=C25B
Change Component Designator: OldDesignator=C25 NewDesignator=C26
Change Component Designator: OldDesignator=C26 NewDesignator=C27
Change Component Designator: OldDesignator=C27 NewDesignator=C28
Change Component Designator: OldDesignator=C28 NewDesignator=C29
Change Component Designator: OldDesignator=C29 NewDesignator=C30
Change Component Designator: OldDesignator=C30 NewDesignator=C31
Change Component Designator: OldDesignator=C31 NewDesignator=C32
Change Component Designator: OldDesignator=C32 NewDesignator=C33
Change Component Designator: OldDesignator=C33 NewDesignator=C34
Change Component Designator: OldDesignator=C34 NewDesignator=C35
Change Component Designator: OldDesignator=C35 NewDesignator=C36
Change Component Designator: OldDesignator=C36 NewDesignator=C37
Change Component Designator: OldDesignator=C37 NewDesignator=C38
Change Component Designator: OldDesignator=C38 NewDesignator=C39
Change Component Designator: OldDesignator=C39A NewDesignator=C40A
Change Component Designator: OldDesignator=C39B NewDesignator=C40B
Added Component: Designator=C18(1210C-GENERIC)
Added Pin To Net: NetName=VRAW Pin=C18-1
Added Pin To Net: NetName=GND Pin=C18-2
Change Net Name : Old Net Name=NetC19_1 New Net Name=NetC20_1
Added Member To Class: ClassName=PS Member=Component C23 TBD
Added Room: Name=PS
