Removed Member From Class: ClassName=BAT1 Member=C25A
Removed Member From Class: ClassName=BAT2 Member=C25B
Removed Member From Class: ClassName=MCU Member=C39
Added Component: Designator=C24A(1210C-GENERIC)
Added Component: Designator=C24B(1210C-GENERIC)
Added Component: Designator=D2E(0805LED)
Added Component: Designator=D2F(0805LED)
Added Component: Designator=D2G(0805LED)
Added Component: Designator=D2H(0805LED)
Added Component: Designator=K1E(HEADER-1X2)
Added Component: Designator=K1F(HEADER-1X2)
Added Component: Designator=K1G(HEADER-1X2)
Added Component: Designator=K1H(HEADER-1X2)
Added Component: Designator=K10A(HEADER-1X2)
Added Component: Designator=K10B(HEADER-1X2)
Added Component: Designator=K11A(PRKR2-DET)
Added Component: Designator=K11B(PRKR2-DET)
Added Component: Designator=R3E(0603R-1k5)
Added Component: Designator=R3F(0603R-1k5)
Added Component: Designator=R3G(0603R-1k5)
Added Component: Designator=R3H(0603R-1k5)
Added Component: Designator=R5A(0603R-GENERIC)
Added Component: Designator=R5B(0603R-GENERIC)
Added Component: Designator=U2A(SO8_N)
Added Component: Designator=U2B(SO8_N)
Added Pin To Net: NetName=GND Pin=C24A-1
Added Pin To Net: NetName=VBATOUTA Pin=C24A-2
Added Pin To Net: NetName=GND Pin=C24B-1
Added Pin To Net: NetName=VBATOUTB Pin=C24B-2
Added Pin To Net: NetName=NetD2E_A Pin=D2E-A
Added Pin To Net: NetName=KE Pin=D2E-K
Added Pin To Net: NetName=NetD2F_A Pin=D2F-A
Added Pin To Net: NetName=KF Pin=D2F-K
Added Pin To Net: NetName=NetD2G_A Pin=D2G-A
Added Pin To Net: NetName=KG Pin=D2G-K
Added Pin To Net: NetName=NetD2H_A Pin=D2H-A
Added Pin To Net: NetName=KH Pin=D2H-K
Added Pin To Net: NetName=KE Pin=K1E-1
Added Pin To Net: NetName=NetD2E_A Pin=K1E-2
Added Pin To Net: NetName=KF Pin=K1F-1
Added Pin To Net: NetName=NetD2F_A Pin=K1F-2
Added Pin To Net: NetName=KG Pin=K1G-1
Added Pin To Net: NetName=NetD2G_A Pin=K1G-2
Added Pin To Net: NetName=KH Pin=K1H-1
Added Pin To Net: NetName=NetD2H_A Pin=K1H-2
Added Pin To Net: NetName=GND Pin=K10A-1
Added Pin To Net: NetName=NetK10A_2 Pin=K10A-2
Added Pin To Net: NetName=GND Pin=K10B-1
Added Pin To Net: NetName=NetK10B_2 Pin=K10B-2
Added Pin To Net: NetName=VBATOUTA Pin=K11A-1
Added Pin To Net: NetName=NetK10A_2 Pin=K11A-2
Added Pin To Net: NetName=VBATOUTB Pin=K11B-1
Added Pin To Net: NetName=NetK10B_2 Pin=K11B-2
Added Pin To Net: NetName=NetD2E_A Pin=R3E-1
Added Pin To Net: NetName=AE Pin=R3E-2
Added Pin To Net: NetName=NetD2F_A Pin=R3F-1
Added Pin To Net: NetName=AE Pin=R3F-2
Added Pin To Net: NetName=NetD2G_A Pin=R3G-1
Added Pin To Net: NetName=AE Pin=R3G-2
Added Pin To Net: NetName=NetD2H_A Pin=R3H-1
Added Pin To Net: NetName=AE Pin=R3H-2
Added Pin To Net: NetName=GND Pin=R5A-1
Added Pin To Net: NetName=NetR5A_2 Pin=R5A-2
Added Pin To Net: NetName=GND Pin=R5B-1
Added Pin To Net: NetName=NetR5B_2 Pin=R5B-2
Added Pin To Net: NetName=NetU2A_1 Pin=U2A-1
Added Pin To Net: NetName=NetR5A_2 Pin=U2A-2
Added Pin To Net: NetName=GND Pin=U2A-3
Added Pin To Net: NetName=AE Pin=U2A-4
Added Pin To Net: NetName=VBATOUTA Pin=U2A-5
Added Pin To Net: NetName=KF Pin=U2A-6
Added Pin To Net: NetName=KE Pin=U2A-7
Added Pin To Net: NetName=AE Pin=U2A-8
Added Pin To Net: NetName=NetU2B_1 Pin=U2B-1
Added Pin To Net: NetName=NetR5B_2 Pin=U2B-2
Added Pin To Net: NetName=GND Pin=U2B-3
Added Pin To Net: NetName=AE Pin=U2B-4
Added Pin To Net: NetName=VBATOUTB Pin=U2B-5
Added Pin To Net: NetName=KH Pin=U2B-6
Added Pin To Net: NetName=KG Pin=U2B-7
Added Pin To Net: NetName=AE Pin=U2B-8
Added Member To Class: ClassName=PS Member=Component C18 TBD
Added Member To Class: ClassName=BAT1 Member=Component C24A (C24) TBD
Added Member To Class: ClassName=BAT2 Member=Component C24B (C24) TBD
Added Member To Class: ClassName=MCU Member=Component C38 TBD
Added Member To Class: ClassName=CHRG1 Member=Component D2E (D2) 0805
Added Member To Class: ClassName=STBY1 Member=Component D2F (D2) 0805
Added Member To Class: ClassName=CHRG2 Member=Component D2G (D2) 0805
Added Member To Class: ClassName=STBY2 Member=Component D2H (D2) 0805
Added Member To Class: ClassName=CHRG1 Member=Component K1E (K1) HEADER-1X2
Added Member To Class: ClassName=STBY1 Member=Component K1F (K1) HEADER-1X2
Added Member To Class: ClassName=CHRG2 Member=Component K1G (K1) HEADER-1X2
Added Member To Class: ClassName=STBY2 Member=Component K1H (K1) HEADER-1X2
Added Member To Class: ClassName=BAT1 Member=Component K10A (K10) HEADER-1X2
Added Member To Class: ClassName=BAT2 Member=Component K10B (K10) HEADER-1X2
Added Member To Class: ClassName=BAT1 Member=Component K11A (K11) Connector_Terminal_THT_PRKR2 - Detachable
Added Member To Class: ClassName=BAT2 Member=Component K11B (K11) Connector_Terminal_THT_PRKR2 - Detachable
Added Member To Class: ClassName=CHRG1 Member=Component R3E (R3) 0603R-1K5
Added Member To Class: ClassName=STBY1 Member=Component R3F (R3) 0603R-1K5
Added Member To Class: ClassName=CHRG2 Member=Component R3G (R3) 0603R-1K5
Added Member To Class: ClassName=STBY2 Member=Component R3H (R3) 0603R-1K5
Added Member To Class: ClassName=BAT1 Member=Component R5A (R5) 1K2
Added Member To Class: ClassName=BAT2 Member=Component R5B (R5) 1K2
Added Member To Class: ClassName=BAT1 Member=Component U2A (U2) TP4056
Added Member To Class: ClassName=BAT2 Member=Component U2B (U2) TP4056
Added Room: Name=BAT1
Added Room: Name=BAT2
Added Room: Name=CHRG1
Added Room: Name=CHRG2
Added Room: Name=PS
Added Room: Name=STBY1
Added Room: Name=STBY2
