Removed Pin From Net: NetName=GND Pin=K13-1
Removed Pin From Net: NetName=NetD8_K Pin=K13-2
Removed Pin From Net: NetName=NetD7_K Pin=K13-3
Removed Member From Class: ClassName=UA Member=K13
Change Component Designator: OldDesignator=K14 NewDesignator=K13
Change Component Designator: OldDesignator=K15 NewDesignator=K14
Change Component Designator: OldDesignator=K16 NewDesignator=K15
Change Component Designator: OldDesignator=K17 NewDesignator=K16
Change Component Designator: OldDesignator=K18 NewDesignator=K17
Change Net Name : Old Net Name=NetK15_1 New Net Name=NetK14_1
Change Net Name : Old Net Name=NetK15_3 New Net Name=NetK14_3
Change Net Name : Old Net Name=NetK15_5 New Net Name=NetK14_5
Change Net Name : Old Net Name=NetK16_1 New Net Name=NetK15_1
Change Net Name : Old Net Name=NetK16_3 New Net Name=NetK15_3
Change Net Name : Old Net Name=NetK16_5 New Net Name=NetK15_5
Change Net Name : Old Net Name=NetK16_7 New Net Name=NetK15_7
Change Net Name : Old Net Name=NetK16_9 New Net Name=NetK15_9
Change Net Name : Old Net Name=NetK17_2 New Net Name=NetK16_2
Change Net Name : Old Net Name=NetK18_3 New Net Name=NetK17_3
Change Net Name : Old Net Name=NetK18_5 New Net Name=NetK17_5
Change Net Name : Old Net Name=NetK18_7 New Net Name=NetK17_7
Change Net Name : Old Net Name=NetK18_9 New Net Name=NetK17_9
Change Net Name : Old Net Name=NetK18_11 New Net Name=NetK17_11
Change Net Name : Old Net Name=NetK18_13 New Net Name=NetK17_13
Change Net Name : Old Net Name=NetK18_15 New Net Name=NetK17_15
