Reset Component Physical Designator: Old Designator=C1 New Designator=C5
Reset Component Physical Designator: Old Designator=C2 New Designator=C17
Reset Component Physical Designator: Old Designator=C3 New Designator=C21
Reset Component Physical Designator: Old Designator=C4 New Designator=C22
Reset Component Physical Designator: Old Designator=C5 New Designator=C23
Reset Component Physical Designator: Old Designator=C6 New Designator=C24
Reset Component Physical Designator: Old Designator=C7 New Designator=C25
Reset Component Physical Designator: Old Designator=C8 New Designator=C26
Reset Component Physical Designator: Old Designator=C9 New Designator=C11
Reset Component Physical Designator: Old Designator=C10 New Designator=C12
Reset Component Physical Designator: Old Designator=C11 New Designator=C13
Reset Component Physical Designator: Old Designator=C12 New Designator=C14
Reset Component Physical Designator: Old Designator=C13 New Designator=C27
Reset Component Physical Designator: Old Designator=C14 New Designator=C28
Reset Component Physical Designator: Old Designator=C15 New Designator=C31
Reset Component Physical Designator: Old Designator=C16 New Designator=C32
Reset Component Physical Designator: Old Designator=C17 New Designator=C35
Reset Component Physical Designator: Old Designator=C18 New Designator=C19
Reset Component Physical Designator: Old Designator=C19 New Designator=C18
Reset Component Physical Designator: Old Designator=C20 New Designator=C29
Reset Component Physical Designator: Old Designator=C21 New Designator=C33
Reset Component Physical Designator: Old Designator=C22 New Designator=C20
Reset Component Physical Designator: Old Designator=C23 New Designator=C30
Reset Component Physical Designator: Old Designator=C24 New Designator=C34
Reset Component Physical Designator: Old Designator=C25 New Designator=C36
Reset Component Physical Designator: Old Designator=C26 New Designator=C37
Reset Component Physical Designator: Old Designator=C27 New Designator=C7
Reset Component Physical Designator: Old Designator=C28 New Designator=C8
Reset Component Physical Designator: Old Designator=C29 New Designator=C15
Reset Component Physical Designator: Old Designator=C30 New Designator=C9
Reset Component Physical Designator: Old Designator=C31 New Designator=C10
Reset Component Physical Designator: Old Designator=C32 New Designator=C16
Reset Component Physical Designator: Old Designator=C33 New Designator=C6
Reset Component Physical Designator: Old Designator=C34 New Designator=C2
Reset Component Physical Designator: Old Designator=C35 New Designator=C1
Reset Component Physical Designator: Old Designator=C36 New Designator=C4
Reset Component Physical Designator: Old Designator=C37 New Designator=C3
Reset Component Physical Designator: Old Designator=CN1 New Designator=CN1
Reset Component Physical Designator: Old Designator=D1 New Designator=D4
Reset Component Physical Designator: Old Designator=D2 New Designator=D3
Reset Component Physical Designator: Old Designator=D3 New Designator=D5
Reset Component Physical Designator: Old Designator=D4 New Designator=D6
Reset Component Physical Designator: Old Designator=D5 New Designator=D7
Reset Component Physical Designator: Old Designator=D6 New Designator=D8
Reset Component Physical Designator: Old Designator=D7 New Designator=D1
Reset Component Physical Designator: Old Designator=D8 New Designator=D2
Reset Component Physical Designator: Old Designator=J1 New Designator=J1
Reset Component Physical Designator: Old Designator=J2 New Designator=J2
Reset Component Physical Designator: Old Designator=J3 New Designator=J3
Reset Component Physical Designator: Old Designator=J4 New Designator=J4
Reset Component Physical Designator: Old Designator=J5 New Designator=J5
Reset Component Physical Designator: Old Designator=J6 New Designator=J6
Reset Component Physical Designator: Old Designator=J7 New Designator=J7
Reset Component Physical Designator: Old Designator=J8 New Designator=J8
Reset Component Physical Designator: Old Designator=J9 New Designator=J22
Reset Component Physical Designator: Old Designator=J10 New Designator=J26
Reset Component Physical Designator: Old Designator=J11 New Designator=J27
Reset Component Physical Designator: Old Designator=J12 New Designator=J28
Reset Component Physical Designator: Old Designator=J13 New Designator=J29
Reset Component Physical Designator: Old Designator=J14 New Designator=J20
Reset Component Physical Designator: Old Designator=J15 New Designator=J24
Reset Component Physical Designator: Old Designator=J16 New Designator=J21
Reset Component Physical Designator: Old Designator=J17 New Designator=J25
Reset Component Physical Designator: Old Designator=J18 New Designator=J23
Reset Component Physical Designator: Old Designator=J19 New Designator=J9
Reset Component Physical Designator: Old Designator=J20 New Designator=J10
Reset Component Physical Designator: Old Designator=J21 New Designator=J12
Reset Component Physical Designator: Old Designator=J22 New Designator=J14
Reset Component Physical Designator: Old Designator=J23 New Designator=J17
Reset Component Physical Designator: Old Designator=J24 New Designator=J19
Reset Component Physical Designator: Old Designator=J25 New Designator=J11
Reset Component Physical Designator: Old Designator=J26 New Designator=J15
Reset Component Physical Designator: Old Designator=J27 New Designator=J18
Reset Component Physical Designator: Old Designator=J28 New Designator=J13
Reset Component Physical Designator: Old Designator=J29 New Designator=J16
Reset Component Physical Designator: Old Designator=K1 New Designator=K1
Reset Component Physical Designator: Old Designator=K2 New Designator=K16
Reset Component Physical Designator: Old Designator=K3 New Designator=K9
Reset Component Physical Designator: Old Designator=K4 New Designator=K3
Reset Component Physical Designator: Old Designator=K5 New Designator=K13
Reset Component Physical Designator: Old Designator=K6 New Designator=K10
Reset Component Physical Designator: Old Designator=K7 New Designator=K7
Reset Component Physical Designator: Old Designator=K8 New Designator=K8
Reset Component Physical Designator: Old Designator=K9 New Designator=K12
Reset Component Physical Designator: Old Designator=K10 New Designator=K14
Reset Component Physical Designator: Old Designator=K11 New Designator=K15
Reset Component Physical Designator: Old Designator=K12 New Designator=K11
Reset Component Physical Designator: Old Designator=K13 New Designator=K6
Reset Component Physical Designator: Old Designator=K14 New Designator=K2
Reset Component Physical Designator: Old Designator=K15 New Designator=K4
Reset Component Physical Designator: Old Designator=K16 New Designator=K5
Reset Component Physical Designator: Old Designator=M1 New Designator=M1
Reset Component Physical Designator: Old Designator=M2 New Designator=M2
Reset Component Physical Designator: Old Designator=M3 New Designator=M3
Reset Component Physical Designator: Old Designator=M4 New Designator=M4
Reset Component Physical Designator: Old Designator=M5 New Designator=M5
Reset Component Physical Designator: Old Designator=R1 New Designator=R4
Reset Component Physical Designator: Old Designator=R2 New Designator=R70
Reset Component Physical Designator: Old Designator=R3 New Designator=R72
Reset Component Physical Designator: Old Designator=R4 New Designator=R31
Reset Component Physical Designator: Old Designator=R5 New Designator=R34
Reset Component Physical Designator: Old Designator=R6 New Designator=R37
Reset Component Physical Designator: Old Designator=R7 New Designator=R40
Reset Component Physical Designator: Old Designator=R8 New Designator=R43
Reset Component Physical Designator: Old Designator=R9 New Designator=R11
Reset Component Physical Designator: Old Designator=R10 New Designator=R12
Reset Component Physical Designator: Old Designator=R11 New Designator=R22
Reset Component Physical Designator: Old Designator=R12 New Designator=R15
Reset Component Physical Designator: Old Designator=R13 New Designator=R28
Reset Component Physical Designator: Old Designator=R14 New Designator=R8
Reset Component Physical Designator: Old Designator=R15 New Designator=R29
Reset Component Physical Designator: Old Designator=R16 New Designator=R32
Reset Component Physical Designator: Old Designator=R17 New Designator=R39
Reset Component Physical Designator: Old Designator=R18 New Designator=R35
Reset Component Physical Designator: Old Designator=R19 New Designator=R38
Reset Component Physical Designator: Old Designator=R20 New Designator=R5
Reset Component Physical Designator: Old Designator=R21 New Designator=R9
Reset Component Physical Designator: Old Designator=R22 New Designator=R2
Reset Component Physical Designator: Old Designator=R23 New Designator=R24
Reset Component Physical Designator: Old Designator=R24 New Designator=R16
Reset Component Physical Designator: Old Designator=R25 New Designator=R6
Reset Component Physical Designator: Old Designator=R26 New Designator=R67
Reset Component Physical Designator: Old Designator=R27 New Designator=R68
Reset Component Physical Designator: Old Designator=R28 New Designator=R69
Reset Component Physical Designator: Old Designator=R29 New Designator=R25
Reset Component Physical Designator: Old Designator=R30 New Designator=R26
Reset Component Physical Designator: Old Designator=R31 New Designator=R41
Reset Component Physical Designator: Old Designator=R32 New Designator=R42
Reset Component Physical Designator: Old Designator=R33 New Designator=R44
Reset Component Physical Designator: Old Designator=R34 New Designator=R66
Reset Component Physical Designator: Old Designator=R35 New Designator=R71
Reset Component Physical Designator: Old Designator=R36 New Designator=R10
Reset Component Physical Designator: Old Designator=R37 New Designator=R14
Reset Component Physical Designator: Old Designator=R38 New Designator=R17
Reset Component Physical Designator: Old Designator=R39 New Designator=R21
Reset Component Physical Designator: Old Designator=R40 New Designator=R19
Reset Component Physical Designator: Old Designator=R41 New Designator=R20
Reset Component Physical Designator: Old Designator=R42 New Designator=R23
Reset Component Physical Designator: Old Designator=R43 New Designator=R57
Reset Component Physical Designator: Old Designator=R44 New Designator=R50
Reset Component Physical Designator: Old Designator=R45 New Designator=R51
Reset Component Physical Designator: Old Designator=R46 New Designator=R56
Reset Component Physical Designator: Old Designator=R47 New Designator=R60
Reset Component Physical Designator: Old Designator=R48 New Designator=R52
Reset Component Physical Designator: Old Designator=R49 New Designator=R53
Reset Component Physical Designator: Old Designator=R50 New Designator=R63
Reset Component Physical Designator: Old Designator=R51 New Designator=R45
Reset Component Physical Designator: Old Designator=R52 New Designator=R46
Reset Component Physical Designator: Old Designator=R53 New Designator=R47
Reset Component Physical Designator: Old Designator=R54 New Designator=R59
Reset Component Physical Designator: Old Designator=R55 New Designator=R62
Reset Component Physical Designator: Old Designator=R56 New Designator=R58
Reset Component Physical Designator: Old Designator=R57 New Designator=R61
Reset Component Physical Designator: Old Designator=R58 New Designator=R54
Reset Component Physical Designator: Old Designator=R59 New Designator=R64
Reset Component Physical Designator: Old Designator=R60 New Designator=R55
Reset Component Physical Designator: Old Designator=R61 New Designator=R65
Reset Component Physical Designator: Old Designator=R62 New Designator=R48
Reset Component Physical Designator: Old Designator=R63 New Designator=R49
Reset Component Physical Designator: Old Designator=R64 New Designator=R13
Reset Component Physical Designator: Old Designator=R65 New Designator=R18
Reset Component Physical Designator: Old Designator=R66 New Designator=R27
Reset Component Physical Designator: Old Designator=R67 New Designator=R33
Reset Component Physical Designator: Old Designator=R68 New Designator=R3
Reset Component Physical Designator: Old Designator=R69 New Designator=R30
Reset Component Physical Designator: Old Designator=R70 New Designator=R36
Reset Component Physical Designator: Old Designator=R71 New Designator=R1
Reset Component Physical Designator: Old Designator=R72 New Designator=R7
Reset Component Physical Designator: Old Designator=RP1 New Designator=RP1
Reset Component Physical Designator: Old Designator=SW1 New Designator=SW1
Reset Component Physical Designator: Old Designator=SW2 New Designator=SW4
Reset Component Physical Designator: Old Designator=SW3 New Designator=SW5
Reset Component Physical Designator: Old Designator=SW4 New Designator=SW2
Reset Component Physical Designator: Old Designator=SW5 New Designator=SW3
Reset Component Physical Designator: Old Designator=SW6 New Designator=SW6
Reset Component Physical Designator: Old Designator=SW7 New Designator=SW7
Reset Component Physical Designator: Old Designator=TP1 New Designator=TP1
Reset Component Physical Designator: Old Designator=TP2 New Designator=TP10
Reset Component Physical Designator: Old Designator=TP3 New Designator=TP2
Reset Component Physical Designator: Old Designator=TP4 New Designator=TP8
Reset Component Physical Designator: Old Designator=TP5 New Designator=TP9
Reset Component Physical Designator: Old Designator=TP6 New Designator=TP3
Reset Component Physical Designator: Old Designator=TP7 New Designator=TP7
Reset Component Physical Designator: Old Designator=TP8 New Designator=TP4
Reset Component Physical Designator: Old Designator=TP9 New Designator=TP5
Reset Component Physical Designator: Old Designator=TP10 New Designator=TP6
Reset Component Physical Designator: Old Designator=TP11 New Designator=TP11
Reset Component Physical Designator: Old Designator=TP12 New Designator=TP12
Reset Component Physical Designator: Old Designator=U1 New Designator=U2
Reset Component Physical Designator: Old Designator=U1 New Designator=U2
Reset Component Physical Designator: Old Designator=U2 New Designator=U1
Reset Component Physical Designator: Old Designator=VR1 New Designator=VR1
Reset Component Physical Designator: Old Designator=Y1 New Designator=Y1
Reset Component Physical Designator: Old Designator=Y2 New Designator=Y2
