Change Component Designator: Old Designator=C1 New Designator=C2
Change Component Designator: Old Designator=C2 New Designator=C3
Change Component Designator: Old Designator=C3 New Designator=C4
Change Component Designator: Old Designator=C4 New Designator=C5
Change Component Designator: Old Designator=C5 New Designator=C6
Change Component Designator: Old Designator=C6 New Designator=C7
Change Component Designator: Old Designator=C7 New Designator=C8
Change Component Designator: Old Designator=C8 New Designator=C9
Change Component Designator: Old Designator=C9 New Designator=C10
Change Component Designator: Old Designator=C10 New Designator=C11
Change Component Designator: Old Designator=C11 New Designator=C13
Change Component Designator: Old Designator=C12 New Designator=C14
Change Component Designator: Old Designator=C13 New Designator=C15
Change Component Designator: Old Designator=C14 New Designator=C16
Change Component Designator: Old Designator=C15 New Designator=C17
Change Component Designator: Old Designator=C16 New Designator=C18
Change Component Designator: Old Designator=C17 New Designator=C22
Change Component Designator: Old Designator=C18 New Designator=C19
Change Component Designator: Old Designator=C19 New Designator=C20
Change Component Designator: Old Designator=C20 New Designator=C21
Change Component Designator: Old Designator=C21 New Designator=C23
Change Component Designator: Old Designator=C22 New Designator=C24
Change Component Designator: Old Designator=C23 New Designator=C25
Change Component Designator: Old Designator=C24 New Designator=C26
Change Component Designator: Old Designator=C25 New Designator=C27
Change Component Designator: Old Designator=C26 New Designator=C28
Change Component Designator: Old Designator=C27 New Designator=C29
Change Component Designator: Old Designator=C28 New Designator=C30
Change Component Designator: Old Designator=C29 New Designator=C31
Change Component Designator: Old Designator=C30 New Designator=C32
Change Component Designator: Old Designator=C31 New Designator=C33
Change Component Designator: Old Designator=C32 New Designator=C34
Change Component Designator: Old Designator=C33 New Designator=C35
Change Component Designator: Old Designator=C34 New Designator=C36
Change Component Designator: Old Designator=C35 New Designator=C37
Change Component Designator: Old Designator=C36 New Designator=C12
Change Component Designator: Old Designator=C37 New Designator=C1
Change Component Designator: Old Designator=J10 New Designator=J11
Change Component Designator: Old Designator=J11 New Designator=J10
Change Component Designator: Old Designator=J12 New Designator=J13
Change Component Designator: Old Designator=J13 New Designator=J12
Change Component Designator: Old Designator=J14 New Designator=J16
Change Component Designator: Old Designator=J15 New Designator=J14
Change Component Designator: Old Designator=J16 New Designator=J15
Change Component Designator: Old Designator=J17 New Designator=J18
Change Component Designator: Old Designator=J18 New Designator=J17
Change Component Designator: Old Designator=K3 New Designator=K4
Change Component Designator: Old Designator=K4 New Designator=K5
Change Component Designator: Old Designator=K5 New Designator=K6
Change Component Designator: Old Designator=K6 New Designator=K7
Change Component Designator: Old Designator=K7 New Designator=K8
Change Component Designator: Old Designator=K8 New Designator=K9
Change Component Designator: Old Designator=K9 New Designator=K10
Change Component Designator: Old Designator=K10 New Designator=K11
Change Component Designator: Old Designator=K11 New Designator=K12
Change Component Designator: Old Designator=K12 New Designator=K13
Change Component Designator: Old Designator=K13 New Designator=K14
Change Component Designator: Old Designator=K14 New Designator=K15
Change Component Designator: Old Designator=K15 New Designator=K16
Change Component Designator: Old Designator=K16 New Designator=K3
Change Component Designator: Old Designator=R2 New Designator=R8
Change Component Designator: Old Designator=R3 New Designator=R2
Change Component Designator: Old Designator=R4 New Designator=R3
Change Component Designator: Old Designator=R5 New Designator=R4
Change Component Designator: Old Designator=R6 New Designator=R18
Change Component Designator: Old Designator=R7 New Designator=R5
Change Component Designator: Old Designator=R8 New Designator=R6
Change Component Designator: Old Designator=R9 New Designator=R7
Change Component Designator: Old Designator=R10 New Designator=R22
Change Component Designator: Old Designator=R11 New Designator=R25
Change Component Designator: Old Designator=R12 New Designator=R27
Change Component Designator: Old Designator=R13 New Designator=R9
Change Component Designator: Old Designator=R14 New Designator=R24
Change Component Designator: Old Designator=R15 New Designator=R29
Change Component Designator: Old Designator=R17 New Designator=R26
Change Component Designator: Old Designator=R18 New Designator=R13
Change Component Designator: Old Designator=R21 New Designator=R28
Change Component Designator: Old Designator=R24 New Designator=R12
Change Component Designator: Old Designator=R24 New Designator=R16
Change Component Designator: Old Designator=R27 New Designator=R10
Change Component Designator: Old Designator=R30 New Designator=R11
Change Component Designator: Old Designator=R31 New Designator=R17
Change Component Designator: Old Designator=R33 New Designator=R14
Change Component Designator: Old Designator=R34 New Designator=R19
Change Component Designator: Old Designator=R36 New Designator=R15
Change Component Designator: Old Designator=R37 New Designator=R20
Change Component Designator: Old Designator=R40 New Designator=R21
Change Component Designator: Old Designator=R43 New Designator=R23
Change Component Designator: Old Designator=R45 New Designator=R30
Change Component Designator: Old Designator=R46 New Designator=R31
Change Component Designator: Old Designator=R47 New Designator=R32
Change Component Designator: Old Designator=R48 New Designator=R33
Change Component Designator: Old Designator=R49 New Designator=R34
Change Component Designator: Old Designator=R50 New Designator=R35
Change Component Designator: Old Designator=R51 New Designator=R36
Change Component Designator: Old Designator=R52 New Designator=R41
Change Component Designator: Old Designator=R53 New Designator=R45
Change Component Designator: Old Designator=R54 New Designator=R39
Change Component Designator: Old Designator=R55 New Designator=R40
Change Component Designator: Old Designator=R56 New Designator=R37
Change Component Designator: Old Designator=R57 New Designator=R43
Change Component Designator: Old Designator=R58 New Designator=R42
Change Component Designator: Old Designator=R59 New Designator=R44
Change Component Designator: Old Designator=R60 New Designator=R38
Change Component Designator: Old Designator=R61 New Designator=R46
Change Component Designator: Old Designator=R62 New Designator=R47
Change Component Designator: Old Designator=R63 New Designator=R48
Change Component Designator: Old Designator=R64 New Designator=R49
Change Component Designator: Old Designator=R65 New Designator=R50
Change Component Designator: Old Designator=SW2 New Designator=SW4
Change Component Designator: Old Designator=SW3 New Designator=SW5
Change Component Designator: Old Designator=SW4 New Designator=SW2
Change Component Designator: Old Designator=SW5 New Designator=SW3
