Change Component Designator: Old Designator=C5 New Designator=C11
Change Component Designator: Old Designator=C7 New Designator=C12
Change Component Designator: Old Designator=C8 New Designator=C7
Change Component Designator: Old Designator=C9 New Designator=C8
Change Component Designator: Old Designator=C10 New Designator=C9
Change Component Designator: Old Designator=C11 New Designator=C10
Change Component Designator: Old Designator=C12 New Designator=C13
Change Component Designator: Old Designator=C13 New Designator=C14
Change Component Designator: Old Designator=C14 New Designator=C5
Change Component Designator: Old Designator=D2 New Designator=D3
Change Component Designator: Old Designator=D3 New Designator=D2
Change Component Designator: Old Designator=D4 New Designator=D5
Change Component Designator: Old Designator=D5 New Designator=D6
Change Component Designator: Old Designator=D6 New Designator=D7
Change Component Designator: Old Designator=D7 New Designator=D8
Change Component Designator: Old Designator=D8 New Designator=D4
Change Component Designator: Old Designator=J2 New Designator=J9
Change Component Designator: Old Designator=J3 New Designator=J2
Change Component Designator: Old Designator=J4 New Designator=J10
Change Component Designator: Old Designator=J5 New Designator=J3
Change Component Designator: Old Designator=J6 New Designator=J11
Change Component Designator: Old Designator=J7 New Designator=J4
Change Component Designator: Old Designator=J8 New Designator=J12
Change Component Designator: Old Designator=J9 New Designator=J5
Change Component Designator: Old Designator=J10 New Designator=J13
Change Component Designator: Old Designator=J11 New Designator=J14
Change Component Designator: Old Designator=J12 New Designator=J6
Change Component Designator: Old Designator=J13 New Designator=J15
Change Component Designator: Old Designator=J14 New Designator=J7
Change Component Designator: Old Designator=J15 New Designator=J16
Change Component Designator: Old Designator=J16 New Designator=J17
Change Component Designator: Old Designator=J17 New Designator=J8
Change Component Designator: Old Designator=K1 New Designator=K2
Change Component Designator: Old Designator=K2 New Designator=K4
Change Component Designator: Old Designator=K3 New Designator=K5
Change Component Designator: Old Designator=K4 New Designator=K6
Change Component Designator: Old Designator=K5 New Designator=K12
Change Component Designator: Old Designator=K6 New Designator=K10
Change Component Designator: Old Designator=K7 New Designator=K9
Change Component Designator: Old Designator=K8 New Designator=K1
Change Component Designator: Old Designator=K9 New Designator=K3
Change Component Designator: Old Designator=K10 New Designator=K11
Change Component Designator: Old Designator=K11 New Designator=K13
Change Component Designator: Old Designator=K12 New Designator=K14
Change Component Designator: Old Designator=K13 New Designator=K15
Change Component Designator: Old Designator=K14 New Designator=K7
Change Component Designator: Old Designator=K15 New Designator=K8
Change Component Designator: Old Designator=R3 New Designator=R5
Change Component Designator: Old Designator=R4 New Designator=R33
Change Component Designator: Old Designator=R5 New Designator=R32
Change Component Designator: Old Designator=R6 New Designator=R34
Change Component Designator: Old Designator=R7 New Designator=R36
Change Component Designator: Old Designator=R8 New Designator=R37
Change Component Designator: Old Designator=R9 New Designator=R38
Change Component Designator: Old Designator=R10 New Designator=R35
Change Component Designator: Old Designator=R11 New Designator=R39
Change Component Designator: Old Designator=R12 New Designator=R40
Change Component Designator: Old Designator=R13 New Designator=R41
Change Component Designator: Old Designator=R14 New Designator=R42
Change Component Designator: Old Designator=R15 New Designator=R43
Change Component Designator: Old Designator=R16 New Designator=R44
Change Component Designator: Old Designator=R17 New Designator=R45
Change Component Designator: Old Designator=R18 New Designator=R46
Change Component Designator: Old Designator=R19 New Designator=R47
Change Component Designator: Old Designator=R20 New Designator=R48
Change Component Designator: Old Designator=R21 New Designator=R49
Change Component Designator: Old Designator=R22 New Designator=R50
Change Component Designator: Old Designator=R23 New Designator=R10
Change Component Designator: Old Designator=R24 New Designator=R13
Change Component Designator: Old Designator=R? New Designator=R3
Change Component Designator: Old Designator=R? New Designator=R4
Change Component Designator: Old Designator=R? New Designator=R6
Change Component Designator: Old Designator=R? New Designator=R7
Change Component Designator: Old Designator=R? New Designator=R8
Change Component Designator: Old Designator=R? New Designator=R9
Change Component Designator: Old Designator=R? New Designator=R11
Change Component Designator: Old Designator=R? New Designator=R12
Change Component Designator: Old Designator=R? New Designator=R14
Change Component Designator: Old Designator=R? New Designator=R15
Change Component Designator: Old Designator=R? New Designator=R16
Change Component Designator: Old Designator=R? New Designator=R17
Change Component Designator: Old Designator=R? New Designator=R18
Change Component Designator: Old Designator=R? New Designator=R19
Change Component Designator: Old Designator=R? New Designator=R20
Change Component Designator: Old Designator=R? New Designator=R21
Change Component Designator: Old Designator=R? New Designator=R22
Change Component Designator: Old Designator=R? New Designator=R23
Change Component Designator: Old Designator=R? New Designator=R24
Change Component Designator: Old Designator=R? New Designator=R25
Change Component Designator: Old Designator=R? New Designator=R26
Change Component Designator: Old Designator=R? New Designator=R27
Change Component Designator: Old Designator=R? New Designator=R28
Change Component Designator: Old Designator=R? New Designator=R29
Change Component Designator: Old Designator=R? New Designator=R30
Change Component Designator: Old Designator=R? New Designator=R31
Change Component Designator: Old Designator=TP4 New Designator=TP2
Change Component Designator: Old Designator=TP5 New Designator=TP3
Change Component Designator: Old Designator=TP6 New Designator=TP4
Change Component Designator: Old Designator=TP7 New Designator=TP5
Change Component Designator: Old Designator=TP8 New Designator=TP6
Change Component Designator: Old Designator=TP9 New Designator=TP7
Change Component Designator: Old Designator=TP10 New Designator=TP8
Change Component Designator: Old Designator=TP11 New Designator=TP9
Change Component Designator: Old Designator=TP12 New Designator=TP10
Change Component Designator: Old Designator=TP13 New Designator=TP11
Change Component Designator: Old Designator=TP14 New Designator=TP12
Change Component Designator: Old Designator=TP15 New Designator=TP13
Change Component Designator: Old Designator=TP16 New Designator=TP14
Change Component Designator: Old Designator=TP17 New Designator=TP15
Change Component Designator: Old Designator=TP18 New Designator=TP16
Change Component Designator: Old Designator=TP19 New Designator=TP17
Change Component Designator: Old Designator=TP20 New Designator=TP18
Change Component Designator: Old Designator=TP21 New Designator=TP19
Change Component Designator: Old Designator=TP22 New Designator=TP20
Change Component Designator: Old Designator=TP23 New Designator=TP21
Change Component Designator: Old Designator=TP24 New Designator=TP22
Change Component Designator: Old Designator=TP25 New Designator=TP23
Change Component Designator: Old Designator=TP26 New Designator=TP24
Change Component Designator: Old Designator=TP27 New Designator=TP25
Change Component Designator: Old Designator=TP28 New Designator=TP26
Change Component Designator: Old Designator=TP29 New Designator=TP27
Change Component Designator: Old Designator=TP30 New Designator=TP28
