Change Component Designator: Old Designator=C11 New Designator=C2
Change Component Designator: Old Designator=C12 New Designator=C3
Change Component Designator: Old Designator=C13 New Designator=C4
Change Component Designator: Old Designator=C14 New Designator=C5
Change Component Designator: Old Designator=C17 New Designator=C6
Change Component Designator: Old Designator=C21 New Designator=C9
Change Component Designator: Old Designator=C22 New Designator=C10
Change Component Designator: Old Designator=C23 New Designator=C11
Change Component Designator: Old Designator=C24 New Designator=C12
Change Component Designator: Old Designator=C25 New Designator=C13
Change Component Designator: Old Designator=C26 New Designator=C14
Change Component Designator: Old Designator=C27 New Designator=C15
Change Component Designator: Old Designator=C28 New Designator=C16
Change Component Designator: Old Designator=C31 New Designator=C7
Change Component Designator: Old Designator=C32 New Designator=C8
Change Component Designator: Old Designator=K7 New Designator=K5
Change Component Designator: Old Designator=K8 New Designator=K6
Change Component Designator: Old Designator=K10 New Designator=K8
Change Component Designator: Old Designator=K13 New Designator=K7
Change Component Designator: Old Designator=R50 New Designator=R43
Change Component Designator: Old Designator=R57 New Designator=R44
Change Component Designator: Old Designator=TP2 New Designator=TP10
Change Component Designator: Old Designator=TP3 New Designator=TP2
Change Component Designator: Old Designator=TP4 New Designator=TP5
Change Component Designator: Old Designator=TP5 New Designator=TP6
Change Component Designator: Old Designator=TP6 New Designator=TP9
Change Component Designator: Old Designator=TP7 New Designator=TP3
Change Component Designator: Old Designator=TP8 New Designator=TP11
Change Component Designator: Old Designator=TP9 New Designator=TP12
Change Component Designator: Old Designator=TP10 New Designator=TP4
Change Component Designator: Old Designator=TP11 New Designator=TP7
Change Component Designator: Old Designator=TP12 New Designator=TP8
Change Component Designator: Old Designator=U2 New Designator=U1
Change Component Designator: Old Designator=U2 New Designator=U1
