Removed Pin From Net: NetName=INPUT0 Pin=SW1-1
Removed Pin From Net: NetName=3V3 Pin=SW1-2
Removed Pin From Net: NetName=INPUT1 Pin=SW2-1
Removed Pin From Net: NetName=3V3 Pin=SW2-2
Removed Pin From Net: NetName=INPUT2 Pin=SW3-1
Removed Pin From Net: NetName=3V3 Pin=SW3-2
Removed Pin From Net: NetName=INPUT3 Pin=SW4-1
Removed Pin From Net: NetName=3V3 Pin=SW4-2
Removed Pin From Net: NetName=INPUT4 Pin=SW5-1
Removed Pin From Net: NetName=3V3 Pin=SW5-2
Removed Pin From Net: NetName=INPUT5 Pin=SW6-1
Removed Pin From Net: NetName=3V3 Pin=SW6-2
Removed Member From Class: ClassName=General Overview Member=SW1
Removed Member From Class: ClassName=General Overview Member=SW2
Removed Member From Class: ClassName=General Overview Member=SW3
Removed Member From Class: ClassName=General Overview Member=SW4
Removed Member From Class: ClassName=General Overview Member=SW5
Removed Member From Class: ClassName=General Overview Member=SW6
Added Component: Designator=C?(0603C-GENERIC)
Added Component: Designator=SW?(SW-PB-SMD)
Added Component: Designator=SW?(SW-PB-SMD)
Added Component: Designator=SW?(SW-PB-SMD)
Added Component: Designator=SW?(SW-PB-SMD)
Added Component: Designator=SW?(SW-PB-SMD)
Added Component: Designator=SW?(SW-PB-SMD)
Added Component: Designator=SW?(SW-PB-SMD)
Added Pin To Net: NetName=GND Pin=C?-1
Added Pin To Net: NetName=NRST Pin=C?-2
Added Pin To Net: NetName=INPUT0 Pin=SW?-1
Added Pin To Net: NetName=INPUT1 Pin=SW?-1
Added Pin To Net: NetName=INPUT2 Pin=SW?-1
Added Pin To Net: NetName=INPUT3 Pin=SW?-1
Added Pin To Net: NetName=INPUT4 Pin=SW?-1
Added Pin To Net: NetName=INPUT5 Pin=SW?-1
Added Pin To Net: NetName=NRST Pin=SW?-1
Added Pin To Net: NetName=3V3 Pin=SW?-2
Added Pin To Net: NetName=3V3 Pin=SW?-2
Added Pin To Net: NetName=3V3 Pin=SW?-2
Added Pin To Net: NetName=3V3 Pin=SW?-2
Added Pin To Net: NetName=3V3 Pin=SW?-2
Added Pin To Net: NetName=3V3 Pin=SW?-2
Added Pin To Net: NetName=GND Pin=SW?-2
Added Member To Class: ClassName=General Overview Member=Component C? 100nF
Added Member To Class: ClassName=General Overview Member=Component SW? Mechanical_Switch_1P1T_SMD_SW-PB6MM
