Added Component: Designator=TP1(TESTPOINT)
Added Component: Designator=TP2(TESTPOINT)
Added Component: Designator=TP3(TESTPOINT)
Added Component: Designator=TP4(TESTPOINT)
Added Component: Designator=TP5(TESTPOINT)
Added Component: Designator=TP6(TESTPOINT)
Added Component: Designator=TP7(TESTPOINT)
Added Component: Designator=TP8(TESTPOINT)
Added Component: Designator=TP9(TESTPOINT)
Added Pin To Net: NetName=GND Pin=R26-1
Added Pin To Net: NetName=GND Pin=R26-2
Added Pin To Net: NetName=NetTP1_1 Pin=TP1-1
Added Pin To Net: NetName=NetTP2_1 Pin=TP2-1
Added Pin To Net: NetName=NetTP3_1 Pin=TP3-1
Added Pin To Net: NetName=NetTP3_1 Pin=U2-90
Added Net: Name=NetTP3_1
Added Pin To Net: NetName=NetTP4_1 Pin=TP4-1
Added Pin To Net: NetName=NetTP4_1 Pin=U2-81
Added Net: Name=NetTP4_1
Added Pin To Net: NetName=NetTP5_1 Pin=TP5-1
Added Pin To Net: NetName=NetTP5_1 Pin=U2-82
Added Net: Name=NetTP5_1
Added Pin To Net: NetName=NetTP6_1 Pin=TP6-1
Added Pin To Net: NetName=NetTP6_1 Pin=U2-88
Added Net: Name=NetTP6_1
Added Pin To Net: NetName=NetTP7_1 Pin=TP7-1
Added Pin To Net: NetName=NetTP7_1 Pin=U2-96
Added Net: Name=NetTP7_1
Added Pin To Net: NetName=NetTP8_1 Pin=TP8-1
Added Pin To Net: NetName=NetTP8_1 Pin=U2-97
Added Net: Name=NetTP8_1
Added Pin To Net: NetName=NetTP9_1 Pin=TP9-1
Added Pin To Net: NetName=NetTP9_1 Pin=U2-98
Added Net: Name=NetTP9_1
Added Member To Class: ClassName=General Overview Member=Component TP1 Connector_Production Connectors_SMD_TESTPOINT
Added Member To Class: ClassName=General Overview Member=Component TP2 Connector_Production Connectors_SMD_TESTPOINT
Added Member To Class: ClassName=General Overview Member=Component TP3 Connector_Production Connectors_SMD_TESTPOINT
Added Member To Class: ClassName=General Overview Member=Component TP4 Connector_Production Connectors_SMD_TESTPOINT
Added Member To Class: ClassName=General Overview Member=Component TP5 Connector_Production Connectors_SMD_TESTPOINT
Added Member To Class: ClassName=General Overview Member=Component TP6 Connector_Production Connectors_SMD_TESTPOINT
Added Member To Class: ClassName=General Overview Member=Component TP7 Connector_Production Connectors_SMD_TESTPOINT
Added Member To Class: ClassName=General Overview Member=Component TP8 Connector_Production Connectors_SMD_TESTPOINT
Added Member To Class: ClassName=General Overview Member=Component TP9 Connector_Production Connectors_SMD_TESTPOINT
