Change Net Name : Old Net Name=NetC8_1 New Net Name=NetC11_1
Change Net Name : Old Net Name=NetC9_1 New Net Name=NetC10_1
Change Net Name : Old Net Name=NetC10_1 New Net Name=NetC13_1
Change Net Name : Old Net Name=NetC11_1 New Net Name=NetC16_1
Change Net Name : Old Net Name=NetC15_1 New Net Name=NetC25_1
Change Net Name : Old Net Name=NetC16_1 New Net Name=NetC30_1
Change Net Name : Old Net Name=NetC21_1 New Net Name=NetC2_1
Change Net Name : Old Net Name=NetC22_1 New Net Name=NetC3_1
Change Net Name : Old Net Name=NetC22_2 New Net Name=NetC3_2
Change Net Name : Old Net Name=NetC23_1 New Net Name=NetC4_1
Change Net Name : Old Net Name=NetC23_2 New Net Name=NetC4_2
Change Net Name : Old Net Name=NetC24_2 New Net Name=NetC1_2
Change Net Name : Old Net Name=NetC26_1 New Net Name=NetC12_1
Change Net Name : Old Net Name=NetC30_2 New Net Name=NetC33_2
Change Net Name : Old Net Name=NetC33_2 New Net Name=NetC32_2
Change Net Name : Old Net Name=NetC34_2 New Net Name=NetC28_2
Change Net Name : Old Net Name=NetD1_A New Net Name=NetD8_A
Change Net Name : Old Net Name=NetD2_K New Net Name=NetD6_K
Change Net Name : Old Net Name=NetD3_K New Net Name=NetD7_K
Change Net Name : Old Net Name=NetD4_A New Net Name=NetD5_A
Change Net Name : Old Net Name=NetD5_A New Net Name=NetD4_A
Change Net Name : Old Net Name=NetD6_A New Net Name=NetD3_A
Change Net Name : Old Net Name=NetD7_A New Net Name=NetD2_A
Change Net Name : Old Net Name=NetD8_A New Net Name=NetD1_A
Change Net Name : Old Net Name=NetJ1_2 New Net Name=NetJ20_2
Change Net Name : Old Net Name=NetJ5_2 New Net Name=NetJ21_2
Change Net Name : Old Net Name=NetJ14_2 New Net Name=NetJ28_2
Change Net Name : Old Net Name=NetJ15_2 New Net Name=NetJ23_2
Change Net Name : Old Net Name=NetJ16_2 New Net Name=NetJ22_2
Change Net Name : Old Net Name=NetJ17_2 New Net Name=NetJ19_2
Change Net Name : Old Net Name=NetJ18_2 New Net Name=NetJ14_2
Change Net Name : Old Net Name=NetJ19_2 New Net Name=NetJ27_2
Change Net Name : Old Net Name=NetJ20_2 New Net Name=NetJ29_2
Change Net Name : Old Net Name=NetJ21_1 New Net Name=NetJ24_1
Change Net Name : Old Net Name=NetJ22_1 New Net Name=NetJ26_1
Change Net Name : Old Net Name=NetJ23_1 New Net Name=NetJ25_1
Change Net Name : Old Net Name=NetJ24_2 New Net Name=NetJ11_2
Change Net Name : Old Net Name=NetJ25_2 New Net Name=NetJ10_2
Change Net Name : Old Net Name=NetJ26_2 New Net Name=NetJ9_2
Change Net Name : Old Net Name=NetJ27_2 New Net Name=NetJ8_2
Change Net Name : Old Net Name=NetJ28_2 New Net Name=NetJ7_2
Change Net Name : Old Net Name=NetJ29_2 New Net Name=NetJ6_2
Change Net Name : Old Net Name=NetK4_3 New Net Name=NetK14_3
Change Net Name : Old Net Name=NetK4_5 New Net Name=NetK14_5
Change Net Name : Old Net Name=NetK4_7 New Net Name=NetK14_7
Change Net Name : Old Net Name=NetK4_9 New Net Name=NetK14_9
Change Net Name : Old Net Name=NetK4_11 New Net Name=NetK14_11
Change Net Name : Old Net Name=NetK11_2 New Net Name=NetK4_2
Change Net Name : Old Net Name=NetR43_1 New Net Name=NetR17_1
Change Net Name : Old Net Name=NetR44_1 New Net Name=NetR34_1
Change Net Name : Old Net Name=NetR57_2 New Net Name=NetR7_2
Change Net Name : Old Net Name=NetR64_1 New Net Name=NetR15_1
Change Net Name : Old Net Name=NetR65_1 New Net Name=NetR16_1
Change Net Name : Old Net Name=NetTP1_1 New Net Name=NetTP12_1
Change Net Name : Old Net Name=NetTP2_1 New Net Name=NetTP9_1
Change Net Name : Old Net Name=NetTP3_1 New Net Name=NetTP1_1
Change Net Name : Old Net Name=NetTP4_1 New Net Name=NetTP7_1
Change Net Name : Old Net Name=NetTP5_1 New Net Name=NetTP8_1
Change Net Name : Old Net Name=NetTP6_1 New Net Name=NetTP2_1
Change Net Name : Old Net Name=NetTP7_1 New Net Name=NetTP5_1
Change Net Name : Old Net Name=NetTP8_1 New Net Name=NetTP11_1
Change Net Name : Old Net Name=NetTP9_1 New Net Name=NetTP10_1
Change Net Name : Old Net Name=NetTP10_1 New Net Name=NetTP4_1
Change Net Name : Old Net Name=NetTP11_1 New Net Name=NetTP6_1
Change Net Name : Old Net Name=NetTP12_1 New Net Name=NetTP3_1
Change Net Name : Old Net Name=NetU1_15 New Net Name=NetU2_15
Change Net Name : Old Net Name=NetU1_16 New Net Name=NetU2_16
Change Net Name : Old Net Name=NetU1_17 New Net Name=NetU2_17
Change Net Name : Old Net Name=NetU1_18 New Net Name=NetU2_18
Change Net Name : Old Net Name=NetU1_39 New Net Name=NetU2_39
Change Net Name : Old Net Name=NetU1_40 New Net Name=NetU2_40
Change Net Name : Old Net Name=NetU1_41 New Net Name=NetU2_41
Change Net Name : Old Net Name=NetU1_42 New Net Name=NetU2_42
Change Net Name : Old Net Name=NetU1_43 New Net Name=NetU2_43
Change Net Name : Old Net Name=NetU1_44 New Net Name=NetU2_44
Change Net Name : Old Net Name=NetU1_45 New Net Name=NetU2_45
Change Net Name : Old Net Name=NetU1_46 New Net Name=NetU2_46
Change Net Name : Old Net Name=NetU1_47 New Net Name=NetU2_47
Change Net Name : Old Net Name=NetU1_48 New Net Name=NetU2_48
Change Net Name : Old Net Name=NetU1_67 New Net Name=NetU2_67
Change Net Name : Old Net Name=NetU1_68 New Net Name=NetU2_68
Change Net Name : Old Net Name=NetU2_1 New Net Name=NetU1_1
Added Room: Name=Top
