Change Component Designator: OldDesignator=C1 NewDesignator=C18
Change Component Designator: OldDesignator=C2 NewDesignator=C15
Change Component Designator: OldDesignator=C3 NewDesignator=C19
Change Component Designator: OldDesignator=C4 NewDesignator=C26
Change Component Designator: OldDesignator=C5 NewDesignator=C29
Change Component Designator: OldDesignator=C6 NewDesignator=C21
Change Component Designator: OldDesignator=C7 NewDesignator=C20
Change Component Designator: OldDesignator=C8 NewDesignator=C11
Change Component Designator: OldDesignator=C9 NewDesignator=C10
Change Component Designator: OldDesignator=C10 NewDesignator=C13
Change Component Designator: OldDesignator=C11 NewDesignator=C16
Change Component Designator: OldDesignator=C12 NewDesignator=C22
Change Component Designator: OldDesignator=C13 NewDesignator=C27
Change Component Designator: OldDesignator=C14 NewDesignator=C34
Change Component Designator: OldDesignator=C15 NewDesignator=C25
Change Component Designator: OldDesignator=C16 NewDesignator=C30
Change Component Designator: OldDesignator=C17 NewDesignator=C23
Change Component Designator: OldDesignator=C18 NewDesignator=C17
Change Component Designator: OldDesignator=C19 NewDesignator=C7
Change Component Designator: OldDesignator=C20 NewDesignator=C5
Change Component Designator: OldDesignator=C21 NewDesignator=C2
Change Component Designator: OldDesignator=C22 NewDesignator=C3
Change Component Designator: OldDesignator=C23 NewDesignator=C4
Change Component Designator: OldDesignator=C24 NewDesignator=C1
Change Component Designator: OldDesignator=C25 NewDesignator=C6
Change Component Designator: OldDesignator=C26 NewDesignator=C12
Change Component Designator: OldDesignator=C27 NewDesignator=C14
Change Component Designator: OldDesignator=C28 NewDesignator=C37
Change Component Designator: OldDesignator=C29 NewDesignator=C36
Change Component Designator: OldDesignator=C30 NewDesignator=C33
Change Component Designator: OldDesignator=C32 NewDesignator=C35
Change Component Designator: OldDesignator=C33 NewDesignator=C32
Change Component Designator: OldDesignator=C34 NewDesignator=C28
Change Component Designator: OldDesignator=C35 NewDesignator=C8
Change Component Designator: OldDesignator=C36 NewDesignator=C9
Change Component Designator: OldDesignator=C37 NewDesignator=C24
Change Component Designator: OldDesignator=D1 NewDesignator=D8
Change Component Designator: OldDesignator=D2 NewDesignator=D6
Change Component Designator: OldDesignator=D3 NewDesignator=D7
Change Component Designator: OldDesignator=D4 NewDesignator=D5
Change Component Designator: OldDesignator=D5 NewDesignator=D4
Change Component Designator: OldDesignator=D6 NewDesignator=D3
Change Component Designator: OldDesignator=D7 NewDesignator=D2
Change Component Designator: OldDesignator=D8 NewDesignator=D1
Change Component Designator: OldDesignator=J1 NewDesignator=J20
Change Component Designator: OldDesignator=J2 NewDesignator=J13
Change Component Designator: OldDesignator=J3 NewDesignator=J15
Change Component Designator: OldDesignator=J4 NewDesignator=J16
Change Component Designator: OldDesignator=J5 NewDesignator=J21
Change Component Designator: OldDesignator=J6 NewDesignator=J18
Change Component Designator: OldDesignator=J7 NewDesignator=J12
Change Component Designator: OldDesignator=J8 NewDesignator=J17
Change Component Designator: OldDesignator=J9 NewDesignator=J5
Change Component Designator: OldDesignator=J10 NewDesignator=J3
Change Component Designator: OldDesignator=J11 NewDesignator=J1
Change Component Designator: OldDesignator=J12 NewDesignator=J4
Change Component Designator: OldDesignator=J13 NewDesignator=J2
Change Component Designator: OldDesignator=J14 NewDesignator=J28
Change Component Designator: OldDesignator=J15 NewDesignator=J23
Change Component Designator: OldDesignator=J16 NewDesignator=J22
Change Component Designator: OldDesignator=J17 NewDesignator=J19
Change Component Designator: OldDesignator=J18 NewDesignator=J14
Change Component Designator: OldDesignator=J19 NewDesignator=J27
Change Component Designator: OldDesignator=J20 NewDesignator=J29
Change Component Designator: OldDesignator=J21 NewDesignator=J24
Change Component Designator: OldDesignator=J22 NewDesignator=J26
Change Component Designator: OldDesignator=J23 NewDesignator=J25
Change Component Designator: OldDesignator=J24 NewDesignator=J11
Change Component Designator: OldDesignator=J25 NewDesignator=J10
Change Component Designator: OldDesignator=J26 NewDesignator=J9
Change Component Designator: OldDesignator=J27 NewDesignator=J8
Change Component Designator: OldDesignator=J28 NewDesignator=J7
Change Component Designator: OldDesignator=J29 NewDesignator=J6
Change Component Designator: OldDesignator=K1 NewDesignator=K8
Change Component Designator: OldDesignator=K3 NewDesignator=K13
Change Component Designator: OldDesignator=K4 NewDesignator=K14
Change Component Designator: OldDesignator=K5 NewDesignator=K15
Change Component Designator: OldDesignator=K6 NewDesignator=K3
Change Component Designator: OldDesignator=K7 NewDesignator=K11
Change Component Designator: OldDesignator=K8 NewDesignator=K16
Change Component Designator: OldDesignator=K10 NewDesignator=K7
Change Component Designator: OldDesignator=K11 NewDesignator=K6
Change Component Designator: OldDesignator=K13 NewDesignator=K10
Change Component Designator: OldDesignator=K14 NewDesignator=K4
Change Component Designator: OldDesignator=K15 NewDesignator=K1
Change Component Designator: OldDesignator=K16 NewDesignator=K5
Change Component Designator: OldDesignator=M1 NewDesignator=M2
Change Component Designator: OldDesignator=M2 NewDesignator=M4
Change Component Designator: OldDesignator=M3 NewDesignator=M1
Change Component Designator: OldDesignator=M4 NewDesignator=M5
Change Component Designator: OldDesignator=M5 NewDesignator=M3
Change Component Designator: OldDesignator=R1 NewDesignator=R23
Change Component Designator: OldDesignator=R2 NewDesignator=R70
Change Component Designator: OldDesignator=R3 NewDesignator=R20
Change Component Designator: OldDesignator=R4 NewDesignator=R5
Change Component Designator: OldDesignator=R5 NewDesignator=R22
Change Component Designator: OldDesignator=R6 NewDesignator=R3
Change Component Designator: OldDesignator=R7 NewDesignator=R32
Change Component Designator: OldDesignator=R8 NewDesignator=R30
Change Component Designator: OldDesignator=R9 NewDesignator=R25
Change Component Designator: OldDesignator=R10 NewDesignator=R26
Change Component Designator: OldDesignator=R11 NewDesignator=R65
Change Component Designator: OldDesignator=R12 NewDesignator=R28
Change Component Designator: OldDesignator=R13 NewDesignator=R27
Change Component Designator: OldDesignator=R14 NewDesignator=R52
Change Component Designator: OldDesignator=R15 NewDesignator=R63
Change Component Designator: OldDesignator=R16 NewDesignator=R61
Change Component Designator: OldDesignator=R17 NewDesignator=R62
Change Component Designator: OldDesignator=R18 NewDesignator=R58
Change Component Designator: OldDesignator=R19 NewDesignator=R51
Change Component Designator: OldDesignator=R20 NewDesignator=R42
Change Component Designator: OldDesignator=R21 NewDesignator=R41
Change Component Designator: OldDesignator=R22 NewDesignator=R49
Change Component Designator: OldDesignator=R23 NewDesignator=R6
Change Component Designator: OldDesignator=R25 NewDesignator=R21
Change Component Designator: OldDesignator=R26 NewDesignator=R69
Change Component Designator: OldDesignator=R27 NewDesignator=R71
Change Component Designator: OldDesignator=R28 NewDesignator=R68
Change Component Designator: OldDesignator=R29 NewDesignator=R47
Change Component Designator: OldDesignator=R30 NewDesignator=R14
Change Component Designator: OldDesignator=R31 NewDesignator=R56
Change Component Designator: OldDesignator=R32 NewDesignator=R43
Change Component Designator: OldDesignator=R33 NewDesignator=R44
Change Component Designator: OldDesignator=R34 NewDesignator=R46
Change Component Designator: OldDesignator=R35 NewDesignator=R4
Change Component Designator: OldDesignator=R36 NewDesignator=R39
Change Component Designator: OldDesignator=R37 NewDesignator=R33
Change Component Designator: OldDesignator=R38 NewDesignator=R18
Change Component Designator: OldDesignator=R39 NewDesignator=R19
Change Component Designator: OldDesignator=R40 NewDesignator=R64
Change Component Designator: OldDesignator=R41 NewDesignator=R66
Change Component Designator: OldDesignator=R42 NewDesignator=R50
Change Component Designator: OldDesignator=R43 NewDesignator=R17
Change Component Designator: OldDesignator=R44 NewDesignator=R34
Change Component Designator: OldDesignator=R45 NewDesignator=R53
Change Component Designator: OldDesignator=R46 NewDesignator=R54
Change Component Designator: OldDesignator=R47 NewDesignator=R60
Change Component Designator: OldDesignator=R48 NewDesignator=R67
Change Component Designator: OldDesignator=R49 NewDesignator=R59
Change Component Designator: OldDesignator=R50 NewDesignator=R72
Change Component Designator: OldDesignator=R51 NewDesignator=R38
Change Component Designator: OldDesignator=R52 NewDesignator=R1
Change Component Designator: OldDesignator=R53 NewDesignator=R12
Change Component Designator: OldDesignator=R54 NewDesignator=R9
Change Component Designator: OldDesignator=R55 NewDesignator=R13
Change Component Designator: OldDesignator=R56 NewDesignator=R10
Change Component Designator: OldDesignator=R57 NewDesignator=R7
Change Component Designator: OldDesignator=R58 NewDesignator=R11
Change Component Designator: OldDesignator=R59 NewDesignator=R8
Change Component Designator: OldDesignator=R60 NewDesignator=R35
Change Component Designator: OldDesignator=R61 NewDesignator=R29
Change Component Designator: OldDesignator=R62 NewDesignator=R48
Change Component Designator: OldDesignator=R63 NewDesignator=R36
Change Component Designator: OldDesignator=R64 NewDesignator=R15
Change Component Designator: OldDesignator=R65 NewDesignator=R16
Change Component Designator: OldDesignator=R66 NewDesignator=R55
Change Component Designator: OldDesignator=R67 NewDesignator=R40
Change Component Designator: OldDesignator=R68 NewDesignator=R57
Change Component Designator: OldDesignator=R69 NewDesignator=R37
Change Component Designator: OldDesignator=R70 NewDesignator=R45
Change Component Designator: OldDesignator=R71 NewDesignator=R31
Change Component Designator: OldDesignator=R72 NewDesignator=R2
Change Component Designator: OldDesignator=SW1 NewDesignator=SW3
Change Component Designator: OldDesignator=SW3 NewDesignator=SW4
Change Component Designator: OldDesignator=SW4 NewDesignator=SW6
Change Component Designator: OldDesignator=SW6 NewDesignator=SW7
Change Component Designator: OldDesignator=SW7 NewDesignator=SW1
Change Component Designator: OldDesignator=TP1 NewDesignator=TP12
Change Component Designator: OldDesignator=TP2 NewDesignator=TP9
Change Component Designator: OldDesignator=TP3 NewDesignator=TP1
Change Component Designator: OldDesignator=TP4 NewDesignator=TP7
Change Component Designator: OldDesignator=TP5 NewDesignator=TP8
Change Component Designator: OldDesignator=TP6 NewDesignator=TP2
Change Component Designator: OldDesignator=TP7 NewDesignator=TP5
Change Component Designator: OldDesignator=TP8 NewDesignator=TP11
Change Component Designator: OldDesignator=TP9 NewDesignator=TP10
Change Component Designator: OldDesignator=TP10 NewDesignator=TP4
Change Component Designator: OldDesignator=TP11 NewDesignator=TP6
Change Component Designator: OldDesignator=TP12 NewDesignator=TP3
Change Component Designator: OldDesignator=U1 NewDesignator=U2
Change Component Designator: OldDesignator=U2 NewDesignator=U1
Change Net Name : Old Net Name=NetC8_1 New Net Name=NetC11_1
Change Net Name : Old Net Name=NetC9_1 New Net Name=NetC10_1
Change Net Name : Old Net Name=NetC10_1 New Net Name=NetC13_1
Change Net Name : Old Net Name=NetC11_1 New Net Name=NetC16_1
Change Net Name : Old Net Name=NetC15_1 New Net Name=NetC25_1
Change Net Name : Old Net Name=NetC16_1 New Net Name=NetC30_1
Change Net Name : Old Net Name=NetC21_1 New Net Name=NetC2_1
Change Net Name : Old Net Name=NetC22_1 New Net Name=NetC3_1
Change Net Name : Old Net Name=NetC22_2 New Net Name=NetC3_2
Change Net Name : Old Net Name=NetC23_1 New Net Name=NetC4_1
Change Net Name : Old Net Name=NetC23_2 New Net Name=NetC4_2
Change Net Name : Old Net Name=NetC24_2 New Net Name=NetC1_2
Change Net Name : Old Net Name=NetC26_1 New Net Name=NetC12_1
Change Net Name : Old Net Name=NetC30_2 New Net Name=NetC33_2
Change Net Name : Old Net Name=NetC33_2 New Net Name=NetC32_2
Change Net Name : Old Net Name=NetC34_2 New Net Name=NetC28_2
Change Net Name : Old Net Name=NetD1_A New Net Name=NetD8_A
Change Net Name : Old Net Name=NetD2_K New Net Name=NetD6_K
Change Net Name : Old Net Name=NetD3_K New Net Name=NetD7_K
Change Net Name : Old Net Name=NetD4_A New Net Name=NetD5_A
Change Net Name : Old Net Name=NetD5_A New Net Name=NetD4_A
Change Net Name : Old Net Name=NetD6_A New Net Name=NetD3_A
Change Net Name : Old Net Name=NetD7_A New Net Name=NetD2_A
Change Net Name : Old Net Name=NetD8_A New Net Name=NetD1_A
Change Net Name : Old Net Name=NetJ1_2 New Net Name=NetJ20_2
Change Net Name : Old Net Name=NetJ5_2 New Net Name=NetJ21_2
Change Net Name : Old Net Name=NetJ14_2 New Net Name=NetJ28_2
Change Net Name : Old Net Name=NetJ15_2 New Net Name=NetJ23_2
Change Net Name : Old Net Name=NetJ16_2 New Net Name=NetJ22_2
Change Net Name : Old Net Name=NetJ17_2 New Net Name=NetJ19_2
Change Net Name : Old Net Name=NetJ18_2 New Net Name=NetJ14_2
Change Net Name : Old Net Name=NetJ19_2 New Net Name=NetJ27_2
Change Net Name : Old Net Name=NetJ20_2 New Net Name=NetJ29_2
Change Net Name : Old Net Name=NetJ21_1 New Net Name=NetJ24_1
Change Net Name : Old Net Name=NetJ22_1 New Net Name=NetJ26_1
Change Net Name : Old Net Name=NetJ23_1 New Net Name=NetJ25_1
Change Net Name : Old Net Name=NetJ24_2 New Net Name=NetJ11_2
Change Net Name : Old Net Name=NetJ25_2 New Net Name=NetJ10_2
Change Net Name : Old Net Name=NetJ26_2 New Net Name=NetJ9_2
Change Net Name : Old Net Name=NetJ27_2 New Net Name=NetJ8_2
Change Net Name : Old Net Name=NetJ28_2 New Net Name=NetJ7_2
Change Net Name : Old Net Name=NetJ29_2 New Net Name=NetJ6_2
Change Net Name : Old Net Name=NetK4_3 New Net Name=NetK14_3
Change Net Name : Old Net Name=NetK4_5 New Net Name=NetK14_5
Change Net Name : Old Net Name=NetK4_7 New Net Name=NetK14_7
Change Net Name : Old Net Name=NetK4_9 New Net Name=NetK14_9
Change Net Name : Old Net Name=NetK4_11 New Net Name=NetK14_11
Change Net Name : Old Net Name=NetK11_2 New Net Name=NetK4_2
Change Net Name : Old Net Name=NetR43_1 New Net Name=NetR17_1
Change Net Name : Old Net Name=NetR44_1 New Net Name=NetR34_1
Change Net Name : Old Net Name=NetR57_2 New Net Name=NetR7_2
Change Net Name : Old Net Name=NetR64_1 New Net Name=NetR15_1
Change Net Name : Old Net Name=NetR65_1 New Net Name=NetR16_1
Change Net Name : Old Net Name=NetTP1_1 New Net Name=NetTP12_1
Change Net Name : Old Net Name=NetTP2_1 New Net Name=NetTP9_1
Change Net Name : Old Net Name=NetTP3_1 New Net Name=NetTP1_1
Change Net Name : Old Net Name=NetTP4_1 New Net Name=NetTP7_1
Change Net Name : Old Net Name=NetTP5_1 New Net Name=NetTP8_1
Change Net Name : Old Net Name=NetTP6_1 New Net Name=NetTP2_1
Change Net Name : Old Net Name=NetTP7_1 New Net Name=NetTP5_1
Change Net Name : Old Net Name=NetTP8_1 New Net Name=NetTP11_1
Change Net Name : Old Net Name=NetTP9_1 New Net Name=NetTP10_1
Change Net Name : Old Net Name=NetTP10_1 New Net Name=NetTP4_1
Change Net Name : Old Net Name=NetTP11_1 New Net Name=NetTP6_1
Change Net Name : Old Net Name=NetTP12_1 New Net Name=NetTP3_1
Change Net Name : Old Net Name=NetU1_15 New Net Name=NetU2_15
Change Net Name : Old Net Name=NetU1_16 New Net Name=NetU2_16
Change Net Name : Old Net Name=NetU1_17 New Net Name=NetU2_17
Change Net Name : Old Net Name=NetU1_18 New Net Name=NetU2_18
Change Net Name : Old Net Name=NetU1_39 New Net Name=NetU2_39
Change Net Name : Old Net Name=NetU1_40 New Net Name=NetU2_40
Change Net Name : Old Net Name=NetU1_41 New Net Name=NetU2_41
Change Net Name : Old Net Name=NetU1_42 New Net Name=NetU2_42
Change Net Name : Old Net Name=NetU1_43 New Net Name=NetU2_43
Change Net Name : Old Net Name=NetU1_44 New Net Name=NetU2_44
Change Net Name : Old Net Name=NetU1_45 New Net Name=NetU2_45
Change Net Name : Old Net Name=NetU1_46 New Net Name=NetU2_46
Change Net Name : Old Net Name=NetU1_47 New Net Name=NetU2_47
Change Net Name : Old Net Name=NetU1_48 New Net Name=NetU2_48
Change Net Name : Old Net Name=NetU1_67 New Net Name=NetU2_67
Change Net Name : Old Net Name=NetU1_68 New Net Name=NetU2_68
Change Net Name : Old Net Name=NetU2_1 New Net Name=NetU1_1
Added Room: Name=Top
