Removed Pin From Net: NetName=3V3 Pin=C23-1
Removed Pin From Net: NetName=3V3 Pin=C24-1
Removed Pin From Net: NetName=3V3 Pin=C25-1
Removed Pin From Net: NetName=3V3 Pin=C26-1
Removed Pin From Net: NetName=BOOT0 Pin=K7-2
Removed Pin From Net: NetName=GND Pin=K7-3
Removed Pin From Net: NetName=3V3 Pin=K8-1
Removed Pin From Net: NetName=BOOT1 Pin=K8-2
Removed Pin From Net: NetName=GND Pin=K8-3
Removed Pin From Net: NetName=USART2_TX Pin=K10-1
Removed Pin From Net: NetName=USART2_RX Pin=K10-2
Removed Pin From Net: NetName=3V3 Pin=K10-3
Removed Pin From Net: NetName=GND Pin=K10-4
Removed Pin From Net: NetName=SWDIO Pin=K13-2
Removed Pin From Net: NetName=SWCLK Pin=K13-3
Removed Pin From Net: NetName=NRST Pin=K13-4
Removed Pin From Net: NetName=GND Pin=K13-5
Removed Pin From Net: NetName=BOOT1 Pin=R50-2
Removed Pin From Net: NetName=BOOT0 Pin=R57-2
Removed Pin From Net: NetName=NetTP2_1 Pin=U2-7
Removed Pin From Net: NetName=NetR50_1 Pin=U2-37
Removed Pin From Net: NetName=NetTP10_1 Pin=U2-77
Removed Pin From Net: NetName=NetTP4_1 Pin=U2-81
Removed Pin From Net: NetName=NetTP5_1 Pin=U2-82
Removed Pin From Net: NetName=NetTP6_1 Pin=U2-88
Removed Pin From Net: NetName=NetTP3_1 Pin=U2-90
Removed Pin From Net: NetName=NetR57_1 Pin=U2-94
Removed Pin From Net: NetName=NetTP8_1 Pin=U2-97
Removed Pin From Net: NetName=NetTP9_1 Pin=U2-98
Change Component DesignItemId : Designator=K8 Old DesignItemId=Connector_Headers_SMD_M_3x1 New DesignItemId=Connector_Headers_SMD_M_4x1
Change Component DesignItemId : Designator=K7 Old DesignItemId=Connector_Headers_SMD_M_3x1 New DesignItemId=Connector_Headers_SMD_M_5x1-SWD
Change Component DesignItemId : Designator=K10 Old DesignItemId=Connector_Headers_SMD_M_4x1 New DesignItemId=Connector_Headers_SMD_M_3x1
Change Component DesignItemId : Designator=K13 Old DesignItemId=Connector_Headers_SMD_M_5x1-SWD New DesignItemId=Connector_Headers_SMD_M_3x1
Change Component DesignItemId : Designator=C23 Old DesignItemId=Passives_Capacitors_0402_1UF-10V-X5R-SAM New DesignItemId=Passives_Capacitors_0603_6N850V-X7R-MUR
Change Component DesignItemId : Designator=C24 Old DesignItemId=Passives_Capacitors_0402_1UF-10V-X5R-SAM New DesignItemId=Passives_Capacitors_0603_6N850V-X7R-MUR
Change Component DesignItemId : Designator=C25 Old DesignItemId=Passives_Capacitors_0402_1UF-10V-X5R-SAM New DesignItemId=Passives_Capacitors_0603_22PF-50V-C0G-PAN
Change Component DesignItemId : Designator=C26 Old DesignItemId=Passives_Capacitors_0402_1UF-10V-X5R-SAM New DesignItemId=Passives_Capacitors_0603_22PF-50V-C0G-PAN
Change Component DesignItemId : Designator=C12 Old DesignItemId=Passives_Capacitors_0603_6N850V-X7R-MUR New DesignItemId=Passives_Capacitors_0402_1UF-10V-X5R-SAM
Change Component DesignItemId : Designator=C11 Old DesignItemId=Passives_Capacitors_0603_6N850V-X7R-MUR New DesignItemId=Passives_Capacitors_Tantalum_1206C-TANTAL SIZE A-10u16V
Change Component DesignItemId : Designator=C13 Old DesignItemId=Passives_Capacitors_0603_22PF-50V-C0G-PAN New DesignItemId=Passives_Capacitors_0402_1UF-10V-X5R-SAM
Change Component DesignItemId : Designator=C14 Old DesignItemId=Passives_Capacitors_0603_22PF-50V-C0G-PAN New DesignItemId=Passives_Capacitors_0402_1UF-10V-X5R-SAM
Change Component DesignItemId : Designator=C17 Old DesignItemId=Passives_Capacitors_Tantalum_1206C-TANTAL SIZE A-10u16V New DesignItemId=Passives_Capacitors_0402_1UF-10V-X5R-SAM
Change Component Footprint: Designator=C23 Old Footprint=0402C-GENERIC New Footprint=0603C-GENERIC
Change Component Footprint: Designator=C24 Old Footprint=0402C-GENERIC New Footprint=0603C-GENERIC
Change Component Footprint: Designator=C25 Old Footprint=0402C-GENERIC New Footprint=0603C-GENERIC
Change Component Footprint: Designator=C26 Old Footprint=0402C-GENERIC New Footprint=0603C-GENERIC
Change Component Footprint: Designator=C12 Old Footprint=0603C-GENERIC New Footprint=0402C-GENERIC
Change Component Footprint: Designator=C13 Old Footprint=0603C-GENERIC New Footprint=0402C-GENERIC
Change Component Footprint: Designator=C14 Old Footprint=0603C-GENERIC New Footprint=0402C-GENERIC
Change Component Footprint: Designator=C11 Old Footprint=0603C-GENERIC New Footprint=1206C+_TANTAL-10u16V
Change Component Footprint: Designator=C17 Old Footprint=1206C+_TANTAL-10u16V New Footprint=0402C-GENERIC
Change Component Footprint: Designator=K8 Old Footprint=Header_Male_2.54 3x1 New Footprint=Header_Male_2.54 4x1
Change Component Footprint: Designator=K7 Old Footprint=Header_Male_2.54 3x1 New Footprint=Header_Male_2.54 5x1
Change Component Footprint: Designator=K10 Old Footprint=Header_Male_2.54 4x1 New Footprint=Header_Male_2.54 3x1
Change Component Footprint: Designator=K13 Old Footprint=Header_Male_2.54 5x1 New Footprint=Header_Male_2.54 3x1
Change Component Comment : Designator=C23 Old Comment=1uF New Comment=7pF
Change Component Comment : Designator=C24 Old Comment=1uF New Comment=7pF
Change Component Comment : Designator=C25 Old Comment=1uF New Comment=22pF
Change Component Comment : Designator=C26 Old Comment=1uF New Comment=22pF
Change Component Comment : Designator=C12 Old Comment=7pF New Comment=1uF
Change Component Comment : Designator=C11 Old Comment=7pF New Comment=1206 10u16V TANT
Change Component Comment : Designator=C13 Old Comment=22pF New Comment=1uF
Change Component Comment : Designator=C14 Old Comment=22pF New Comment=1uF
Change Component Comment : Designator=C17 Old Comment=1206 10u16V TANT New Comment=1uF
Change Component Comment : Designator=K8 Old Comment=Connector_Headers_SMD_M_3x1 New Comment=Connector_Headers_SMD_M_4x1
Change Component Comment : Designator=K7 Old Comment=Connector_Headers_SMD_M_3x1 New Comment=Connector_Headers_SMD_M_5x1-SWD
Change Component Comment : Designator=K10 Old Comment=Connector_Headers_SMD_M_4x1 New Comment=Connector_Headers_SMD_M_3x1
Change Component Comment : Designator=K13 Old Comment=Connector_Headers_SMD_M_5x1-SWD New Comment=Connector_Headers_SMD_M_3x1
Change Component Description : Designator=U1 Old Description=ARM Cortex-M4 32-bit MCU+FPU, 210 DMIPS, 1024 kB Flash, 192 kB Internal RAM, 82 I/Os, 100-pin LQFP, -40 to 85 degC, Tray New Description=
Change Component Description : Designator=C3 Old Description=CAPACITOR 0603 CERAMIC New Description=
Change Component Description : Designator=C18 Old Description=CAPACITOR 0603 CERAMIC New Description=
Change Component Description : Designator=C1 Old Description=CAPACITOR 1210 CERAMIC VALUE TO BE DETERMINED New Description=
Change Component Description : Designator=R44 Old Description=RESISTOR 0805 1/4 WATT THIN FILM New Description=
Change Component Description : Designator=R66 Old Description=RESISTOR 0805 1/4 WATT THIN FILM New Description=
Change Component Description : Designator=R67 Old Description=RESISTOR 0805 1/4 WATT THIN FILM New Description=
Change Component Description : Designator=R68 Old Description=RESISTOR 0805 1/4 WATT THIN FILM New Description=
Change Component Description : Designator=R69 Old Description=RESISTOR 0805 1/4 WATT THIN FILM New Description=
Change Component Description : Designator=R71 Old Description=RESISTOR 0805 1/4 WATT THIN FILM New Description=
Change Component Description : Designator=R2 Old Description=RESISTOR 0805 1 WATT New Description=
Change Component Description : Designator=R5 Old Description=RESISTOR 0805 1 WATT New Description=
Change Component Description : Designator=R6 Old Description=RESISTOR 0805 1 WATT New Description=
Change Component Description : Designator=R9 Old Description=RESISTOR 0805 1 WATT New Description=
Change Component Description : Designator=R10 Old Description=RESISTOR 0805 1 WATT New Description=
Change Component Description : Designator=R14 Old Description=RESISTOR 0805 1 WATT New Description=
Change Component Description : Designator=R16 Old Description=RESISTOR 0805 1 WATT New Description=
Change Component Description : Designator=R17 Old Description=RESISTOR 0805 1 WATT New Description=
Change Component Description : Designator=R19 Old Description=RESISTOR 0805 1 WATT New Description=
Change Component Description : Designator=R21 Old Description=RESISTOR 0805 1 WATT New Description=
Change Component Description : Designator=R23 Old Description=RESISTOR 0805 1 WATT New Description=
Change Component Description : Designator=R25 Old Description=RESISTOR 0805 1 WATT New Description=
Change Component Description : Designator=R41 Old Description=RESISTOR 0805 1 WATT New Description=
Change Component Description : Designator=R42 Old Description=RESISTOR 0805 1 WATT New Description=
Change Component Description : Designator=K11 Old Description=SMD Header 3x1 New Description=
Added Pin To Net: NetName=3V3 Pin=C11-1
Added Pin To Net: NetName=3V3 Pin=C12-1
Added Pin To Net: NetName=3V3 Pin=C13-1
Added Pin To Net: NetName=3V3 Pin=C14-1
Added Pin To Net: NetName=SWDIO Pin=K7-2
Added Pin To Net: NetName=SWCLK Pin=K7-3
Added Pin To Net: NetName=NRST Pin=K7-4
Added Pin To Net: NetName=GND Pin=K7-5
Added Pin To Net: NetName=USART2_TX Pin=K8-1
Added Pin To Net: NetName=USART2_RX Pin=K8-2
Added Pin To Net: NetName=3V3 Pin=K8-3
Added Pin To Net: NetName=GND Pin=K8-4
Added Pin To Net: NetName=3V3 Pin=K10-1
Added Pin To Net: NetName=BOOT0 Pin=K10-2
Added Pin To Net: NetName=GND Pin=K10-3
Added Pin To Net: NetName=BOOT1 Pin=K13-2
Added Pin To Net: NetName=GND Pin=K13-3
Added Pin To Net: NetName=BOOT0 Pin=R50-2
Added Pin To Net: NetName=BOOT1 Pin=R57-2
Added Pin To Net: NetName=NetTP3_1 Pin=U2-7
Added Pin To Net: NetName=NetR57_1 Pin=U2-37
Added Pin To Net: NetName=NetTP2_1 Pin=U2-77
Added Pin To Net: NetName=NetTP8_1 Pin=U2-81
Added Pin To Net: NetName=NetTP9_1 Pin=U2-82
Added Pin To Net: NetName=NetTP10_1 Pin=U2-88
Added Pin To Net: NetName=NetTP6_1 Pin=U2-90
Added Pin To Net: NetName=NetR50_1 Pin=U2-94
Added Pin To Net: NetName=NetTP4_1 Pin=U2-97
Added Pin To Net: NetName=NetTP5_1 Pin=U2-98
Added Pin To Net: NetName=NetC23_1 Pin=C23-1
Added Pin To Net: NetName=NetC23_1 Pin=Y1-1
Added Net: Name=NetC23_1
Added Pin To Net: NetName=NetC24_1 Pin=C24-1
Added Pin To Net: NetName=NetC24_1 Pin=Y1-3
Added Net: Name=NetC24_1
Added Pin To Net: NetName=NetC25_1 Pin=C25-1
Added Pin To Net: NetName=NetC25_1 Pin=Y2-1
Added Net: Name=NetC25_1
Added Pin To Net: NetName=NetC26_1 Pin=C26-1
Added Pin To Net: NetName=NetC26_1 Pin=Y2-3
Added Net: Name=NetC26_1
