Added Component: Designator=C22(1210C-GENERIC)
Added Component: Designator=C23(0603C-GENERIC)
Added Component: Designator=C24(0603C-GENERIC)
Added Component: Designator=C25(0603C-GENERIC)
Added Component: Designator=C26(0603C-GENERIC)
Added Component: Designator=C27(0603C-GENERIC)
Added Component: Designator=C28(1210C-GENERIC)
Added Component: Designator=R19(0805R-330K)
Added Pin To Net: NetName=GND Pin=C22-1
Added Pin To Net: NetName=3V3 Pin=C22-2
Added Pin To Net: NetName=GND Pin=C25-1
Added Pin To Net: NetName=3V3 Pin=C25-2
Added Pin To Net: NetName=3V3 Pin=C26-1
Added Pin To Net: NetName=GND Pin=C26-2
Added Pin To Net: NetName=GND Pin=C27-2
Added Pin To Net: NetName=GND Pin=C28-1
Added Pin To Net: NetName=GND Pin=CN1-1
Added Pin To Net: NetName=3V3 Pin=CN1-6
Added Pin To Net: NetName=GND Pin=CN1-8
Added Pin To Net: NetName=3V3 Pin=CN1-9
Added Pin To Net: NetName=GND Pin=CN1-10
Added Pin To Net: NetName=GND Pin=CN1-11
Added Pin To Net: NetName=GND Pin=CN1-12
Added Pin To Net: NetName=GND Pin=CN1-29
Added Pin To Net: NetName=GND Pin=CN1-30
Added Pin To Net: NetName=GND Pin=R19-1
Added Pin To Net: NetName=NetC23_1 Pin=C23-1
Added Pin To Net: NetName=NetC23_1 Pin=CN1-3
Added Net: Name=NetC23_1
Added Pin To Net: NetName=NetC23_2 Pin=C23-2
Added Pin To Net: NetName=NetC23_2 Pin=CN1-2
Added Net: Name=NetC23_2
Added Pin To Net: NetName=NetC24_1 Pin=C24-1
Added Pin To Net: NetName=NetC24_1 Pin=CN1-5
Added Net: Name=NetC24_1
Added Pin To Net: NetName=NetC24_2 Pin=C24-2
Added Pin To Net: NetName=NetC24_2 Pin=CN1-4
Added Net: Name=NetC24_2
Added Pin To Net: NetName=NetC27_1 Pin=C27-1
Added Pin To Net: NetName=NetC27_1 Pin=CN1-27
Added Net: Name=NetC27_1
Added Pin To Net: NetName=NetC28_2 Pin=C28-2
Added Pin To Net: NetName=NetC28_2 Pin=CN1-28
Added Net: Name=NetC28_2
Added Pin To Net: NetName=NetCN1_26 Pin=CN1-26
Added Pin To Net: NetName=NetCN1_26 Pin=R19-2
Added Net: Name=NetCN1_26
Added Member To Class: ClassName=General Overview Member=Component C22 TBD
Added Member To Class: ClassName=General Overview Member=Component C23 1uF
Added Member To Class: ClassName=General Overview Member=Component C24 1uF
Added Member To Class: ClassName=General Overview Member=Component C25 1uF
Added Member To Class: ClassName=General Overview Member=Component C26 1uF
Added Member To Class: ClassName=General Overview Member=Component C27 2n2
Added Member To Class: ClassName=General Overview Member=Component C28 TBD
Added Member To Class: ClassName=General Overview Member=Component R19 330K
