Removed Pin From Net: NetName=ENC2_A Pin=R11-1
Removed Pin From Net: NetName=ENC2_A Pin=R11-2
Removed Pin From Net: NetName=ENC2_B Pin=R12-1
Removed Pin From Net: NetName=ENC2_B Pin=R12-2
Removed Member From Class: ClassName=General Overview Member=R51
Removed Member From Class: ClassName=General Overview Member=R52
Removed Member From Class: ClassName=General Overview Member=R60
Removed Member From Class: ClassName=General Overview Member=R61
Removed Member From Class: ClassName=General Overview Member=R63
Change Component DesignItemId : Designator=R24 Old DesignItemId=1206R-0R New DesignItemId=0805R-0R
Change Component Footprint: Designator=R24 Old Footprint=1206R-GENERIC New Footprint=0805R-GENERIC
Change Component Comment : Designator=R24 Old Comment=1206R-0R New Comment=0805-0R
Change Component Designator: OldDesignator=C1 NewDesignator=C2
Change Component Designator: OldDesignator=C2 NewDesignator=C3
Change Component Designator: OldDesignator=C3 NewDesignator=C4
Change Component Designator: OldDesignator=C4 NewDesignator=C5
Change Component Designator: OldDesignator=C5 NewDesignator=C6
Change Component Designator: OldDesignator=C6 NewDesignator=C7
Change Component Designator: OldDesignator=C7 NewDesignator=C8
Change Component Designator: OldDesignator=C8 NewDesignator=C9
Change Component Designator: OldDesignator=C9 NewDesignator=C10
Change Component Designator: OldDesignator=C10 NewDesignator=C11
Change Component Designator: OldDesignator=C11 NewDesignator=C13
Change Component Designator: OldDesignator=C12 NewDesignator=C14
Change Component Designator: OldDesignator=C13 NewDesignator=C15
Change Component Designator: OldDesignator=C14 NewDesignator=C16
Change Component Designator: OldDesignator=C15 NewDesignator=C17
Change Component Designator: OldDesignator=C16 NewDesignator=C18
Change Component Designator: OldDesignator=C17 NewDesignator=C19
Change Component Designator: OldDesignator=C18 NewDesignator=C20
Change Component Designator: OldDesignator=C19 NewDesignator=C21
Change Component Designator: OldDesignator=C20 NewDesignator=C22
Change Component Designator: OldDesignator=C21 NewDesignator=C23
Change Component Designator: OldDesignator=C22 NewDesignator=C24
Change Component Designator: OldDesignator=C23 NewDesignator=C25
Change Component Designator: OldDesignator=C24 NewDesignator=C26
Change Component Designator: OldDesignator=C25 NewDesignator=C27
Change Component Designator: OldDesignator=C26 NewDesignator=C28
Change Component Designator: OldDesignator=C27 NewDesignator=C29
Change Component Designator: OldDesignator=C28 NewDesignator=C30
Change Component Designator: OldDesignator=C29 NewDesignator=C31
Change Component Designator: OldDesignator=C30 NewDesignator=C32
Change Component Designator: OldDesignator=C31 NewDesignator=C33
Change Component Designator: OldDesignator=C32 NewDesignator=C34
Change Component Designator: OldDesignator=C33 NewDesignator=C35
Change Component Designator: OldDesignator=C34 NewDesignator=C36
Change Component Designator: OldDesignator=C35 NewDesignator=C37
Change Component Designator: OldDesignator=C36 NewDesignator=C12
Change Component Designator: OldDesignator=C37 NewDesignator=C1
Change Component Designator: OldDesignator=K10 NewDesignator=K9
Change Component Designator: OldDesignator=K11 NewDesignator=K10
Change Component Designator: OldDesignator=K12 NewDesignator=K11
Change Component Designator: OldDesignator=K13 NewDesignator=K12
Change Component Designator: OldDesignator=K14 NewDesignator=K13
Change Component Designator: OldDesignator=K15 NewDesignator=K14
Change Component Designator: OldDesignator=R2 NewDesignator=R15
Change Component Designator: OldDesignator=R3 NewDesignator=R2
Change Component Designator: OldDesignator=R4 NewDesignator=R3
Change Component Designator: OldDesignator=R5 NewDesignator=R4
Change Component Designator: OldDesignator=R6 NewDesignator=R17
Change Component Designator: OldDesignator=R7 NewDesignator=R5
Change Component Designator: OldDesignator=R8 NewDesignator=R6
Change Component Designator: OldDesignator=R9 NewDesignator=R7
Change Component Designator: OldDesignator=R10 NewDesignator=R19
Change Component Designator: OldDesignator=R13 NewDesignator=R8
Change Component Designator: OldDesignator=R14 NewDesignator=R21
Change Component Designator: OldDesignator=R17 NewDesignator=R23
Change Component Designator: OldDesignator=R18 NewDesignator=R11
Change Component Designator: OldDesignator=R21 NewDesignator=R25
Change Component Designator: OldDesignator=R27 NewDesignator=R9
Change Component Designator: OldDesignator=R30 NewDesignator=R10
Change Component Designator: OldDesignator=R31 NewDesignator=R14
Change Component Designator: OldDesignator=R33 NewDesignator=R12
Change Component Designator: OldDesignator=R34 NewDesignator=R16
Change Component Designator: OldDesignator=R36 NewDesignator=R13
Change Component Designator: OldDesignator=R37 NewDesignator=R18
Change Component Designator: OldDesignator=R40 NewDesignator=R20
Change Component Designator: OldDesignator=R43 NewDesignator=R22
Change Component Designator: OldDesignator=R45 NewDesignator=R30
Change Component Designator: OldDesignator=R46 NewDesignator=R31
Change Component Designator: OldDesignator=R47 NewDesignator=R32
Change Component Designator: OldDesignator=R48 NewDesignator=R33
Change Component Designator: OldDesignator=R49 NewDesignator=R34
Change Component Designator: OldDesignator=R50 NewDesignator=R35
Change Component Designator: OldDesignator=R51 NewDesignator=R36
Change Component Designator: OldDesignator=R52 NewDesignator=R37
Change Component Designator: OldDesignator=R53 NewDesignator=R38
Change Component Designator: OldDesignator=R54 NewDesignator=R39
Change Component Designator: OldDesignator=R55 NewDesignator=R40
Change Component Designator: OldDesignator=R56 NewDesignator=R41
Change Component Designator: OldDesignator=R57 NewDesignator=R42
Change Component Designator: OldDesignator=R58 NewDesignator=R43
Change Component Designator: OldDesignator=R59 NewDesignator=R44
Change Component Designator: OldDesignator=R60 NewDesignator=R45
Change Component Designator: OldDesignator=R61 NewDesignator=R46
Change Component Designator: OldDesignator=R62 NewDesignator=R47
Change Component Designator: OldDesignator=R63 NewDesignator=R48
Change Component Designator: OldDesignator=R64 NewDesignator=R49
Change Component Designator: OldDesignator=R65 NewDesignator=R50
Added Component: Designator=R26(0805R-GENERIC)
Added Component: Designator=R27(1206R-GENERIC)
Added Component: Designator=R28(0805R-GENERIC)
Added Component: Designator=R29(1206R-GENERIC)
Added Pin To Net: NetName=ENC2_A Pin=R24-1
Added Pin To Net: NetName=ENC2_A Pin=R24-2
Added Pin To Net: NetName=ENC2_B Pin=R29-1
Added Pin To Net: NetName=ENC2_B Pin=R29-2
Change Net Name : Old Net Name=NetC1_1 New Net Name=NetC2_1
Change Net Name : Old Net Name=NetC9_1 New Net Name=NetC10_1
Change Net Name : Old Net Name=NetC9_2 New Net Name=NetC10_2
Change Net Name : Old Net Name=NetC10_1 New Net Name=NetC11_1
Change Net Name : Old Net Name=NetC10_2 New Net Name=NetC11_2
Change Net Name : Old Net Name=NetC11_1 New Net Name=NetC13_1
Change Net Name : Old Net Name=NetC12_1 New Net Name=NetC14_1
Change Net Name : Old Net Name=NetC13_1 New Net Name=NetC15_1
Change Net Name : Old Net Name=NetC14_1 New Net Name=NetC16_1
Change Net Name : Old Net Name=NetC15_1 New Net Name=NetC17_1
Change Net Name : Old Net Name=NetC16_2 New Net Name=NetC18_2
Change Net Name : Old Net Name=NetC29_2 New Net Name=NetC31_2
Change Net Name : Old Net Name=NetC30_2 New Net Name=NetC32_2
Change Net Name : Old Net Name=NetC31_1 New Net Name=NetC33_1
Change Net Name : Old Net Name=NetC32_1 New Net Name=NetC34_1
Change Net Name : Old Net Name=NetC33_2 New Net Name=NetC35_2
Change Net Name : Old Net Name=NetC34_2 New Net Name=NetC36_2
Change Net Name : Old Net Name=NetK12_2 New Net Name=NetK11_2
Change Net Name : Old Net Name=NetK12_3 New Net Name=NetK11_3
Change Net Name : Old Net Name=NetR3_2 New Net Name=NetR2_2
Change Net Name : Old Net Name=NetR7_1 New Net Name=NetR5_1
Change Net Name : Old Net Name=NetR50_1 New Net Name=NetR35_1
Change Net Name : Old Net Name=NetR57_1 New Net Name=NetR42_1
Added Member To Class: ClassName=General Overview Member=Component R19 1206R-0R
Added Member To Class: ClassName=General Overview Member=Component R23 1206R-0R
Added Member To Class: ClassName=General Overview Member=Component R25 1206R-0R
Added Member To Class: ClassName=General Overview Member=Component R26 0805-0R
Added Member To Class: ClassName=General Overview Member=Component R28 0805-0R
Added Member To Class: ClassName=General Overview Member=Component R29 1206R-0R
