Removed Member From Class: ClassName=General Overview Member=R27
Removed Member From Class: ClassName=General Overview Member=R30
Removed Member From Class: ClassName=General Overview Member=R33
Removed Member From Class: ClassName=General Overview Member=R36
Removed Member From Class: ClassName=General Overview Member=R39
Removed Member From Class: ClassName=General Overview Member=R42
Added Component: Designator=C37(1210C-GENERIC)
Added Component: Designator=TP1(TESTPOINT)
Added Component: Designator=TP2(TESTPOINT)
Added Component: Designator=TP3(TESTPOINT)
Added Component: Designator=TP4(TESTPOINT)
Added Component: Designator=TP5(TESTPOINT)
Added Component: Designator=TP6(TESTPOINT)
Added Component: Designator=TP7(TESTPOINT)
Added Component: Designator=TP8(TESTPOINT)
Added Component: Designator=TP9(TESTPOINT)
Added Component: Designator=TP10(TESTPOINT)
Added Component: Designator=TP11(TESTPOINT)
Added Component: Designator=TP12(TESTPOINT)
Added Component: Designator=TP13(TESTPOINT)
Added Component: Designator=TP14(TESTPOINT)
Added Component: Designator=TP15(TESTPOINT)
Added Component: Designator=TP16(TESTPOINT)
Added Component: Designator=TP17(TESTPOINT)
Added Component: Designator=TP18(TESTPOINT)
Added Component: Designator=TP19(TESTPOINT)
Added Component: Designator=TP20(TESTPOINT)
Added Component: Designator=TP21(TESTPOINT)
Added Component: Designator=TP22(TESTPOINT)
Added Component: Designator=TP23(TESTPOINT)
Added Component: Designator=TP24(TESTPOINT)
Added Component: Designator=TP25(TESTPOINT)
Added Component: Designator=TP26(TESTPOINT)
Added Component: Designator=TP27(TESTPOINT)
Added Component: Designator=TP28(TESTPOINT)
Added Pin To Net: NetName=GND Pin=C37-1
Added Pin To Net: NetName=VBAT Pin=C37-2
Added Pin To Net: NetName=OLED_MOSI Pin=R31-1
Added Pin To Net: NetName=OLED_MOSI Pin=R31-2
Added Pin To Net: NetName=NetTP1_1 Pin=TP1-1
Added Pin To Net: NetName=NetTP2_1 Pin=TP2-1
Added Pin To Net: NetName=NetTP3_1 Pin=TP3-1
Added Pin To Net: NetName=NetTP4_1 Pin=TP4-1
Added Pin To Net: NetName=NetTP5_1 Pin=TP5-1
Added Pin To Net: NetName=NetTP6_1 Pin=TP6-1
Added Pin To Net: NetName=NetTP7_1 Pin=TP7-1
Added Pin To Net: NetName=NetTP8_1 Pin=TP8-1
Added Pin To Net: NetName=NetTP9_1 Pin=TP9-1
Added Pin To Net: NetName=NetTP10_1 Pin=TP10-1
Added Pin To Net: NetName=NetTP11_1 Pin=TP11-1
Added Pin To Net: NetName=NetTP12_1 Pin=TP12-1
Added Pin To Net: NetName=NetTP13_1 Pin=TP13-1
Added Pin To Net: NetName=NetTP14_1 Pin=TP14-1
Added Pin To Net: NetName=NetTP15_1 Pin=TP15-1
Added Pin To Net: NetName=NetTP16_1 Pin=TP16-1
Added Pin To Net: NetName=NetTP17_1 Pin=TP17-1
Added Pin To Net: NetName=NetTP18_1 Pin=TP18-1
Added Pin To Net: NetName=NetTP19_1 Pin=TP19-1
Added Pin To Net: NetName=NetTP20_1 Pin=TP20-1
Added Pin To Net: NetName=NetTP21_1 Pin=TP21-1
Added Pin To Net: NetName=NetTP22_1 Pin=TP22-1
Added Pin To Net: NetName=NetTP23_1 Pin=TP23-1
Added Pin To Net: NetName=NetTP24_1 Pin=TP24-1
Added Pin To Net: NetName=NetTP25_1 Pin=TP25-1
Added Pin To Net: NetName=NetTP26_1 Pin=TP26-1
Added Pin To Net: NetName=NetTP27_1 Pin=TP27-1
Added Pin To Net: NetName=NetTP28_1 Pin=TP28-1
Added Member To Class: ClassName=General Overview Member=Component C37 TBD
Added Member To Class: ClassName=General Overview Member=Component TP1 Connector_Production Connectors_SMD_TESTPOINT
Added Member To Class: ClassName=General Overview Member=Component TP2 Connector_Production Connectors_SMD_TESTPOINT
Added Member To Class: ClassName=General Overview Member=Component TP3 Connector_Production Connectors_SMD_TESTPOINT
Added Member To Class: ClassName=General Overview Member=Component TP4 Connector_Production Connectors_SMD_TESTPOINT
Added Member To Class: ClassName=General Overview Member=Component TP5 Connector_Production Connectors_SMD_TESTPOINT
Added Member To Class: ClassName=General Overview Member=Component TP6 Connector_Production Connectors_SMD_TESTPOINT
Added Member To Class: ClassName=General Overview Member=Component TP7 Connector_Production Connectors_SMD_TESTPOINT
Added Member To Class: ClassName=General Overview Member=Component TP8 Connector_Production Connectors_SMD_TESTPOINT
Added Member To Class: ClassName=General Overview Member=Component TP9 Connector_Production Connectors_SMD_TESTPOINT
Added Member To Class: ClassName=General Overview Member=Component TP10 Connector_Production Connectors_SMD_TESTPOINT
Added Member To Class: ClassName=General Overview Member=Component TP11 Connector_Production Connectors_SMD_TESTPOINT
Added Member To Class: ClassName=General Overview Member=Component TP12 Connector_Production Connectors_SMD_TESTPOINT
Added Member To Class: ClassName=General Overview Member=Component TP13 Connector_Production Connectors_SMD_TESTPOINT
Added Member To Class: ClassName=General Overview Member=Component TP14 Connector_Production Connectors_SMD_TESTPOINT
Added Member To Class: ClassName=General Overview Member=Component TP15 Connector_Production Connectors_SMD_TESTPOINT
Added Member To Class: ClassName=General Overview Member=Component TP16 Connector_Production Connectors_SMD_TESTPOINT
Added Member To Class: ClassName=General Overview Member=Component TP17 Connector_Production Connectors_SMD_TESTPOINT
Added Member To Class: ClassName=General Overview Member=Component TP18 Connector_Production Connectors_SMD_TESTPOINT
Added Member To Class: ClassName=General Overview Member=Component TP19 Connector_Production Connectors_SMD_TESTPOINT
Added Member To Class: ClassName=General Overview Member=Component TP20 Connector_Production Connectors_SMD_TESTPOINT
Added Member To Class: ClassName=General Overview Member=Component TP21 Connector_Production Connectors_SMD_TESTPOINT
Added Member To Class: ClassName=General Overview Member=Component TP22 Connector_Production Connectors_SMD_TESTPOINT
Added Member To Class: ClassName=General Overview Member=Component TP23 Connector_Production Connectors_SMD_TESTPOINT
Added Member To Class: ClassName=General Overview Member=Component TP24 Connector_Production Connectors_SMD_TESTPOINT
Added Member To Class: ClassName=General Overview Member=Component TP25 Connector_Production Connectors_SMD_TESTPOINT
Added Member To Class: ClassName=General Overview Member=Component TP26 Connector_Production Connectors_SMD_TESTPOINT
Added Member To Class: ClassName=General Overview Member=Component TP27 Connector_Production Connectors_SMD_TESTPOINT
Added Member To Class: ClassName=General Overview Member=Component TP28 Connector_Production Connectors_SMD_TESTPOINT
