Added Component: Designator=C5(0603C-GENERIC)
Added Component: Designator=C6(0603C-GENERIC)
Added Component: Designator=C7(0603C-GENERIC)
Added Component: Designator=C8(0603C-GENERIC)
Added Component: Designator=C9(1206C+_TANTAL-10u16V)
Added Component: Designator=J18(BYPASS-CLOSED)
Added Component: Designator=J19(BYPASS-CLOSED)
Added Component: Designator=J20(BYPASS-CLOSED)
Added Component: Designator=J21(BYPASS-CLOSED)
Added Component: Designator=K4(ADC-028)
Added Component: Designator=K5(Header_Male_2.54 3x1)
Added Component: Designator=K6(Header_Male_2.54 3x1)
Added Component: Designator=R8(0603R-TBD)
Added Component: Designator=R9(0603R-TBD)
Added Component: Designator=R10(0603R-TBD)
Added Component: Designator=R11(0603R-TBD)
Added Component: Designator=R12(0603R-TBD)
Added Component: Designator=R13(0603R-TBD)
Added Component: Designator=R14(0603R-TBD)
Added Component: Designator=R15(0603R-TBD)
Added Pin To Net: NetName=GND Pin=C5-1
Added Pin To Net: NetName=GND Pin=C6-1
Added Pin To Net: NetName=GND Pin=C7-2
Added Pin To Net: NetName=GND Pin=C8-2
Added Pin To Net: NetName=GND Pin=K5-2
Added Pin To Net: NetName=GND Pin=K6-2
Added Pin To Net: NetName=3V3 Pin=R8-1
Added Pin To Net: NetName=3V3 Pin=R9-1
Added Pin To Net: NetName=3V3 Pin=R14-2
Added Pin To Net: NetName=3V3 Pin=R15-2
Added Pin To Net: NetName=ENC1_A Pin=J18-1
Added Pin To Net: NetName=ENC1_A Pin=U1-40
Added Net: Name=ENC1_A
Added Pin To Net: NetName=ENC1_B Pin=J19-1
Added Pin To Net: NetName=ENC1_B Pin=U1-42
Added Net: Name=ENC1_B
Added Pin To Net: NetName=ENC2_A Pin=J20-1
Added Pin To Net: NetName=ENC2_A Pin=U1-23
Added Net: Name=ENC2_A
Added Pin To Net: NetName=ENC2_B Pin=J21-1
Added Pin To Net: NetName=ENC2_B Pin=U1-24
Added Net: Name=ENC2_B
Added Pin To Net: NetName=NetC5_2 Pin=C5-2
Added Pin To Net: NetName=NetC5_2 Pin=K5-1
Added Pin To Net: NetName=NetC5_2 Pin=R8-2
Added Pin To Net: NetName=NetC5_2 Pin=R10-2
Added Net: Name=NetC5_2
Added Pin To Net: NetName=NetC6_2 Pin=C6-2
Added Pin To Net: NetName=NetC6_2 Pin=K5-3
Added Pin To Net: NetName=NetC6_2 Pin=R9-2
Added Pin To Net: NetName=NetC6_2 Pin=R11-2
Added Net: Name=NetC6_2
Added Pin To Net: NetName=NetC7_1 Pin=C7-1
Added Pin To Net: NetName=NetC7_1 Pin=K6-1
Added Pin To Net: NetName=NetC7_1 Pin=R12-2
Added Pin To Net: NetName=NetC7_1 Pin=R14-1
Added Net: Name=NetC7_1
Added Pin To Net: NetName=NetC8_1 Pin=C8-1
Added Pin To Net: NetName=NetC8_1 Pin=K6-3
Added Pin To Net: NetName=NetC8_1 Pin=R13-2
Added Pin To Net: NetName=NetC8_1 Pin=R15-1
Added Net: Name=NetC8_1
Added Pin To Net: NetName=NetJ18_2 Pin=J18-2
Added Pin To Net: NetName=NetJ18_2 Pin=R10-1
Added Net: Name=NetJ18_2
Added Pin To Net: NetName=NetJ19_2 Pin=J19-2
Added Pin To Net: NetName=NetJ19_2 Pin=R11-1
Added Net: Name=NetJ19_2
Added Pin To Net: NetName=NetJ20_2 Pin=J20-2
Added Pin To Net: NetName=NetJ20_2 Pin=R12-1
Added Net: Name=NetJ20_2
Added Pin To Net: NetName=NetJ21_2 Pin=J21-2
Added Pin To Net: NetName=NetJ21_2 Pin=R13-1
Added Net: Name=NetJ21_2
Added Member To Class: ClassName=General Overview Member=Component C5 100nF
Added Member To Class: ClassName=General Overview Member=Component C6 100nF
Added Member To Class: ClassName=General Overview Member=Component C7 100nF
Added Member To Class: ClassName=General Overview Member=Component C8 100nF
Added Member To Class: ClassName=General Overview Member=Component C9 1206 10u16V TANT
Added Member To Class: ClassName=General Overview Member=Component J18 Connector_Production Connectors_SMD_BYPASS-CLOSED
Added Member To Class: ClassName=General Overview Member=Component J19 Connector_Production Connectors_SMD_BYPASS-CLOSED
Added Member To Class: ClassName=General Overview Member=Component J20 Connector_Production Connectors_SMD_BYPASS-CLOSED
Added Member To Class: ClassName=General Overview Member=Component J21 Connector_Production Connectors_SMD_BYPASS-CLOSED
Added Member To Class: ClassName=General Overview Member=Component K4 Connector_Power_SMD_5.5mm
Added Member To Class: ClassName=General Overview Member=Component K5 Connector_Headers_SMD_M_3x1
Added Member To Class: ClassName=General Overview Member=Component K6 Connector_Headers_SMD_M_3x1
Added Member To Class: ClassName=General Overview Member=Component R8 10K
Added Member To Class: ClassName=General Overview Member=Component R9 10K
Added Member To Class: ClassName=General Overview Member=Component R10 10K
Added Member To Class: ClassName=General Overview Member=Component R11 10K
Added Member To Class: ClassName=General Overview Member=Component R12 10K
Added Member To Class: ClassName=General Overview Member=Component R13 10K
Added Member To Class: ClassName=General Overview Member=Component R14 10K
Added Member To Class: ClassName=General Overview Member=Component R15 10K
