Removed Member From Class: ClassName=General Overview Member=R16
Removed Member From Class: ClassName=General Overview Member=R19
Removed Member From Class: ClassName=General Overview Member=R20
Removed Member From Class: ClassName=General Overview Member=R22
Removed Member From Class: ClassName=General Overview Member=R23
Removed Member From Class: ClassName=General Overview Member=R25
Removed Member From Class: ClassName=General Overview Member=R26
Removed Member From Class: ClassName=General Overview Member=R28
Removed Member From Class: ClassName=General Overview Member=R29
Removed Member From Class: ClassName=General Overview Member=R32
Removed Member From Class: ClassName=General Overview Member=R35
Removed Member From Class: ClassName=General Overview Member=R38
Removed Member From Class: ClassName=General Overview Member=R41
Removed Member From Class: ClassName=General Overview Member=R44
Change Component DesignItemId : Designator=R12 Old DesignItemId=1206R-0R New DesignItemId=0805R-0R
Change Component Footprint: Designator=R12 Old Footprint=1206R-GENERIC New Footprint=0805R-GENERIC
Change Component Comment : Designator=R12 Old Comment=1206R-0R New Comment=0805-0R
Added Pin To Net: NetName=ENC2_A Pin=R11-1
Added Pin To Net: NetName=ENC2_A Pin=R11-2
Added Pin To Net: NetName=ENC2_B Pin=R12-1
Added Pin To Net: NetName=ENC2_B Pin=R12-2
