Change Net Name : Old Net Name=NetC9_1 New Net Name=NetC12_1
Change Net Name : Old Net Name=NetC10_1 New Net Name=NetC11_1
Change Net Name : Old Net Name=NetC11_1 New Net Name=NetC13_1
Change Net Name : Old Net Name=NetC12_1 New Net Name=NetC14_1
Change Net Name : Old Net Name=NetC15_1 New Net Name=NetC28_1
Change Net Name : Old Net Name=NetC16_1 New Net Name=NetC20_1
Change Net Name : Old Net Name=NetC20_2 New Net Name=NetC37_2
Change Net Name : Old Net Name=NetC21_2 New Net Name=NetC4_2
Change Net Name : Old Net Name=NetC23_2 New Net Name=NetC36_2
Change Net Name : Old Net Name=NetC24_2 New Net Name=NetC3_2
Change Net Name : Old Net Name=NetC29_1 New Net Name=NetC33_1
Change Net Name : Old Net Name=NetC31_1 New Net Name=NetC27_1
Change Net Name : Old Net Name=NetC31_2 New Net Name=NetC27_2
Change Net Name : Old Net Name=NetC32_2 New Net Name=NetC35_2
Change Net Name : Old Net Name=NetC34_1 New Net Name=NetC5_1
Change Net Name : Old Net Name=NetD1_A New Net Name=NetD8_A
Change Net Name : Old Net Name=NetD2_A New Net Name=NetD3_A
Change Net Name : Old Net Name=NetD3_A New Net Name=NetD4_A
Change Net Name : Old Net Name=NetD4_A New Net Name=NetD5_A
Change Net Name : Old Net Name=NetD5_A New Net Name=NetD6_A
Change Net Name : Old Net Name=NetD6_A New Net Name=NetD7_A
Change Net Name : Old Net Name=NetD7_K New Net Name=NetD2_K
Change Net Name : Old Net Name=NetD8_K New Net Name=NetD1_K
Change Net Name : Old Net Name=NetJ1_2 New Net Name=NetJ3_2
Change Net Name : Old Net Name=NetJ5_2 New Net Name=NetJ10_2
Change Net Name : Old Net Name=NetJ9_2 New Net Name=NetJ13_2
Change Net Name : Old Net Name=NetJ10_2 New Net Name=NetJ29_2
Change Net Name : Old Net Name=NetJ11_2 New Net Name=NetJ28_2
Change Net Name : Old Net Name=NetJ12_2 New Net Name=NetJ1_2
Change Net Name : Old Net Name=NetJ13_2 New Net Name=NetJ2_2
Change Net Name : Old Net Name=NetJ14_2 New Net Name=NetJ15_2
Change Net Name : Old Net Name=NetJ15_2 New Net Name=NetJ11_2
Change Net Name : Old Net Name=NetJ17_1 New Net Name=NetJ12_1
Change Net Name : Old Net Name=NetJ18_1 New Net Name=NetJ14_1
Change Net Name : Old Net Name=NetJ19_2 New Net Name=NetJ27_2
Change Net Name : Old Net Name=NetJ20_2 New Net Name=NetJ26_2
Change Net Name : Old Net Name=NetJ21_2 New Net Name=NetJ25_2
Change Net Name : Old Net Name=NetJ22_2 New Net Name=NetJ24_2
Change Net Name : Old Net Name=NetJ24_2 New Net Name=NetJ22_2
Change Net Name : Old Net Name=NetK2_3 New Net Name=NetK8_3
Change Net Name : Old Net Name=NetK2_5 New Net Name=NetK8_5
Change Net Name : Old Net Name=NetK2_7 New Net Name=NetK8_7
Change Net Name : Old Net Name=NetK2_9 New Net Name=NetK8_9
Change Net Name : Old Net Name=NetK2_11 New Net Name=NetK8_11
Change Net Name : Old Net Name=NetK9_2 New Net Name=NetK15_2
Change Net Name : Old Net Name=NetK9_3 New Net Name=NetK15_3
Change Net Name : Old Net Name=NetK14_2 New Net Name=NetK3_2
Change Net Name : Old Net Name=NetR43_1 New Net Name=NetR46_1
Change Net Name : Old Net Name=NetR44_1 New Net Name=NetR38_1
Change Net Name : Old Net Name=NetR68_2 New Net Name=NetR13_2
Change Net Name : Old Net Name=NetR71_1 New Net Name=NetR15_1
Change Net Name : Old Net Name=NetR72_1 New Net Name=NetR12_1
Change Net Name : Old Net Name=NetTP2_1 New Net Name=NetTP9_1
Change Net Name : Old Net Name=NetTP3_1 New Net Name=NetTP2_1
Change Net Name : Old Net Name=NetTP5_1 New Net Name=NetTP3_1
Change Net Name : Old Net Name=NetTP6_1 New Net Name=NetTP8_1
Change Net Name : Old Net Name=NetTP7_1 New Net Name=NetTP5_1
Change Net Name : Old Net Name=NetTP8_1 New Net Name=NetTP7_1
Change Net Name : Old Net Name=NetTP9_1 New Net Name=NetTP6_1
Change Net Name : Old Net Name=NetU1_15 New Net Name=NetU2_15
Change Net Name : Old Net Name=NetU1_16 New Net Name=NetU2_16
Change Net Name : Old Net Name=NetU1_17 New Net Name=NetU2_17
Change Net Name : Old Net Name=NetU1_18 New Net Name=NetU2_18
Change Net Name : Old Net Name=NetU1_39 New Net Name=NetU2_39
Change Net Name : Old Net Name=NetU1_40 New Net Name=NetU2_40
Change Net Name : Old Net Name=NetU1_41 New Net Name=NetU2_41
Change Net Name : Old Net Name=NetU1_42 New Net Name=NetU2_42
Change Net Name : Old Net Name=NetU1_43 New Net Name=NetU2_43
Change Net Name : Old Net Name=NetU1_44 New Net Name=NetU2_44
Change Net Name : Old Net Name=NetU1_45 New Net Name=NetU2_45
Change Net Name : Old Net Name=NetU1_46 New Net Name=NetU2_46
Change Net Name : Old Net Name=NetU1_47 New Net Name=NetU2_47
Change Net Name : Old Net Name=NetU1_48 New Net Name=NetU2_48
Change Net Name : Old Net Name=NetU1_67 New Net Name=NetU2_67
Change Net Name : Old Net Name=NetU1_68 New Net Name=NetU2_68
Change Net Name : Old Net Name=NetU2_1 New Net Name=NetU1_1
