Removed Pin From Net: NetName=AFE_INT Pin=K16-1
Removed Pin From Net: NetName=AFE_CS Pin=K16-2
Removed Pin From Net: NetName=AFE_MOSI Pin=K16-4
Removed Pin From Net: NetName=AFE_MISO Pin=K16-6
Removed Pin From Net: NetName=AFE_SCK Pin=K16-8
Added Pin To Net: NetName=PMOD_CS Pin=J7-2
Added Pin To Net: NetName=PMOD_CS Pin=K3-7
Added Pin To Net: NetName=PMOD_CS Pin=K16-2
Added Net: Name=PMOD_CS
Added Pin To Net: NetName=PMOD_INT Pin=J8-2
Added Pin To Net: NetName=PMOD_INT Pin=K3-8
Added Pin To Net: NetName=PMOD_INT Pin=K16-1
Added Net: Name=PMOD_INT
Added Pin To Net: NetName=PMOD_MISO Pin=J3-2
Added Pin To Net: NetName=PMOD_MISO Pin=K3-3
Added Pin To Net: NetName=PMOD_MISO Pin=K16-6
Added Net: Name=PMOD_MISO
Added Pin To Net: NetName=PMOD_MOSI Pin=J4-2
Added Pin To Net: NetName=PMOD_MOSI Pin=K3-4
Added Pin To Net: NetName=PMOD_MOSI Pin=K16-4
Added Net: Name=PMOD_MOSI
Added Pin To Net: NetName=PMOD_SCK Pin=J2-2
Added Pin To Net: NetName=PMOD_SCK Pin=K3-2
Added Pin To Net: NetName=PMOD_SCK Pin=K16-8
Added Net: Name=PMOD_SCK
