Change Component Designator: OldDesignator=R4 NewDesignator=R53
Change Component Designator: OldDesignator=R7 NewDesignator=R54
Change Component Designator: OldDesignator=R9 NewDesignator=R55
Change Component Designator: OldDesignator=R12 NewDesignator=R56
Change Component Designator: OldDesignator=R15 NewDesignator=R57
Change Component Designator: OldDesignator=R17 NewDesignator=R58
Change Component Designator: OldDesignator=R19 NewDesignator=R59
Change Component Designator: OldDesignator=R21 NewDesignator=R60
Change Component Designator: OldDesignator=R23 NewDesignator=R61
Change Component Designator: OldDesignator=R25 NewDesignator=R62
Change Component Designator: OldDesignator=R27 NewDesignator=R63
Change Component Designator: OldDesignator=R29 NewDesignator=R64
Change Component Designator: OldDesignator=R31 NewDesignator=R65
Added Component: Designator=R4(1206R-GENERIC)
Added Component: Designator=R7(1206R-GENERIC)
Added Component: Designator=R9(1206R-GENERIC)
Added Component: Designator=R12(1206R-GENERIC)
Added Component: Designator=R15(1206R-GENERIC)
Added Component: Designator=R17(1206R-GENERIC)
Added Component: Designator=R19(1206R-GENERIC)
Added Component: Designator=R21(1206R-GENERIC)
Added Component: Designator=R23(1206R-GENERIC)
Added Component: Designator=R25(1206R-GENERIC)
Added Component: Designator=R27(1206R-GENERIC)
Added Component: Designator=R29(1206R-GENERIC)
Added Component: Designator=R31(1206R-GENERIC)
Added Pin To Net: NetName=ENC1_A Pin=R4-1
Added Pin To Net: NetName=ENC1_A Pin=R4-2
Added Pin To Net: NetName=ENC1_B Pin=R7-1
Added Pin To Net: NetName=ENC1_B Pin=R7-2
Added Pin To Net: NetName=ENC2_A Pin=R9-1
Added Pin To Net: NetName=ENC2_A Pin=R9-2
Added Pin To Net: NetName=ENC2_B Pin=R12-1
Added Pin To Net: NetName=ENC2_B Pin=R12-2
Change Net Name : Old Net Name=NetC30_1 New Net Name=NetC30_2
Change Net Name : Old Net Name=NetC31_1 New Net Name=NetC31_2
Added Member To Class: ClassName=General Overview Member=Component R53 1206R-0R
Added Member To Class: ClassName=General Overview Member=Component R54 1206R-0R
Added Member To Class: ClassName=General Overview Member=Component R55 1206R-0R
Added Member To Class: ClassName=General Overview Member=Component R56 1206R-0R
Added Member To Class: ClassName=General Overview Member=Component R57 1206R-0R
Added Member To Class: ClassName=General Overview Member=Component R58 1206R-0R
Added Member To Class: ClassName=General Overview Member=Component R59 1206R-0R
Added Member To Class: ClassName=General Overview Member=Component R60 1206R-0R
Added Member To Class: ClassName=General Overview Member=Component R61 1206R-0R
Added Member To Class: ClassName=General Overview Member=Component R62 1206R-0R
Added Member To Class: ClassName=General Overview Member=Component R63 1206R-0R
Added Member To Class: ClassName=General Overview Member=Component R64 1206R-0R
Added Member To Class: ClassName=General Overview Member=Component R65 1206R-0R
