Added Pin To Net: NetName=NetCN1_7 Pin=CN1-7
Added Net: Name=NetCN1_7
Added Pin To Net: NetName=NetCN1_16 Pin=CN1-16
Added Net: Name=NetCN1_16
Added Pin To Net: NetName=NetCN1_17 Pin=CN1-17
Added Net: Name=NetCN1_17
Added Pin To Net: NetName=NetCN1_20 Pin=CN1-20
Added Net: Name=NetCN1_20
Added Pin To Net: NetName=NetCN1_21 Pin=CN1-21
Added Net: Name=NetCN1_21
Added Pin To Net: NetName=NetCN1_22 Pin=CN1-22
Added Net: Name=NetCN1_22
Added Pin To Net: NetName=NetCN1_23 Pin=CN1-23
Added Net: Name=NetCN1_23
Added Pin To Net: NetName=NetCN1_24 Pin=CN1-24
Added Net: Name=NetCN1_24
Added Pin To Net: NetName=NetCN1_25 Pin=CN1-25
Added Net: Name=NetCN1_25
Added Pin To Net: NetName=NetK2_3 Pin=K2-3
Added Net: Name=NetK2_3
Added Pin To Net: NetName=NetK2_5 Pin=K2-5
Added Net: Name=NetK2_5
Added Pin To Net: NetName=NetK2_7 Pin=K2-7
Added Net: Name=NetK2_7
Added Pin To Net: NetName=NetK2_9 Pin=K2-9
Added Net: Name=NetK2_9
Added Pin To Net: NetName=NetK2_11 Pin=K2-11
Added Net: Name=NetK2_11
Added Pin To Net: NetName=NetU1_15 Pin=U1-15
Added Net: Name=NetU1_15
Added Pin To Net: NetName=NetU1_16 Pin=U1-16
Added Net: Name=NetU1_16
Added Pin To Net: NetName=NetU1_17 Pin=U1-17
Added Net: Name=NetU1_17
Added Pin To Net: NetName=NetU1_18 Pin=U1-18
Added Net: Name=NetU1_18
Added Pin To Net: NetName=NetU1_39 Pin=U1-39
Added Net: Name=NetU1_39
Added Pin To Net: NetName=NetU1_40 Pin=U1-40
Added Net: Name=NetU1_40
Added Pin To Net: NetName=NetU1_41 Pin=U1-41
Added Net: Name=NetU1_41
Added Pin To Net: NetName=NetU1_42 Pin=U1-42
Added Net: Name=NetU1_42
Added Pin To Net: NetName=NetU1_43 Pin=U1-43
Added Net: Name=NetU1_43
Added Pin To Net: NetName=NetU1_44 Pin=U1-44
Added Net: Name=NetU1_44
Added Pin To Net: NetName=NetU1_45 Pin=U1-45
Added Net: Name=NetU1_45
Added Pin To Net: NetName=NetU1_46 Pin=U1-46
Added Net: Name=NetU1_46
Added Pin To Net: NetName=NetU1_47 Pin=U1-47
Added Net: Name=NetU1_47
Added Pin To Net: NetName=NetU1_48 Pin=U1-48
Added Net: Name=NetU1_48
Added Pin To Net: NetName=NetU1_67 Pin=U1-67
Added Net: Name=NetU1_67
Added Pin To Net: NetName=NetU1_68 Pin=U1-68
Added Net: Name=NetU1_68
Added Pin To Net: NetName=NetU2_1 Pin=U2-1
Added Net: Name=NetU2_1
