Change Component Designator: Old Designator=C18 New Designator=C19
Change Component Designator: Old Designator=C19 New Designator=C18
Change Component Designator: Old Designator=C20 New Designator=C22
Change Component Designator: Old Designator=C29 New Designator=C20
Change Component Designator: Old Designator=C30 New Designator=C23
Change Component Designator: Old Designator=C33 New Designator=C21
Change Component Designator: Old Designator=C34 New Designator=C24
Change Component Designator: Old Designator=C35 New Designator=C17
Change Component Designator: Old Designator=C36 New Designator=C25
Change Component Designator: Old Designator=D3 New Designator=D2
Change Component Designator: Old Designator=D4 New Designator=D1
Change Component Designator: Old Designator=D5 New Designator=D3
Change Component Designator: Old Designator=D6 New Designator=D4
Change Component Designator: Old Designator=D7 New Designator=D5
Change Component Designator: Old Designator=D8 New Designator=D6
Change Component Designator: Old Designator=J9 New Designator=J19
Change Component Designator: Old Designator=J10 New Designator=J20
Change Component Designator: Old Designator=J12 New Designator=J21
Change Component Designator: Old Designator=J14 New Designator=J22
Change Component Designator: Old Designator=J17 New Designator=J23
Change Component Designator: Old Designator=J19 New Designator=J24
Change Component Designator: Old Designator=J20 New Designator=J14
Change Component Designator: Old Designator=J21 New Designator=J16
Change Component Designator: Old Designator=J22 New Designator=J9
Change Component Designator: Old Designator=J23 New Designator=J18
Change Component Designator: Old Designator=J24 New Designator=J15
Change Component Designator: Old Designator=J25 New Designator=J17
Change Component Designator: Old Designator=J26 New Designator=J10
Change Component Designator: Old Designator=J27 New Designator=J11
Change Component Designator: Old Designator=J28 New Designator=J12
Change Component Designator: Old Designator=J29 New Designator=J13
Change Component Designator: Old Designator=K11 New Designator=K12
Change Component Designator: Old Designator=K12 New Designator=K9
Change Component Designator: Old Designator=K14 New Designator=K10
Change Component Designator: Old Designator=K15 New Designator=K11
Change Component Designator: Old Designator=R45 New Designator=R51
Change Component Designator: Old Designator=R46 New Designator=R52
Change Component Designator: Old Designator=R47 New Designator=R53
Change Component Designator: Old Designator=R48 New Designator=R62
Change Component Designator: Old Designator=R51 New Designator=R45
Change Component Designator: Old Designator=R52 New Designator=R48
Change Component Designator: Old Designator=R53 New Designator=R49
Change Component Designator: Old Designator=R54 New Designator=R58
Change Component Designator: Old Designator=R55 New Designator=R60
Change Component Designator: Old Designator=R56 New Designator=R46
Change Component Designator: Old Designator=R58 New Designator=R56
Change Component Designator: Old Designator=R59 New Designator=R54
Change Component Designator: Old Designator=R60 New Designator=R47
Change Component Designator: Old Designator=R61 New Designator=R57
Change Component Designator: Old Designator=R62 New Designator=R55
Change Component Designator: Old Designator=R63 New Designator=R50
Change Component Designator: Old Designator=R64 New Designator=R59
Change Component Designator: Old Designator=R65 New Designator=R61
Change Component Designator: Old Designator=SW2 New Designator=SW4
Change Component Designator: Old Designator=SW3 New Designator=SW5
Change Component Designator: Old Designator=SW4 New Designator=SW2
Change Component Designator: Old Designator=SW5 New Designator=SW3
