Change Component Designator: Old Designator=C17 New Designator=C?
Change Component Designator: Old Designator=C18 New Designator=C?
Change Component Designator: Old Designator=C19 New Designator=C?
Change Component Designator: Old Designator=C20 New Designator=C?
Change Component Designator: Old Designator=C21 New Designator=C?
Change Component Designator: Old Designator=C22 New Designator=C?
Change Component Designator: Old Designator=C23 New Designator=C?
Change Component Designator: Old Designator=C24 New Designator=C?
Change Component Designator: Old Designator=C25 New Designator=C?
Change Component Designator: Old Designator=D1 New Designator=D?
Change Component Designator: Old Designator=D2 New Designator=D?
Change Component Designator: Old Designator=D3 New Designator=D?
Change Component Designator: Old Designator=D4 New Designator=D?
Change Component Designator: Old Designator=D5 New Designator=D?
Change Component Designator: Old Designator=D6 New Designator=D?
Change Component Designator: Old Designator=J9 New Designator=J?
Change Component Designator: Old Designator=J10 New Designator=J?
Change Component Designator: Old Designator=J11 New Designator=J?
Change Component Designator: Old Designator=J12 New Designator=J?
Change Component Designator: Old Designator=J13 New Designator=J?
Change Component Designator: Old Designator=J14 New Designator=J?
Change Component Designator: Old Designator=J15 New Designator=J?
Change Component Designator: Old Designator=J16 New Designator=J?
Change Component Designator: Old Designator=J17 New Designator=J?
Change Component Designator: Old Designator=J18 New Designator=J?
Change Component Designator: Old Designator=J19 New Designator=J?
Change Component Designator: Old Designator=J20 New Designator=J?
Change Component Designator: Old Designator=J21 New Designator=J?
Change Component Designator: Old Designator=J22 New Designator=J?
Change Component Designator: Old Designator=J23 New Designator=J?
Change Component Designator: Old Designator=J24 New Designator=J?
Change Component Designator: Old Designator=K9 New Designator=K?
Change Component Designator: Old Designator=K10 New Designator=K?
Change Component Designator: Old Designator=K11 New Designator=K?
Change Component Designator: Old Designator=K12 New Designator=K?
Change Component Designator: Old Designator=M5 New Designator=M?
Change Component Designator: Old Designator=R45 New Designator=R?
Change Component Designator: Old Designator=R46 New Designator=R?
Change Component Designator: Old Designator=R47 New Designator=R?
Change Component Designator: Old Designator=R48 New Designator=R?
Change Component Designator: Old Designator=R49 New Designator=R?
Change Component Designator: Old Designator=R50 New Designator=R?
Change Component Designator: Old Designator=R51 New Designator=R?
Change Component Designator: Old Designator=R52 New Designator=R?
Change Component Designator: Old Designator=R53 New Designator=R?
Change Component Designator: Old Designator=R54 New Designator=R?
Change Component Designator: Old Designator=R55 New Designator=R?
Change Component Designator: Old Designator=R56 New Designator=R?
Change Component Designator: Old Designator=R57 New Designator=R?
Change Component Designator: Old Designator=R58 New Designator=R?
Change Component Designator: Old Designator=R59 New Designator=R?
Change Component Designator: Old Designator=R60 New Designator=R?
Change Component Designator: Old Designator=R61 New Designator=R?
Change Component Designator: Old Designator=R62 New Designator=R?
Change Component Designator: Old Designator=RP1 New Designator=RP?
Change Component Designator: Old Designator=SW1 New Designator=SW?
Change Component Designator: Old Designator=SW2 New Designator=SW?
Change Component Designator: Old Designator=SW3 New Designator=SW?
Change Component Designator: Old Designator=SW4 New Designator=SW?
Change Component Designator: Old Designator=SW5 New Designator=SW?
Change Component Designator: Old Designator=SW6 New Designator=SW?
Change Component Designator: Old Designator=SW7 New Designator=SW?
