Change Component Designator: Old Designator=C1 New Designator=C27
Change Component Designator: Old Designator=C2 New Designator=C28
Change Component Designator: Old Designator=C3 New Designator=C29
Change Component Designator: Old Designator=C4 New Designator=C30
Change Component Designator: Old Designator=C6 New Designator=C31
Change Component Designator: Old Designator=C7 New Designator=C32
Change Component Designator: Old Designator=C8 New Designator=C33
Change Component Designator: Old Designator=C9 New Designator=C34
Change Component Designator: Old Designator=C10 New Designator=C35
Change Component Designator: Old Designator=C15 New Designator=C36
Change Component Designator: Old Designator=C16 New Designator=C37
Change Component Designator: Old Designator=C37 New Designator=C26
Change Component Designator: Old Designator=D1 New Designator=D7
Change Component Designator: Old Designator=D2 New Designator=D8
Change Component Designator: Old Designator=J11 New Designator=J25
Change Component Designator: Old Designator=J13 New Designator=J26
Change Component Designator: Old Designator=J15 New Designator=J27
Change Component Designator: Old Designator=J16 New Designator=J28
Change Component Designator: Old Designator=J18 New Designator=J29
Change Component Designator: Old Designator=K2 New Designator=K13
Change Component Designator: Old Designator=K4 New Designator=K14
Change Component Designator: Old Designator=K5 New Designator=K15
Change Component Designator: Old Designator=K6 New Designator=K16
Change Component Designator: Old Designator=R1 New Designator=R63
Change Component Designator: Old Designator=R3 New Designator=R64
Change Component Designator: Old Designator=R7 New Designator=R65
Change Component Designator: Old Designator=R13 New Designator=R66
Change Component Designator: Old Designator=R18 New Designator=R69
Change Component Designator: Old Designator=R27 New Designator=R67
Change Component Designator: Old Designator=R30 New Designator=R68
Change Component Designator: Old Designator=R33 New Designator=R70
Change Component Designator: Old Designator=R36 New Designator=R71
Change Component Designator: Old Designator=R49 New Designator=R72
Change Component Designator: Old Designator=U1 New Designator=U2
