Change Component Physical Designator: Old Designator=C1 New Designator=C14
Change Component Physical Designator: Old Designator=C2 New Designator=C1
Change Component Physical Designator: Old Designator=C3 New Designator=C2
Change Component Physical Designator: Old Designator=C4 New Designator=C3
Change Component Physical Designator: Old Designator=C5 New Designator=C4
Change Component Physical Designator: Old Designator=C6 New Designator=C5
Change Component Physical Designator: Old Designator=C7 New Designator=C6
Change Component Physical Designator: Old Designator=C8 New Designator=C7
Change Component Physical Designator: Old Designator=C9 New Designator=C8
Change Component Physical Designator: Old Designator=C10 New Designator=C9
Change Component Physical Designator: Old Designator=C11 New Designator=C10
Change Component Physical Designator: Old Designator=C12 New Designator=C11
Change Component Physical Designator: Old Designator=C13 New Designator=C12
Change Component Physical Designator: Old Designator=C14 New Designator=C13
Change Component Physical Designator: Old Designator=C18 New Designator=C28
Change Component Physical Designator: Old Designator=C19 New Designator=C29
Change Component Physical Designator: Old Designator=C20 New Designator=C30
Change Component Physical Designator: Old Designator=C21 New Designator=C31
Change Component Physical Designator: Old Designator=C22 New Designator=C32
Change Component Physical Designator: Old Designator=C23 New Designator=C33
Change Component Physical Designator: Old Designator=C24 New Designator=C34
Change Component Physical Designator: Old Designator=C25 New Designator=C37
Change Component Physical Designator: Old Designator=C26 New Designator=C18
Change Component Physical Designator: Old Designator=C27 New Designator=C19
Change Component Physical Designator: Old Designator=C28 New Designator=C20
Change Component Physical Designator: Old Designator=C29 New Designator=C21
Change Component Physical Designator: Old Designator=C30 New Designator=C22
Change Component Physical Designator: Old Designator=C31 New Designator=C23
Change Component Physical Designator: Old Designator=C32 New Designator=C24
Change Component Physical Designator: Old Designator=C33 New Designator=C25
Change Component Physical Designator: Old Designator=C34 New Designator=C26
Change Component Physical Designator: Old Designator=C35 New Designator=C27
Change Component Physical Designator: Old Designator=C36 New Designator=C35
Change Component Physical Designator: Old Designator=C37 New Designator=C36
Change Component Physical Designator: Old Designator=D2 New Designator=D4
Change Component Physical Designator: Old Designator=D3 New Designator=D5
Change Component Physical Designator: Old Designator=D4 New Designator=D6
Change Component Physical Designator: Old Designator=D5 New Designator=D7
Change Component Physical Designator: Old Designator=D6 New Designator=D8
Change Component Physical Designator: Old Designator=D7 New Designator=D2
Change Component Physical Designator: Old Designator=D8 New Designator=D3
Change Component Physical Designator: Old Designator=J9 New Designator=J14
Change Component Physical Designator: Old Designator=J10 New Designator=J15
Change Component Physical Designator: Old Designator=J11 New Designator=J16
Change Component Physical Designator: Old Designator=J12 New Designator=J17
Change Component Physical Designator: Old Designator=J13 New Designator=J18
Change Component Physical Designator: Old Designator=J14 New Designator=J19
Change Component Physical Designator: Old Designator=J15 New Designator=J20
Change Component Physical Designator: Old Designator=J16 New Designator=J21
Change Component Physical Designator: Old Designator=J17 New Designator=J22
Change Component Physical Designator: Old Designator=J18 New Designator=J23
Change Component Physical Designator: Old Designator=J19 New Designator=J24
Change Component Physical Designator: Old Designator=J20 New Designator=J25
Change Component Physical Designator: Old Designator=J21 New Designator=J26
Change Component Physical Designator: Old Designator=J22 New Designator=J27
Change Component Physical Designator: Old Designator=J23 New Designator=J28
Change Component Physical Designator: Old Designator=J24 New Designator=J29
Change Component Physical Designator: Old Designator=J25 New Designator=J9
Change Component Physical Designator: Old Designator=J26 New Designator=J10
Change Component Physical Designator: Old Designator=J27 New Designator=J11
Change Component Physical Designator: Old Designator=J28 New Designator=J12
Change Component Physical Designator: Old Designator=J29 New Designator=J13
Change Component Physical Designator: Old Designator=K1 New Designator=K3
Change Component Physical Designator: Old Designator=K2 New Designator=K4
Change Component Physical Designator: Old Designator=K3 New Designator=K5
Change Component Physical Designator: Old Designator=K4 New Designator=K8
Change Component Physical Designator: Old Designator=K5 New Designator=K1
Change Component Physical Designator: Old Designator=K6 New Designator=K2
Change Component Physical Designator: Old Designator=K7 New Designator=K6
Change Component Physical Designator: Old Designator=K8 New Designator=K7
Change Component Physical Designator: Old Designator=K10 New Designator=K12
Change Component Physical Designator: Old Designator=K11 New Designator=K13
Change Component Physical Designator: Old Designator=K12 New Designator=K16
Change Component Physical Designator: Old Designator=K13 New Designator=K10
Change Component Physical Designator: Old Designator=K14 New Designator=K11
Change Component Physical Designator: Old Designator=K15 New Designator=K14
Change Component Physical Designator: Old Designator=K16 New Designator=K15
Change Component Physical Designator: Old Designator=R52 New Designator=R60
Change Component Physical Designator: Old Designator=R53 New Designator=R61
Change Component Physical Designator: Old Designator=R54 New Designator=R62
Change Component Physical Designator: Old Designator=R55 New Designator=R63
Change Component Physical Designator: Old Designator=R56 New Designator=R66
Change Component Physical Designator: Old Designator=R57 New Designator=R67
Change Component Physical Designator: Old Designator=R58 New Designator=R68
Change Component Physical Designator: Old Designator=R59 New Designator=R69
Change Component Physical Designator: Old Designator=R60 New Designator=R70
Change Component Physical Designator: Old Designator=R61 New Designator=R71
Change Component Physical Designator: Old Designator=R62 New Designator=R72
Change Component Physical Designator: Old Designator=R63 New Designator=R52
Change Component Physical Designator: Old Designator=R64 New Designator=R53
Change Component Physical Designator: Old Designator=R65 New Designator=R54
Change Component Physical Designator: Old Designator=R66 New Designator=R55
Change Component Physical Designator: Old Designator=R67 New Designator=R56
Change Component Physical Designator: Old Designator=R68 New Designator=R57
Change Component Physical Designator: Old Designator=R69 New Designator=R58
Change Component Physical Designator: Old Designator=R70 New Designator=R59
Change Component Physical Designator: Old Designator=R71 New Designator=R64
Change Component Physical Designator: Old Designator=R72 New Designator=R65
