Added Component: Designator=TP1(TESTPOINT)
Added Component: Designator=TP2(TESTPOINT)
Added Component: Designator=TP3(TESTPOINT)
Added Component: Designator=TP4(TESTPOINT)
Added Component: Designator=TP5(TESTPOINT)
Added Component: Designator=TP6(TESTPOINT)
Added Component: Designator=TP7(TESTPOINT)
Added Component: Designator=TP8(TESTPOINT)
Added Component: Designator=TP9(TESTPOINT)
Added Component: Designator=TP10(TESTPOINT)
Added Component: Designator=TP11(TESTPOINT)
Added Component: Designator=TP12(TESTPOINT)
Added Component: Designator=TP13(TESTPOINT)
Added Component: Designator=TP14(TESTPOINT)
Added Component: Designator=TP15(TESTPOINT)
Added Component: Designator=TP16(TESTPOINT)
Added Component: Designator=TP17(TESTPOINT)
Added Component: Designator=TP18(TESTPOINT)
Added Component: Designator=TP19(TESTPOINT)
Added Component: Designator=TP20(TESTPOINT)
Added Component: Designator=TP21(TESTPOINT)
Added Component: Designator=TP22(TESTPOINT)
Added Component: Designator=TP23(TESTPOINT)
Added Component: Designator=TP24(TESTPOINT)
Added Component: Designator=TP25(TESTPOINT)
Added Component: Designator=TP26(TESTPOINT)
Added Component: Designator=TP27(TESTPOINT)
Added Component: Designator=TP28(TESTPOINT)
Added Component: Designator=TP29(TESTPOINT)
Added Component: Designator=TP30(TESTPOINT)
Added Pin To Net: NetName=AFE_INT Pin=U1-33
Added Pin To Net: NetName=AFE_SYNC1 Pin=U1-34
Added Pin To Net: NetName=AFE_SYNC2 Pin=U1-63
Added Pin To Net: NetName=AFE_SYNC3 Pin=U1-64
Added Pin To Net: NetName=NetTP1_1 Pin=TP1-1
Added Pin To Net: NetName=NetTP1_1 Pin=U1-36
Added Net: Name=NetTP1_1
Added Pin To Net: NetName=NetTP2_1 Pin=TP2-1
Added Pin To Net: NetName=NetTP2_1 Pin=U1-25
Added Net: Name=NetTP2_1
Added Pin To Net: NetName=NetTP3_1 Pin=TP3-1
Added Pin To Net: NetName=NetTP3_1 Pin=U1-37
Added Net: Name=NetTP3_1
Added Pin To Net: NetName=NetTP4_1 Pin=TP4-1
Added Pin To Net: NetName=NetTP4_1 Pin=U1-26
Added Net: Name=NetTP4_1
Added Pin To Net: NetName=NetTP5_1 Pin=TP5-1
Added Pin To Net: NetName=NetTP5_1 Pin=U1-90
Added Net: Name=NetTP5_1
Added Pin To Net: NetName=NetTP6_1 Pin=TP6-1
Added Pin To Net: NetName=NetTP6_1 Pin=U1-67
Added Net: Name=NetTP6_1
Added Pin To Net: NetName=NetTP7_1 Pin=TP7-1
Added Pin To Net: NetName=NetTP7_1 Pin=U1-95
Added Net: Name=NetTP7_1
Added Pin To Net: NetName=NetTP8_1 Pin=TP8-1
Added Pin To Net: NetName=NetTP8_1 Pin=U1-68
Added Net: Name=NetTP8_1
Added Pin To Net: NetName=NetTP9_1 Pin=TP9-1
Added Pin To Net: NetName=NetTP9_1 Pin=U1-96
Added Net: Name=NetTP9_1
Added Pin To Net: NetName=NetTP10_1 Pin=TP10-1
Added Pin To Net: NetName=NetTP10_1 Pin=U1-15
Added Net: Name=NetTP10_1
Added Pin To Net: NetName=NetTP11_1 Pin=TP11-1
Added Pin To Net: NetName=NetTP11_1 Pin=U1-81
Added Net: Name=NetTP11_1
Added Pin To Net: NetName=NetTP12_1 Pin=TP12-1
Added Pin To Net: NetName=NetTP12_1 Pin=U1-47
Added Net: Name=NetTP12_1
Added Pin To Net: NetName=NetTP13_1 Pin=TP13-1
Added Pin To Net: NetName=NetTP13_1 Pin=U1-16
Added Net: Name=NetTP13_1
Added Pin To Net: NetName=NetTP14_1 Pin=TP14-1
Added Pin To Net: NetName=NetTP14_1 Pin=U1-82
Added Net: Name=NetTP14_1
Added Pin To Net: NetName=NetTP15_1 Pin=TP15-1
Added Pin To Net: NetName=NetTP15_1 Pin=U1-48
Added Net: Name=NetTP15_1
Added Pin To Net: NetName=NetTP16_1 Pin=TP16-1
Added Pin To Net: NetName=NetTP16_1 Pin=U1-17
Added Net: Name=NetTP16_1
Added Pin To Net: NetName=NetTP17_1 Pin=TP17-1
Added Pin To Net: NetName=NetTP17_1 Pin=U1-84
Added Net: Name=NetTP17_1
Added Pin To Net: NetName=NetTP18_1 Pin=TP18-1
Added Pin To Net: NetName=NetTP18_1 Pin=U1-18
Added Net: Name=NetTP18_1
Added Pin To Net: NetName=NetTP19_1 Pin=TP19-1
Added Pin To Net: NetName=NetTP19_1 Pin=U1-85
Added Net: Name=NetTP19_1
Added Pin To Net: NetName=NetTP20_1 Pin=TP20-1
Added Pin To Net: NetName=NetTP20_1 Pin=U1-88
Added Net: Name=NetTP20_1
Added Pin To Net: NetName=NetTP21_1 Pin=TP21-1
Added Pin To Net: NetName=NetTP21_1 Pin=U1-7
Added Net: Name=NetTP21_1
Added Pin To Net: NetName=NetTP22_1 Pin=TP22-1
Added Pin To Net: NetName=NetTP22_1 Pin=U1-97
Added Net: Name=NetTP22_1
Added Pin To Net: NetName=NetTP23_1 Pin=TP23-1
Added Pin To Net: NetName=NetTP23_1 Pin=U1-98
Added Net: Name=NetTP23_1
Added Pin To Net: NetName=NetTP24_1 Pin=TP24-1
Added Pin To Net: NetName=NetTP24_1 Pin=U1-39
Added Net: Name=NetTP24_1
Added Pin To Net: NetName=NetTP25_1 Pin=TP25-1
Added Pin To Net: NetName=NetTP25_1 Pin=U1-38
Added Net: Name=NetTP25_1
Added Pin To Net: NetName=NetTP26_1 Pin=TP26-1
Added Pin To Net: NetName=NetTP26_1 Pin=U1-41
Added Net: Name=NetTP26_1
Added Pin To Net: NetName=NetTP27_1 Pin=TP27-1
Added Pin To Net: NetName=NetTP27_1 Pin=U1-43
Added Net: Name=NetTP27_1
Added Pin To Net: NetName=NetTP28_1 Pin=TP28-1
Added Pin To Net: NetName=NetTP28_1 Pin=U1-44
Added Net: Name=NetTP28_1
Added Pin To Net: NetName=NetTP29_1 Pin=TP29-1
Added Pin To Net: NetName=NetTP29_1 Pin=U1-45
Added Net: Name=NetTP29_1
Added Pin To Net: NetName=NetTP30_1 Pin=TP30-1
Added Pin To Net: NetName=NetTP30_1 Pin=U1-46
Added Net: Name=NetTP30_1
Added Member To Class: ClassName=General Overview Member=Component M1 M
Added Member To Class: ClassName=General Overview Member=Component TP1 Connector_Production Connectors_SMD_TESTPOINT
Added Member To Class: ClassName=General Overview Member=Component TP2 Connector_Production Connectors_SMD_TESTPOINT
Added Member To Class: ClassName=General Overview Member=Component TP3 Connector_Production Connectors_SMD_TESTPOINT
Added Member To Class: ClassName=General Overview Member=Component TP4 Connector_Production Connectors_SMD_TESTPOINT
Added Member To Class: ClassName=General Overview Member=Component TP5 Connector_Production Connectors_SMD_TESTPOINT
Added Member To Class: ClassName=General Overview Member=Component TP6 Connector_Production Connectors_SMD_TESTPOINT
Added Member To Class: ClassName=General Overview Member=Component TP7 Connector_Production Connectors_SMD_TESTPOINT
Added Member To Class: ClassName=General Overview Member=Component TP8 Connector_Production Connectors_SMD_TESTPOINT
Added Member To Class: ClassName=General Overview Member=Component TP9 Connector_Production Connectors_SMD_TESTPOINT
Added Member To Class: ClassName=General Overview Member=Component TP10 Connector_Production Connectors_SMD_TESTPOINT
Added Member To Class: ClassName=General Overview Member=Component TP11 Connector_Production Connectors_SMD_TESTPOINT
Added Member To Class: ClassName=General Overview Member=Component TP12 Connector_Production Connectors_SMD_TESTPOINT
Added Member To Class: ClassName=General Overview Member=Component TP13 Connector_Production Connectors_SMD_TESTPOINT
Added Member To Class: ClassName=General Overview Member=Component TP14 Connector_Production Connectors_SMD_TESTPOINT
Added Member To Class: ClassName=General Overview Member=Component TP15 Connector_Production Connectors_SMD_TESTPOINT
Added Member To Class: ClassName=General Overview Member=Component TP16 Connector_Production Connectors_SMD_TESTPOINT
Added Member To Class: ClassName=General Overview Member=Component TP17 Connector_Production Connectors_SMD_TESTPOINT
Added Member To Class: ClassName=General Overview Member=Component TP18 Connector_Production Connectors_SMD_TESTPOINT
Added Member To Class: ClassName=General Overview Member=Component TP19 Connector_Production Connectors_SMD_TESTPOINT
Added Member To Class: ClassName=General Overview Member=Component TP20 Connector_Production Connectors_SMD_TESTPOINT
Added Member To Class: ClassName=General Overview Member=Component TP21 Connector_Production Connectors_SMD_TESTPOINT
Added Member To Class: ClassName=General Overview Member=Component TP22 Connector_Production Connectors_SMD_TESTPOINT
Added Member To Class: ClassName=General Overview Member=Component TP23 Connector_Production Connectors_SMD_TESTPOINT
Added Member To Class: ClassName=General Overview Member=Component TP24 Connector_Production Connectors_SMD_TESTPOINT
Added Member To Class: ClassName=General Overview Member=Component TP25 Connector_Production Connectors_SMD_TESTPOINT
Added Member To Class: ClassName=General Overview Member=Component TP26 Connector_Production Connectors_SMD_TESTPOINT
Added Member To Class: ClassName=General Overview Member=Component TP27 Connector_Production Connectors_SMD_TESTPOINT
Added Member To Class: ClassName=General Overview Member=Component TP28 Connector_Production Connectors_SMD_TESTPOINT
Added Member To Class: ClassName=General Overview Member=Component TP29 Connector_Production Connectors_SMD_TESTPOINT
Added Member To Class: ClassName=General Overview Member=Component TP30 Connector_Production Connectors_SMD_TESTPOINT
