Change Component Designator: OldDesignator=C1 NewDesignator=C14
Change Component Designator: OldDesignator=C2 NewDesignator=C1
Change Component Designator: OldDesignator=C3 NewDesignator=C2
Change Component Designator: OldDesignator=C4 NewDesignator=C3
Change Component Designator: OldDesignator=C5 NewDesignator=C4
Change Component Designator: OldDesignator=C6 NewDesignator=C5
Change Component Designator: OldDesignator=C7 NewDesignator=C6
Change Component Designator: OldDesignator=C8 NewDesignator=C7
Change Component Designator: OldDesignator=C9 NewDesignator=C8
Change Component Designator: OldDesignator=C10 NewDesignator=C9
Change Component Designator: OldDesignator=C11 NewDesignator=C10
Change Component Designator: OldDesignator=C12 NewDesignator=C11
Change Component Designator: OldDesignator=C13 NewDesignator=C12
Change Component Designator: OldDesignator=C14 NewDesignator=C13
Change Component Designator: OldDesignator=C18 NewDesignator=C28
Change Component Designator: OldDesignator=C19 NewDesignator=C29
Change Component Designator: OldDesignator=C20 NewDesignator=C30
Change Component Designator: OldDesignator=C21 NewDesignator=C31
Change Component Designator: OldDesignator=C22 NewDesignator=C32
Change Component Designator: OldDesignator=C23 NewDesignator=C33
Change Component Designator: OldDesignator=C24 NewDesignator=C34
Change Component Designator: OldDesignator=C25 NewDesignator=C37
Change Component Designator: OldDesignator=C26 NewDesignator=C18
Change Component Designator: OldDesignator=C27 NewDesignator=C19
Change Component Designator: OldDesignator=C28 NewDesignator=C20
Change Component Designator: OldDesignator=C29 NewDesignator=C21
Change Component Designator: OldDesignator=C30 NewDesignator=C22
Change Component Designator: OldDesignator=C31 NewDesignator=C23
Change Component Designator: OldDesignator=C32 NewDesignator=C24
Change Component Designator: OldDesignator=C33 NewDesignator=C25
Change Component Designator: OldDesignator=C34 NewDesignator=C26
Change Component Designator: OldDesignator=C35 NewDesignator=C27
Change Component Designator: OldDesignator=C36 NewDesignator=C35
Change Component Designator: OldDesignator=C37 NewDesignator=C36
Change Component Designator: OldDesignator=D2 NewDesignator=D4
Change Component Designator: OldDesignator=D3 NewDesignator=D5
Change Component Designator: OldDesignator=D4 NewDesignator=D6
Change Component Designator: OldDesignator=D5 NewDesignator=D7
Change Component Designator: OldDesignator=D6 NewDesignator=D8
Change Component Designator: OldDesignator=D7 NewDesignator=D2
Change Component Designator: OldDesignator=D8 NewDesignator=D3
Change Component Designator: OldDesignator=J9 NewDesignator=J14
Change Component Designator: OldDesignator=J10 NewDesignator=J15
Change Component Designator: OldDesignator=J11 NewDesignator=J16
Change Component Designator: OldDesignator=J12 NewDesignator=J17
Change Component Designator: OldDesignator=J13 NewDesignator=J18
Change Component Designator: OldDesignator=J14 NewDesignator=J19
Change Component Designator: OldDesignator=J15 NewDesignator=J20
Change Component Designator: OldDesignator=J16 NewDesignator=J21
Change Component Designator: OldDesignator=J17 NewDesignator=J22
Change Component Designator: OldDesignator=J18 NewDesignator=J23
Change Component Designator: OldDesignator=J19 NewDesignator=J24
Change Component Designator: OldDesignator=J20 NewDesignator=J25
Change Component Designator: OldDesignator=J21 NewDesignator=J26
Change Component Designator: OldDesignator=J22 NewDesignator=J27
Change Component Designator: OldDesignator=J23 NewDesignator=J28
Change Component Designator: OldDesignator=J24 NewDesignator=J29
Change Component Designator: OldDesignator=J25 NewDesignator=J9
Change Component Designator: OldDesignator=J26 NewDesignator=J10
Change Component Designator: OldDesignator=J27 NewDesignator=J11
Change Component Designator: OldDesignator=J28 NewDesignator=J12
Change Component Designator: OldDesignator=J29 NewDesignator=J13
Change Component Designator: OldDesignator=K1 NewDesignator=K3
Change Component Designator: OldDesignator=K2 NewDesignator=K4
Change Component Designator: OldDesignator=K3 NewDesignator=K5
Change Component Designator: OldDesignator=K4 NewDesignator=K8
Change Component Designator: OldDesignator=K5 NewDesignator=K1
Change Component Designator: OldDesignator=K6 NewDesignator=K2
Change Component Designator: OldDesignator=K7 NewDesignator=K6
Change Component Designator: OldDesignator=K8 NewDesignator=K7
Change Component Designator: OldDesignator=K10 NewDesignator=K12
Change Component Designator: OldDesignator=K11 NewDesignator=K13
Change Component Designator: OldDesignator=K12 NewDesignator=K16
Change Component Designator: OldDesignator=K13 NewDesignator=K10
Change Component Designator: OldDesignator=K14 NewDesignator=K11
Change Component Designator: OldDesignator=K15 NewDesignator=K14
Change Component Designator: OldDesignator=K16 NewDesignator=K15
Change Component Designator: OldDesignator=R52 NewDesignator=R60
Change Component Designator: OldDesignator=R53 NewDesignator=R61
Change Component Designator: OldDesignator=R54 NewDesignator=R62
Change Component Designator: OldDesignator=R55 NewDesignator=R63
Change Component Designator: OldDesignator=R56 NewDesignator=R66
Change Component Designator: OldDesignator=R57 NewDesignator=R67
Change Component Designator: OldDesignator=R58 NewDesignator=R68
Change Component Designator: OldDesignator=R59 NewDesignator=R69
Change Component Designator: OldDesignator=R60 NewDesignator=R70
Change Component Designator: OldDesignator=R61 NewDesignator=R71
Change Component Designator: OldDesignator=R62 NewDesignator=R72
Change Component Designator: OldDesignator=R63 NewDesignator=R52
Change Component Designator: OldDesignator=R64 NewDesignator=R53
Change Component Designator: OldDesignator=R65 NewDesignator=R54
Change Component Designator: OldDesignator=R66 NewDesignator=R55
Change Component Designator: OldDesignator=R67 NewDesignator=R56
Change Component Designator: OldDesignator=R68 NewDesignator=R57
Change Component Designator: OldDesignator=R69 NewDesignator=R58
Change Component Designator: OldDesignator=R70 NewDesignator=R59
Change Component Designator: OldDesignator=R71 NewDesignator=R64
Change Component Designator: OldDesignator=R72 NewDesignator=R65
Change Net Name : Old Net Name=NetC9_1 New Net Name=NetC8_1
Change Net Name : Old Net Name=NetC10_1 New Net Name=NetC9_1
Change Net Name : Old Net Name=NetC11_1 New Net Name=NetC10_1
Change Net Name : Old Net Name=NetC12_1 New Net Name=NetC11_1
Change Net Name : Old Net Name=NetC20_2 New Net Name=NetC30_2
Change Net Name : Old Net Name=NetC21_2 New Net Name=NetC31_2
Change Net Name : Old Net Name=NetC23_2 New Net Name=NetC33_2
Change Net Name : Old Net Name=NetC24_2 New Net Name=NetC34_2
Change Net Name : Old Net Name=NetC29_1 New Net Name=NetC21_1
Change Net Name : Old Net Name=NetC30_1 New Net Name=NetC22_1
Change Net Name : Old Net Name=NetC30_2 New Net Name=NetC22_2
Change Net Name : Old Net Name=NetC31_1 New Net Name=NetC23_1
Change Net Name : Old Net Name=NetC31_2 New Net Name=NetC23_2
Change Net Name : Old Net Name=NetC32_2 New Net Name=NetC24_2
Change Net Name : Old Net Name=NetC34_1 New Net Name=NetC26_1
Change Net Name : Old Net Name=NetD2_A New Net Name=NetD4_A
Change Net Name : Old Net Name=NetD3_A New Net Name=NetD5_A
Change Net Name : Old Net Name=NetD4_A New Net Name=NetD6_A
Change Net Name : Old Net Name=NetD5_A New Net Name=NetD7_A
Change Net Name : Old Net Name=NetD6_A New Net Name=NetD8_A
Change Net Name : Old Net Name=NetD7_K New Net Name=NetD2_K
Change Net Name : Old Net Name=NetD8_K New Net Name=NetD3_K
Change Net Name : Old Net Name=NetJ9_2 New Net Name=NetJ14_2
Change Net Name : Old Net Name=NetJ10_2 New Net Name=NetJ15_2
Change Net Name : Old Net Name=NetJ11_2 New Net Name=NetJ16_2
Change Net Name : Old Net Name=NetJ12_2 New Net Name=NetJ17_2
Change Net Name : Old Net Name=NetJ13_2 New Net Name=NetJ18_2
Change Net Name : Old Net Name=NetJ14_2 New Net Name=NetJ19_2
Change Net Name : Old Net Name=NetJ15_2 New Net Name=NetJ20_2
Change Net Name : Old Net Name=NetJ16_1 New Net Name=NetJ21_1
Change Net Name : Old Net Name=NetJ17_1 New Net Name=NetJ22_1
Change Net Name : Old Net Name=NetJ18_1 New Net Name=NetJ23_1
Change Net Name : Old Net Name=NetJ19_2 New Net Name=NetJ24_2
Change Net Name : Old Net Name=NetJ20_2 New Net Name=NetJ25_2
Change Net Name : Old Net Name=NetJ21_2 New Net Name=NetJ26_2
Change Net Name : Old Net Name=NetJ22_2 New Net Name=NetJ27_2
Change Net Name : Old Net Name=NetJ23_2 New Net Name=NetJ28_2
Change Net Name : Old Net Name=NetJ24_2 New Net Name=NetJ29_2
Change Net Name : Old Net Name=NetK2_3 New Net Name=NetK4_3
Change Net Name : Old Net Name=NetK2_5 New Net Name=NetK4_5
Change Net Name : Old Net Name=NetK2_7 New Net Name=NetK4_7
Change Net Name : Old Net Name=NetK2_9 New Net Name=NetK4_9
Change Net Name : Old Net Name=NetK2_11 New Net Name=NetK4_11
Change Net Name : Old Net Name=NetK14_2 New Net Name=NetK11_2
Change Net Name : Old Net Name=NetR68_2 New Net Name=NetR57_2
Change Net Name : Old Net Name=NetR71_1 New Net Name=NetR64_1
Change Net Name : Old Net Name=NetR72_1 New Net Name=NetR65_1
Added Class: Name=Top
Added Room: Name=Top
