Change Component Designator: OldDesignator=C18 NewDesignator=C21
Change Component Designator: OldDesignator=C19 NewDesignator=C22
Change Component Designator: OldDesignator=C20 NewDesignator=C23
Change Component Designator: OldDesignator=C21 NewDesignator=C24
Change Component Designator: OldDesignator=C22 NewDesignator=C25
Change Component Designator: OldDesignator=C23 NewDesignator=C26
Change Component Designator: OldDesignator=C24 NewDesignator=C27
Change Component Designator: OldDesignator=C25 NewDesignator=C28
Change Component Designator: OldDesignator=C26 NewDesignator=C29
Change Component Designator: OldDesignator=C27 NewDesignator=C30
Change Component Designator: OldDesignator=C28 NewDesignator=C31
Change Component Designator: OldDesignator=C29 NewDesignator=C32
Change Component Designator: OldDesignator=C30 NewDesignator=C33
Change Component Designator: OldDesignator=C31 NewDesignator=C34
Change Component Designator: OldDesignator=C32 NewDesignator=C35
Change Component Designator: OldDesignator=R2 NewDesignator=R3
Change Component Designator: OldDesignator=R3 NewDesignator=R4
Change Component Designator: OldDesignator=R4 NewDesignator=R2
Change Component Designator: OldDesignator=R5 NewDesignator=R7
Change Component Designator: OldDesignator=R6 NewDesignator=R8
Change Component Designator: OldDesignator=R7 NewDesignator=R6
Change Component Designator: OldDesignator=R8 NewDesignator=R11
Change Component Designator: OldDesignator=R9 NewDesignator=R10
Change Component Designator: OldDesignator=R10 NewDesignator=R13
Change Component Designator: OldDesignator=R11 NewDesignator=R15
Change Component Designator: OldDesignator=R12 NewDesignator=R14
Change Component Designator: OldDesignator=R13 NewDesignator=R18
Change Component Designator: OldDesignator=R14 NewDesignator=R19
Change Component Designator: OldDesignator=R15 NewDesignator=R17
Change Component Designator: OldDesignator=R16 NewDesignator=R22
Change Component Designator: OldDesignator=R17 NewDesignator=R21
Change Component Designator: OldDesignator=R18 NewDesignator=R25
Change Component Designator: OldDesignator=R19 NewDesignator=R24
Change Component Designator: OldDesignator=R20 NewDesignator=R28
Change Component Designator: OldDesignator=R21 NewDesignator=R27
Change Component Designator: OldDesignator=R22 NewDesignator=R31
Change Component Designator: OldDesignator=R23 NewDesignator=R30
Change Component Designator: OldDesignator=R24 NewDesignator=R34
Change Component Designator: OldDesignator=R25 NewDesignator=R33
Change Component Designator: OldDesignator=R26 NewDesignator=R37
Change Component Designator: OldDesignator=R27 NewDesignator=R36
Change Component Designator: OldDesignator=R28 NewDesignator=R40
Change Component Designator: OldDesignator=R29 NewDesignator=R39
Change Component Designator: OldDesignator=R30 NewDesignator=R43
Change Component Designator: OldDesignator=R31 NewDesignator=R42
Change Component Designator: OldDesignator=R32 NewDesignator=R45
Change Component Designator: OldDesignator=R33 NewDesignator=R46
Change Component Designator: OldDesignator=R34 NewDesignator=R47
Change Component Designator: OldDesignator=R35 NewDesignator=R48
Change Component Designator: OldDesignator=R36 NewDesignator=R49
Change Component Designator: OldDesignator=R37 NewDesignator=R50
Change Component Designator: OldDesignator=R38 NewDesignator=R51
Change Component Designator: OldDesignator=R39 NewDesignator=R52
Change Component Designator: OldDesignator=R40 NewDesignator=R53
Change Component Designator: OldDesignator=R41 NewDesignator=R54
Change Component Designator: OldDesignator=R42 NewDesignator=R55
Change Component Designator: OldDesignator=R43 NewDesignator=R56
Change Component Designator: OldDesignator=R44 NewDesignator=R57
Change Component Designator: OldDesignator=R45 NewDesignator=R58
Change Component Designator: OldDesignator=R46 NewDesignator=R59
Change Component Designator: OldDesignator=R47 NewDesignator=R60
Change Component Designator: OldDesignator=R48 NewDesignator=R61
Change Component Designator: OldDesignator=R49 NewDesignator=R62
Change Component Designator: OldDesignator=R50 NewDesignator=R63
Change Component Designator: OldDesignator=R51 NewDesignator=R64
Change Component Designator: OldDesignator=R52 NewDesignator=R65
Change Component Designator: OldDesignator=R53 NewDesignator=R5
Change Component Designator: OldDesignator=R54 NewDesignator=R9
Change Component Designator: OldDesignator=R55 NewDesignator=R12
Change Component Designator: OldDesignator=R56 NewDesignator=R16
Change Component Designator: OldDesignator=R57 NewDesignator=R20
Change Component Designator: OldDesignator=R58 NewDesignator=R23
Change Component Designator: OldDesignator=R59 NewDesignator=R26
Change Component Designator: OldDesignator=R60 NewDesignator=R29
Change Component Designator: OldDesignator=R61 NewDesignator=R32
Change Component Designator: OldDesignator=R62 NewDesignator=R35
Change Component Designator: OldDesignator=R63 NewDesignator=R38
Change Component Designator: OldDesignator=R64 NewDesignator=R41
Change Component Designator: OldDesignator=R65 NewDesignator=R44
Added Component: Designator=C18(1206C+_TANTAL-10u16V)
Added Component: Designator=C19(0603C-GENERIC)
Added Component: Designator=C20(1210C-GENERIC)
Added Component: Designator=TP1(TESTPOINT)
Added Component: Designator=TP2(TESTPOINT)
Added Component: Designator=TP3(TESTPOINT)
Added Component: Designator=TP4(TESTPOINT)
Added Component: Designator=TP5(TESTPOINT)
Added Component: Designator=TP6(TESTPOINT)
Added Component: Designator=TP7(TESTPOINT)
Added Component: Designator=TP8(TESTPOINT)
Added Component: Designator=TP9(TESTPOINT)
Added Component: Designator=TP10(TESTPOINT)
Added Component: Designator=TP11(TESTPOINT)
Added Component: Designator=TP12(TESTPOINT)
Added Component: Designator=TP13(TESTPOINT)
Added Component: Designator=TP14(TESTPOINT)
Added Component: Designator=TP15(TESTPOINT)
Added Component: Designator=TP16(TESTPOINT)
Added Component: Designator=TP17(TESTPOINT)
Added Component: Designator=TP18(TESTPOINT)
Added Component: Designator=TP19(TESTPOINT)
Added Component: Designator=TP20(TESTPOINT)
Added Component: Designator=TP21(TESTPOINT)
Added Component: Designator=TP22(TESTPOINT)
Added Component: Designator=TP23(TESTPOINT)
Added Component: Designator=TP24(TESTPOINT)
Added Component: Designator=TP25(TESTPOINT)
Added Component: Designator=TP26(TESTPOINT)
Added Component: Designator=TP27(TESTPOINT)
Added Component: Designator=TP28(TESTPOINT)
Added Pin To Net: NetName=3V3 Pin=C18-1
Added Pin To Net: NetName=GND Pin=C18-2
Added Pin To Net: NetName=GND Pin=C19-1
Added Pin To Net: NetName=3V3 Pin=C19-2
Added Pin To Net: NetName=3V3 Pin=C20-1
Added Pin To Net: NetName=GND Pin=C20-2
Added Pin To Net: NetName=NetTP1_1 Pin=TP1-1
Added Pin To Net: NetName=NetTP2_1 Pin=TP2-1
Added Pin To Net: NetName=NetTP3_1 Pin=TP3-1
Added Pin To Net: NetName=NetTP4_1 Pin=TP4-1
Added Pin To Net: NetName=NetTP5_1 Pin=TP5-1
Added Pin To Net: NetName=NetTP6_1 Pin=TP6-1
Added Pin To Net: NetName=NetTP7_1 Pin=TP7-1
Added Pin To Net: NetName=NetTP8_1 Pin=TP8-1
Added Pin To Net: NetName=NetTP9_1 Pin=TP9-1
Added Pin To Net: NetName=NetTP10_1 Pin=TP10-1
Added Pin To Net: NetName=NetTP11_1 Pin=TP11-1
Added Pin To Net: NetName=NetTP12_1 Pin=TP12-1
Added Pin To Net: NetName=NetTP13_1 Pin=TP13-1
Added Pin To Net: NetName=NetTP14_1 Pin=TP14-1
Added Pin To Net: NetName=NetTP15_1 Pin=TP15-1
Added Pin To Net: NetName=NetTP16_1 Pin=TP16-1
Added Pin To Net: NetName=NetTP17_1 Pin=TP17-1
Added Pin To Net: NetName=NetTP18_1 Pin=TP18-1
Added Pin To Net: NetName=NetTP19_1 Pin=TP19-1
Added Pin To Net: NetName=NetTP20_1 Pin=TP20-1
Added Pin To Net: NetName=NetTP21_1 Pin=TP21-1
Added Pin To Net: NetName=NetTP22_1 Pin=TP22-1
Added Pin To Net: NetName=NetTP23_1 Pin=TP23-1
Added Pin To Net: NetName=NetTP24_1 Pin=TP24-1
Added Pin To Net: NetName=NetTP25_1 Pin=TP25-1
Added Pin To Net: NetName=NetTP26_1 Pin=TP26-1
Added Pin To Net: NetName=NetTP27_1 Pin=TP27-1
Added Pin To Net: NetName=NetTP28_1 Pin=TP28-1
Change Net Name : Old Net Name=NetC26_2 New Net Name=NetC29_2
Change Net Name : Old Net Name=NetC27_2 New Net Name=NetC30_2
Change Net Name : Old Net Name=NetC28_1 New Net Name=NetC31_1
Change Net Name : Old Net Name=NetC29_1 New Net Name=NetC32_1
Change Net Name : Old Net Name=NetC30_2 New Net Name=NetC33_2
Change Net Name : Old Net Name=NetC31_2 New Net Name=NetC34_2
Change Net Name : Old Net Name=NetR2_2 New Net Name=NetR3_2
Change Net Name : Old Net Name=NetR5_1 New Net Name=NetR7_1
Change Net Name : Old Net Name=NetR37_1 New Net Name=NetR50_1
Change Net Name : Old Net Name=NetR44_1 New Net Name=NetR57_1
Added Member To Class: ClassName=General Overview Member=Component C33 100nF
Added Member To Class: ClassName=General Overview Member=Component C34 100nF
Added Member To Class: ClassName=General Overview Member=Component C35 100nF
Added Member To Class: ClassName=General Overview Member=Component M1 M
Added Member To Class: ClassName=General Overview Member=Component R4 0805-0R
Added Member To Class: ClassName=General Overview Member=Component R7 680R
Added Member To Class: ClassName=General Overview Member=Component R15 0805-0R
Added Member To Class: ClassName=General Overview Member=Component R17 1206R-0R
Added Member To Class: ClassName=General Overview Member=Component R19 0805-0R
Added Member To Class: ClassName=General Overview Member=Component R21 1206R-0R
Added Member To Class: ClassName=General Overview Member=Component R25 0805-0R
Added Member To Class: ClassName=General Overview Member=Component R27 1206R-0R
Added Member To Class: ClassName=General Overview Member=Component R31 0805-0R
Added Member To Class: ClassName=General Overview Member=Component R54 10K
Added Member To Class: ClassName=General Overview Member=Component R55 10K
Added Member To Class: ClassName=General Overview Member=Component R58 10K
Added Member To Class: ClassName=General Overview Member=Component R60 10K
Added Member To Class: ClassName=General Overview Member=Component TP1 Connector_Production Connectors_SMD_TESTPOINT
Added Member To Class: ClassName=General Overview Member=Component TP2 Connector_Production Connectors_SMD_TESTPOINT
Added Member To Class: ClassName=General Overview Member=Component TP3 Connector_Production Connectors_SMD_TESTPOINT
Added Member To Class: ClassName=General Overview Member=Component TP4 Connector_Production Connectors_SMD_TESTPOINT
Added Member To Class: ClassName=General Overview Member=Component TP5 Connector_Production Connectors_SMD_TESTPOINT
Added Member To Class: ClassName=General Overview Member=Component TP6 Connector_Production Connectors_SMD_TESTPOINT
Added Member To Class: ClassName=General Overview Member=Component TP7 Connector_Production Connectors_SMD_TESTPOINT
Added Member To Class: ClassName=General Overview Member=Component TP8 Connector_Production Connectors_SMD_TESTPOINT
Added Member To Class: ClassName=General Overview Member=Component TP9 Connector_Production Connectors_SMD_TESTPOINT
Added Member To Class: ClassName=General Overview Member=Component TP10 Connector_Production Connectors_SMD_TESTPOINT
Added Member To Class: ClassName=General Overview Member=Component TP11 Connector_Production Connectors_SMD_TESTPOINT
Added Member To Class: ClassName=General Overview Member=Component TP12 Connector_Production Connectors_SMD_TESTPOINT
Added Member To Class: ClassName=General Overview Member=Component TP13 Connector_Production Connectors_SMD_TESTPOINT
Added Member To Class: ClassName=General Overview Member=Component TP14 Connector_Production Connectors_SMD_TESTPOINT
Added Member To Class: ClassName=General Overview Member=Component TP15 Connector_Production Connectors_SMD_TESTPOINT
Added Member To Class: ClassName=General Overview Member=Component TP16 Connector_Production Connectors_SMD_TESTPOINT
Added Member To Class: ClassName=General Overview Member=Component TP17 Connector_Production Connectors_SMD_TESTPOINT
Added Member To Class: ClassName=General Overview Member=Component TP18 Connector_Production Connectors_SMD_TESTPOINT
Added Member To Class: ClassName=General Overview Member=Component TP19 Connector_Production Connectors_SMD_TESTPOINT
Added Member To Class: ClassName=General Overview Member=Component TP20 Connector_Production Connectors_SMD_TESTPOINT
Added Member To Class: ClassName=General Overview Member=Component TP21 Connector_Production Connectors_SMD_TESTPOINT
Added Member To Class: ClassName=General Overview Member=Component TP22 Connector_Production Connectors_SMD_TESTPOINT
Added Member To Class: ClassName=General Overview Member=Component TP23 Connector_Production Connectors_SMD_TESTPOINT
Added Member To Class: ClassName=General Overview Member=Component TP24 Connector_Production Connectors_SMD_TESTPOINT
Added Member To Class: ClassName=General Overview Member=Component TP25 Connector_Production Connectors_SMD_TESTPOINT
Added Member To Class: ClassName=General Overview Member=Component TP26 Connector_Production Connectors_SMD_TESTPOINT
Added Member To Class: ClassName=General Overview Member=Component TP27 Connector_Production Connectors_SMD_TESTPOINT
Added Member To Class: ClassName=General Overview Member=Component TP28 Connector_Production Connectors_SMD_TESTPOINT
