Removed Pin From Net: NetName=GND Pin=C35-1
Removed Pin From Net: NetName=NRST Pin=C35-2
Removed Pin From Net: NetName=INPUT0 Pin=R51-1
Removed Pin From Net: NetName=GND Pin=R51-2
Removed Pin From Net: NetName=INPUT3 Pin=R52-1
Removed Pin From Net: NetName=GND Pin=R52-2
Removed Pin From Net: NetName=INPUT4 Pin=R53-1
Removed Pin From Net: NetName=GND Pin=R53-2
Removed Pin From Net: NetName=INPUT1 Pin=R56-1
Removed Pin From Net: NetName=GND Pin=R56-2
Removed Pin From Net: NetName=INPUT2 Pin=R60-1
Removed Pin From Net: NetName=GND Pin=R60-2
Removed Pin From Net: NetName=INPUT5 Pin=R63-1
Removed Pin From Net: NetName=GND Pin=R63-2
Removed Pin From Net: NetName=INPUT3 Pin=SW2-1
Removed Pin From Net: NetName=INPUT4 Pin=SW3-1
Removed Pin From Net: NetName=INPUT1 Pin=SW4-1
Removed Pin From Net: NetName=INPUT2 Pin=SW5-1
Removed Member From Class: ClassName=General Overview Member=R51
Removed Member From Class: ClassName=General Overview Member=R52
Removed Member From Class: ClassName=General Overview Member=R53
Removed Member From Class: ClassName=General Overview Member=R55
Removed Member From Class: ClassName=General Overview Member=R56
Removed Member From Class: ClassName=General Overview Member=R60
Removed Member From Class: ClassName=General Overview Member=R61
Removed Member From Class: ClassName=General Overview Member=R63
Change Component Designator: OldDesignator=C1 NewDesignator=C2
Change Component Designator: OldDesignator=C2 NewDesignator=C3
Change Component Designator: OldDesignator=C3 NewDesignator=C4
Change Component Designator: OldDesignator=C4 NewDesignator=C5
Change Component Designator: OldDesignator=C5 NewDesignator=C6
Change Component Designator: OldDesignator=C6 NewDesignator=C7
Change Component Designator: OldDesignator=C7 NewDesignator=C8
Change Component Designator: OldDesignator=C8 NewDesignator=C9
Change Component Designator: OldDesignator=C9 NewDesignator=C10
Change Component Designator: OldDesignator=C10 NewDesignator=C11
Change Component Designator: OldDesignator=C11 NewDesignator=C13
Change Component Designator: OldDesignator=C12 NewDesignator=C14
Change Component Designator: OldDesignator=C13 NewDesignator=C15
Change Component Designator: OldDesignator=C14 NewDesignator=C16
Change Component Designator: OldDesignator=C15 NewDesignator=C17
Change Component Designator: OldDesignator=C16 NewDesignator=C18
Change Component Designator: OldDesignator=C17 NewDesignator=C22
Change Component Designator: OldDesignator=C18 NewDesignator=C19
Change Component Designator: OldDesignator=C19 NewDesignator=C20
Change Component Designator: OldDesignator=C20 NewDesignator=C21
Change Component Designator: OldDesignator=C21 NewDesignator=C23
Change Component Designator: OldDesignator=C22 NewDesignator=C24
Change Component Designator: OldDesignator=C23 NewDesignator=C25
Change Component Designator: OldDesignator=C24 NewDesignator=C26
Change Component Designator: OldDesignator=C25 NewDesignator=C27
Change Component Designator: OldDesignator=C26 NewDesignator=C28
Change Component Designator: OldDesignator=C27 NewDesignator=C29
Change Component Designator: OldDesignator=C28 NewDesignator=C30
Change Component Designator: OldDesignator=C29 NewDesignator=C31
Change Component Designator: OldDesignator=C30 NewDesignator=C32
Change Component Designator: OldDesignator=C31 NewDesignator=C33
Change Component Designator: OldDesignator=C32 NewDesignator=C34
Change Component Designator: OldDesignator=C33 NewDesignator=C35
Change Component Designator: OldDesignator=C34 NewDesignator=C36
Change Component Designator: OldDesignator=C36 NewDesignator=C12
Change Component Designator: OldDesignator=C37 NewDesignator=C1
Change Component Designator: OldDesignator=J10 NewDesignator=J11
Change Component Designator: OldDesignator=J11 NewDesignator=J10
Change Component Designator: OldDesignator=J12 NewDesignator=J13
Change Component Designator: OldDesignator=J13 NewDesignator=J12
Change Component Designator: OldDesignator=J14 NewDesignator=J16
Change Component Designator: OldDesignator=J15 NewDesignator=J14
Change Component Designator: OldDesignator=J16 NewDesignator=J15
Change Component Designator: OldDesignator=J17 NewDesignator=J18
Change Component Designator: OldDesignator=J18 NewDesignator=J17
Change Component Designator: OldDesignator=K3 NewDesignator=K4
Change Component Designator: OldDesignator=K4 NewDesignator=K5
Change Component Designator: OldDesignator=K5 NewDesignator=K6
Change Component Designator: OldDesignator=K6 NewDesignator=K7
Change Component Designator: OldDesignator=K7 NewDesignator=K8
Change Component Designator: OldDesignator=K8 NewDesignator=K9
Change Component Designator: OldDesignator=K9 NewDesignator=K10
Change Component Designator: OldDesignator=K10 NewDesignator=K11
Change Component Designator: OldDesignator=K11 NewDesignator=K12
Change Component Designator: OldDesignator=K12 NewDesignator=K13
Change Component Designator: OldDesignator=K13 NewDesignator=K14
Change Component Designator: OldDesignator=K14 NewDesignator=K15
Change Component Designator: OldDesignator=K15 NewDesignator=K16
Change Component Designator: OldDesignator=K16 NewDesignator=K3
Change Component Designator: OldDesignator=R2 NewDesignator=R8
Change Component Designator: OldDesignator=R3 NewDesignator=R2
Change Component Designator: OldDesignator=R4 NewDesignator=R3
Change Component Designator: OldDesignator=R5 NewDesignator=R4
Change Component Designator: OldDesignator=R6 NewDesignator=R18
Change Component Designator: OldDesignator=R7 NewDesignator=R5
Change Component Designator: OldDesignator=R8 NewDesignator=R6
Change Component Designator: OldDesignator=R9 NewDesignator=R7
Change Component Designator: OldDesignator=R10 NewDesignator=R22
Change Component Designator: OldDesignator=R11 NewDesignator=R25
Change Component Designator: OldDesignator=R12 NewDesignator=R27
Change Component Designator: OldDesignator=R13 NewDesignator=R9
Change Component Designator: OldDesignator=R14 NewDesignator=R24
Change Component Designator: OldDesignator=R15 NewDesignator=R29
Change Component Designator: OldDesignator=R17 NewDesignator=R26
Change Component Designator: OldDesignator=R18 NewDesignator=R13
Change Component Designator: OldDesignator=R21 NewDesignator=R28
Change Component Designator: OldDesignator=R24 NewDesignator=R12
Change Component Designator: OldDesignator=R24 NewDesignator=R16
Change Component Designator: OldDesignator=R27 NewDesignator=R10
Change Component Designator: OldDesignator=R30 NewDesignator=R11
Change Component Designator: OldDesignator=R31 NewDesignator=R17
Change Component Designator: OldDesignator=R33 NewDesignator=R14
Change Component Designator: OldDesignator=R34 NewDesignator=R19
Change Component Designator: OldDesignator=R36 NewDesignator=R15
Change Component Designator: OldDesignator=R37 NewDesignator=R20
Change Component Designator: OldDesignator=R40 NewDesignator=R21
Change Component Designator: OldDesignator=R43 NewDesignator=R23
Change Component Designator: OldDesignator=R45 NewDesignator=R30
Change Component Designator: OldDesignator=R46 NewDesignator=R31
Change Component Designator: OldDesignator=R47 NewDesignator=R32
Change Component Designator: OldDesignator=R48 NewDesignator=R33
Change Component Designator: OldDesignator=R49 NewDesignator=R34
Change Component Designator: OldDesignator=R50 NewDesignator=R35
Change Component Designator: OldDesignator=R54 NewDesignator=R39
Change Component Designator: OldDesignator=R55 NewDesignator=R40
Change Component Designator: OldDesignator=R57 NewDesignator=R43
Change Component Designator: OldDesignator=R58 NewDesignator=R42
Change Component Designator: OldDesignator=R59 NewDesignator=R44
Change Component Designator: OldDesignator=R61 NewDesignator=R46
Change Component Designator: OldDesignator=R62 NewDesignator=R47
Change Component Designator: OldDesignator=R64 NewDesignator=R49
Change Component Designator: OldDesignator=R65 NewDesignator=R50
Added Component: Designator=C37(0603C-GENERIC)
Added Component: Designator=R36(0805R-10K)
Added Component: Designator=R37(0805R-10K)
Added Component: Designator=R38(0805R-10K)
Added Component: Designator=R41(0805R-10K)
Added Component: Designator=R45(0805R-10K)
Added Component: Designator=R48(0805R-10K)
Added Pin To Net: NetName=GND Pin=C37-1
Added Pin To Net: NetName=NRST Pin=C37-2
Added Pin To Net: NetName=3V3 Pin=R12-1
Added Pin To Net: NetName=3V3 Pin=R12-2
Added Pin To Net: NetName=3V3 Pin=R16-1
Added Pin To Net: NetName=3V3 Pin=R16-2
Added Pin To Net: NetName=3V3 Pin=R18-1
Added Pin To Net: NetName=3V3 Pin=R18-2
Added Pin To Net: NetName=INPUT0 Pin=R36-1
Added Pin To Net: NetName=GND Pin=R36-2
Added Pin To Net: NetName=INPUT1 Pin=R37-1
Added Pin To Net: NetName=GND Pin=R37-2
Added Pin To Net: NetName=INPUT2 Pin=R38-1
Added Pin To Net: NetName=GND Pin=R38-2
Added Pin To Net: NetName=INPUT3 Pin=R41-1
Added Pin To Net: NetName=GND Pin=R41-2
Added Pin To Net: NetName=INPUT4 Pin=R45-1
Added Pin To Net: NetName=GND Pin=R45-2
Added Pin To Net: NetName=INPUT5 Pin=R48-1
Added Pin To Net: NetName=GND Pin=R48-2
Added Pin To Net: NetName=INPUT1 Pin=SW2-1
Added Pin To Net: NetName=INPUT2 Pin=SW3-1
Added Pin To Net: NetName=INPUT3 Pin=SW4-1
Added Pin To Net: NetName=INPUT4 Pin=SW5-1
Change Net Name : Old Net Name=NetC1_1 New Net Name=NetC2_1
Change Net Name : Old Net Name=NetC9_1 New Net Name=NetC10_1
Change Net Name : Old Net Name=NetC9_2 New Net Name=NetC10_2
Change Net Name : Old Net Name=NetC10_1 New Net Name=NetC11_1
Change Net Name : Old Net Name=NetC10_2 New Net Name=NetC11_2
Change Net Name : Old Net Name=NetC11_1 New Net Name=NetC13_1
Change Net Name : Old Net Name=NetC12_1 New Net Name=NetC14_1
Change Net Name : Old Net Name=NetC13_1 New Net Name=NetC15_1
Change Net Name : Old Net Name=NetC14_1 New Net Name=NetC16_1
Change Net Name : Old Net Name=NetC15_1 New Net Name=NetC17_1
Change Net Name : Old Net Name=NetC16_2 New Net Name=NetC18_2
Change Net Name : Old Net Name=NetC29_2 New Net Name=NetC31_2
Change Net Name : Old Net Name=NetC30_2 New Net Name=NetC32_2
Change Net Name : Old Net Name=NetC31_1 New Net Name=NetC33_1
Change Net Name : Old Net Name=NetC32_1 New Net Name=NetC34_1
Change Net Name : Old Net Name=NetC33_2 New Net Name=NetC35_2
Change Net Name : Old Net Name=NetC34_2 New Net Name=NetC36_2
Change Net Name : Old Net Name=NetJ10_2 New Net Name=NetJ11_2
Change Net Name : Old Net Name=NetJ12_2 New Net Name=NetJ13_2
Change Net Name : Old Net Name=NetJ14_2 New Net Name=NetJ16_2
Change Net Name : Old Net Name=NetJ17_2 New Net Name=NetJ18_2
Change Net Name : Old Net Name=NetK12_2 New Net Name=NetK13_2
Change Net Name : Old Net Name=NetK12_3 New Net Name=NetK13_3
Change Net Name : Old Net Name=NetR3_2 New Net Name=NetR2_2
Change Net Name : Old Net Name=NetR7_1 New Net Name=NetR5_1
Change Net Name : Old Net Name=NetR50_1 New Net Name=NetR35_1
Change Net Name : Old Net Name=NetR57_1 New Net Name=NetR43_1
Added Member To Class: ClassName=General Overview Member=Component R22 1206R-0R
Added Member To Class: ClassName=General Overview Member=Component R24 1206R-0R
Added Member To Class: ClassName=General Overview Member=Component R25 0805-0R
Added Member To Class: ClassName=General Overview Member=Component R26 1206R-0R
Added Member To Class: ClassName=General Overview Member=Component R28 1206R-0R
Added Member To Class: ClassName=General Overview Member=Component R29 0805-0R
Added Member To Class: ClassName=General Overview Member=Component R37 10K
Added Member To Class: ClassName=General Overview Member=Component R38 10K
Added Member To Class: ClassName=General Overview Member=Component R41 10K
