Change Component Description : Designator=U1 Old Description=ARM Cortex-M4 32-bit MCU+FPU, 210 DMIPS, 1024 kB Flash, 192 kB Internal RAM, 82 I/Os, 100-pin LQFP, -40 to 85 degC, Tray New Description=
Change Component Description : Designator=C3 Old Description=CAPACITOR 0603 CERAMIC New Description=
Change Component Description : Designator=C18 Old Description=CAPACITOR 0603 CERAMIC New Description=
Change Component Description : Designator=C1 Old Description=CAPACITOR 1210 CERAMIC VALUE TO BE DETERMINED New Description=
Change Component Description : Designator=C17 Old Description=CAPACITOR 1210 CERAMIC VALUE TO BE DETERMINED New Description=
Change Component Description : Designator=R44 Old Description=RESISTOR 0805 1/4 WATT THIN FILM New Description=
Change Component Description : Designator=R66 Old Description=RESISTOR 0805 1/4 WATT THIN FILM New Description=
Change Component Description : Designator=R67 Old Description=RESISTOR 0805 1/4 WATT THIN FILM New Description=
Change Component Description : Designator=R68 Old Description=RESISTOR 0805 1/4 WATT THIN FILM New Description=
Change Component Description : Designator=R69 Old Description=RESISTOR 0805 1/4 WATT THIN FILM New Description=
Change Component Description : Designator=R71 Old Description=RESISTOR 0805 1/4 WATT THIN FILM New Description=
Change Component Description : Designator=R2 Old Description=RESISTOR 0805 1 WATT New Description=
Change Component Description : Designator=R5 Old Description=RESISTOR 0805 1 WATT New Description=
Change Component Description : Designator=R6 Old Description=RESISTOR 0805 1 WATT New Description=
Change Component Description : Designator=R9 Old Description=RESISTOR 0805 1 WATT New Description=
Change Component Description : Designator=R10 Old Description=RESISTOR 0805 1 WATT New Description=
Change Component Description : Designator=R14 Old Description=RESISTOR 0805 1 WATT New Description=
Change Component Description : Designator=R16 Old Description=RESISTOR 0805 1 WATT New Description=
Change Component Description : Designator=R17 Old Description=RESISTOR 0805 1 WATT New Description=
Change Component Description : Designator=R19 Old Description=RESISTOR 0805 1 WATT New Description=
Change Component Description : Designator=R21 Old Description=RESISTOR 0805 1 WATT New Description=
Change Component Description : Designator=R23 Old Description=RESISTOR 0805 1 WATT New Description=
Change Component Description : Designator=R25 Old Description=RESISTOR 0805 1 WATT New Description=
Change Component Description : Designator=R41 Old Description=RESISTOR 0805 1 WATT New Description=
Change Component Description : Designator=R42 Old Description=RESISTOR 0805 1 WATT New Description=
Change Component Description : Designator=K11 Old Description=SMD Header 3x1 New Description=
