Added Component: Designator=CN1(SSD1306_128x64_OLED)
Added Component: Designator=M1(nRF24L01+_SMD)
Added Component: Designator=U2(SO8_N)
Added Component: Designator=VR1(SOT223)
Added Pin To Net: NetName=3V3 Pin=K1-1
Added Net: Name=3V3
Added Pin To Net: NetName=GND Pin=K1-5
Added Net: Name=GND
Added Pin To Net: NetName=NRST Pin=K1-4
Added Pin To Net: NetName=NRST Pin=U1-90
Added Net: Name=NRST
Added Pin To Net: NetName=SWCLK Pin=K1-3
Added Pin To Net: NetName=SWCLK Pin=U1-76
Added Net: Name=SWCLK
Added Pin To Net: NetName=SWDIO Pin=K1-2
Added Pin To Net: NetName=SWDIO Pin=U1-72
Added Net: Name=SWDIO
Added Member To Class: ClassName=General Overview Member=Component CN1 SSD1306_128x64_OLED
Added Member To Class: ClassName=General Overview Member=Component M1 Communication_ISM_nRF24L01+
Added Member To Class: ClassName=General Overview Member=Component U2 Lipo Battery Charger
Added Member To Class: ClassName=General Overview Member=Component VR1 LD1117-SOT223
