Removed Pin From Net: NetName=ENC2_A Pin=R24-1
Removed Pin From Net: NetName=ENC2_A Pin=R24-2
Removed Member From Class: ClassName=General Overview Member=R19
Removed Member From Class: ClassName=General Overview Member=R23
Removed Member From Class: ClassName=General Overview Member=R25
Removed Member From Class: ClassName=General Overview Member=R26
Change Component DesignItemId : Designator=R26 Old DesignItemId=1206R-0R New DesignItemId=0805R-0R
Change Component Footprint: Designator=R26 Old Footprint=1206R-GENERIC New Footprint=0805R-GENERIC
Change Component Comment : Designator=R26 Old Comment=1206R-0R New Comment=0805-0R
Change Component Designator: OldDesignator=C1 NewDesignator=C37
Change Component Designator: OldDesignator=C2 NewDesignator=C1
Change Component Designator: OldDesignator=C3 NewDesignator=C2
Change Component Designator: OldDesignator=C4 NewDesignator=C3
Change Component Designator: OldDesignator=C5 NewDesignator=C4
Change Component Designator: OldDesignator=C6 NewDesignator=C5
Change Component Designator: OldDesignator=C7 NewDesignator=C6
Change Component Designator: OldDesignator=C8 NewDesignator=C7
Change Component Designator: OldDesignator=C9 NewDesignator=C8
Change Component Designator: OldDesignator=C10 NewDesignator=C9
Change Component Designator: OldDesignator=C11 NewDesignator=C10
Change Component Designator: OldDesignator=C12 NewDesignator=C36
Change Component Designator: OldDesignator=C13 NewDesignator=C11
Change Component Designator: OldDesignator=C14 NewDesignator=C12
Change Component Designator: OldDesignator=C15 NewDesignator=C13
Change Component Designator: OldDesignator=C16 NewDesignator=C14
Change Component Designator: OldDesignator=C17 NewDesignator=C15
Change Component Designator: OldDesignator=C18 NewDesignator=C16
Change Component Designator: OldDesignator=C19 NewDesignator=C17
Change Component Designator: OldDesignator=C20 NewDesignator=C18
Change Component Designator: OldDesignator=C21 NewDesignator=C19
Change Component Designator: OldDesignator=C22 NewDesignator=C20
Change Component Designator: OldDesignator=C23 NewDesignator=C21
Change Component Designator: OldDesignator=C24 NewDesignator=C22
Change Component Designator: OldDesignator=C25 NewDesignator=C23
Change Component Designator: OldDesignator=C26 NewDesignator=C24
Change Component Designator: OldDesignator=C27 NewDesignator=C25
Change Component Designator: OldDesignator=C28 NewDesignator=C26
Change Component Designator: OldDesignator=C29 NewDesignator=C27
Change Component Designator: OldDesignator=C30 NewDesignator=C28
Change Component Designator: OldDesignator=C31 NewDesignator=C29
Change Component Designator: OldDesignator=C32 NewDesignator=C30
Change Component Designator: OldDesignator=C33 NewDesignator=C31
Change Component Designator: OldDesignator=C34 NewDesignator=C32
Change Component Designator: OldDesignator=C35 NewDesignator=C33
Change Component Designator: OldDesignator=C36 NewDesignator=C34
Change Component Designator: OldDesignator=C37 NewDesignator=C35
Change Component Designator: OldDesignator=K9 NewDesignator=K10
Change Component Designator: OldDesignator=K10 NewDesignator=K11
Change Component Designator: OldDesignator=K11 NewDesignator=K12
Change Component Designator: OldDesignator=K12 NewDesignator=K13
Change Component Designator: OldDesignator=K13 NewDesignator=K14
Change Component Designator: OldDesignator=K14 NewDesignator=K15
Change Component Designator: OldDesignator=R2 NewDesignator=R3
Change Component Designator: OldDesignator=R3 NewDesignator=R4
Change Component Designator: OldDesignator=R4 NewDesignator=R5
Change Component Designator: OldDesignator=R5 NewDesignator=R7
Change Component Designator: OldDesignator=R6 NewDesignator=R8
Change Component Designator: OldDesignator=R7 NewDesignator=R9
Change Component Designator: OldDesignator=R8 NewDesignator=R13
Change Component Designator: OldDesignator=R9 NewDesignator=R27
Change Component Designator: OldDesignator=R10 NewDesignator=R30
Change Component Designator: OldDesignator=R11 NewDesignator=R18
Change Component Designator: OldDesignator=R12 NewDesignator=R33
Change Component Designator: OldDesignator=R13 NewDesignator=R36
Change Component Designator: OldDesignator=R14 NewDesignator=R31
Change Component Designator: OldDesignator=R15 NewDesignator=R2
Change Component Designator: OldDesignator=R16 NewDesignator=R34
Change Component Designator: OldDesignator=R17 NewDesignator=R6
Change Component Designator: OldDesignator=R18 NewDesignator=R37
Change Component Designator: OldDesignator=R19 NewDesignator=R10
Change Component Designator: OldDesignator=R20 NewDesignator=R40
Change Component Designator: OldDesignator=R21 NewDesignator=R14
Change Component Designator: OldDesignator=R22 NewDesignator=R43
Change Component Designator: OldDesignator=R23 NewDesignator=R17
Change Component Designator: OldDesignator=R25 NewDesignator=R21
Change Component Designator: OldDesignator=R26 NewDesignator=R12
Change Component Designator: OldDesignator=R30 NewDesignator=R45
Change Component Designator: OldDesignator=R31 NewDesignator=R46
Change Component Designator: OldDesignator=R32 NewDesignator=R47
Change Component Designator: OldDesignator=R33 NewDesignator=R48
Change Component Designator: OldDesignator=R34 NewDesignator=R49
Change Component Designator: OldDesignator=R35 NewDesignator=R50
Change Component Designator: OldDesignator=R36 NewDesignator=R51
Change Component Designator: OldDesignator=R37 NewDesignator=R52
Change Component Designator: OldDesignator=R38 NewDesignator=R53
Change Component Designator: OldDesignator=R39 NewDesignator=R54
Change Component Designator: OldDesignator=R40 NewDesignator=R55
Change Component Designator: OldDesignator=R41 NewDesignator=R56
Change Component Designator: OldDesignator=R42 NewDesignator=R57
Change Component Designator: OldDesignator=R43 NewDesignator=R58
Change Component Designator: OldDesignator=R44 NewDesignator=R59
Change Component Designator: OldDesignator=R45 NewDesignator=R60
Change Component Designator: OldDesignator=R46 NewDesignator=R61
Change Component Designator: OldDesignator=R47 NewDesignator=R62
Change Component Designator: OldDesignator=R48 NewDesignator=R63
Change Component Designator: OldDesignator=R49 NewDesignator=R64
Change Component Designator: OldDesignator=R50 NewDesignator=R65
Added Component: Designator=R11(0805R-GENERIC)
Added Component: Designator=R15(0805R-GENERIC)
Added Component: Designator=R24(1206R-GENERIC)
Added Pin To Net: NetName=ENC2_A Pin=R11-1
Added Pin To Net: NetName=ENC2_A Pin=R11-2
Change Net Name : Old Net Name=NetC2_1 New Net Name=NetC1_1
Change Net Name : Old Net Name=NetC10_1 New Net Name=NetC9_1
Change Net Name : Old Net Name=NetC10_2 New Net Name=NetC9_2
Change Net Name : Old Net Name=NetC11_1 New Net Name=NetC10_1
Change Net Name : Old Net Name=NetC11_2 New Net Name=NetC10_2
Change Net Name : Old Net Name=NetC13_1 New Net Name=NetC11_1
Change Net Name : Old Net Name=NetC14_1 New Net Name=NetC12_1
Change Net Name : Old Net Name=NetC15_1 New Net Name=NetC13_1
Change Net Name : Old Net Name=NetC16_1 New Net Name=NetC14_1
Change Net Name : Old Net Name=NetC17_1 New Net Name=NetC15_1
Change Net Name : Old Net Name=NetC18_2 New Net Name=NetC16_2
Change Net Name : Old Net Name=NetC31_2 New Net Name=NetC29_2
Change Net Name : Old Net Name=NetC32_2 New Net Name=NetC30_2
Change Net Name : Old Net Name=NetC33_1 New Net Name=NetC31_1
Change Net Name : Old Net Name=NetC34_1 New Net Name=NetC32_1
Change Net Name : Old Net Name=NetC35_2 New Net Name=NetC33_2
Change Net Name : Old Net Name=NetC36_2 New Net Name=NetC34_2
Change Net Name : Old Net Name=NetK11_2 New Net Name=NetK12_2
Change Net Name : Old Net Name=NetK11_3 New Net Name=NetK12_3
Change Net Name : Old Net Name=NetR2_2 New Net Name=NetR3_2
Change Net Name : Old Net Name=NetR5_1 New Net Name=NetR7_1
Change Net Name : Old Net Name=NetR35_1 New Net Name=NetR50_1
Change Net Name : Old Net Name=NetR42_1 New Net Name=NetR57_1
Added Member To Class: ClassName=General Overview Member=Component R27 100K
Added Member To Class: ClassName=General Overview Member=Component R51 10K
Added Member To Class: ClassName=General Overview Member=Component R52 10K
Added Member To Class: ClassName=General Overview Member=Component R60 10K
Added Member To Class: ClassName=General Overview Member=Component R61 10K
Added Member To Class: ClassName=General Overview Member=Component R63 10K
